                                      1 ;--------------------------------------------------------
                                      2 ; File Created by SDCC : free open source ISO C Compiler
                                      3 ; Version 4.5.0 #15242 (Linux)
                                      4 ;--------------------------------------------------------
                                      5 	.module video
                                      6 	
                                      7 	.optsdcc -mz80 sdcccall(1)
                                      8 ;--------------------------------------------------------
                                      9 ; Public variables in this module
                                     10 ;--------------------------------------------------------
                                     11 	.globl _cpct_asicSetPalette
                                     12 	.globl _cpct_asicSetBorder
                                     13 	.globl _cpct_asicSetSpriteZoom
                                     14 	.globl _cpct_asicSetSpritePosition
                                     15 	.globl _cpct_setPALColour
                                     16 	.globl _cpct_setPalette
                                     17 	.globl _cpct_waitVSYNCStart
                                     18 	.globl _cpct_waitVSYNC
                                     19 	.globl _cpct_memset_f64
                                     20 	.globl _v_blank_screen_no_asic
                                     21 	.globl _v_blank_screen_mode_1
                                     22 	.globl _v_clear_screen
                                     23 	.globl _v_set_intro_ghost_sprite_pos
                                     24 	.globl _v_set_intro_roland_sprite_pos
                                     25 	.globl _v_set_title_roland_sprite_pos
                                     26 	.globl _v_set_made_cpctelera_sprite_pos
                                     27 	.globl _v_set_intro_spider_sprite_pos
                                     28 	.globl _v_set_intro_snowball_sprite_pos
                                     29 	.globl _v_spider_set_frame
                                     30 	.globl _v_snowball_set_frame
                                     31 ;--------------------------------------------------------
                                     32 ; special function registers
                                     33 ;--------------------------------------------------------
                                     34 ;--------------------------------------------------------
                                     35 ; ram data
                                     36 ;--------------------------------------------------------
                                     37 	.area _DATA
                                     38 ;--------------------------------------------------------
                                     39 ; ram data
                                     40 ;--------------------------------------------------------
                                     41 	.area _INITIALIZED
    00000000                         42 _v_pixel_scroll:
    00000000                         43 	.ds 1
    00000001                         44 _v_char_scroll:
    00000001                         45 	.ds 2
    00000003                         46 _last_frame:
    00000003                         47 	.ds 1
                                     48 ;--------------------------------------------------------
                                     49 ; absolute external ram data
                                     50 ;--------------------------------------------------------
                                     51 	.area _DABS (ABS)
                                     52 ;--------------------------------------------------------
                                     53 ; global & static initialisations
                                     54 ;--------------------------------------------------------
                                     55 	.area _HOME
                                     56 	.area _GSINIT
                                     57 	.area _GSFINAL
                                     58 	.area _GSINIT
                                     59 ;--------------------------------------------------------
                                     60 ; Home
                                     61 ;--------------------------------------------------------
                                     62 	.area _HOME
                                     63 	.area _HOME
                                     64 ;--------------------------------------------------------
                                     65 ; code
                                     66 ;--------------------------------------------------------
                                     67 	.area _CODE
                                     68 ;src/lib/video.c:24: void v_blank_screen_no_asic(void) {
                                     69 ;	---------------------------------
                                     70 ; Function v_blank_screen_no_asic
                                     71 ; ---------------------------------
    00000000                         72 _v_blank_screen_no_asic::
                                     73 ;src/lib/video.c:29: cpct_setPalette(black_palette, 4);
    00000000 11 04 00         [10]   74 	ld	de, #0x0004
    00000003 21r10r00         [10]   75 	ld	hl, #_v_blank_screen_no_asic_black_palette_10000_256
    00000006 CDr00r00         [17]   76 	call	_cpct_setPalette
                                     77 ;src/lib/video.c:30: cpct_setBorder(HW_BLACK);
    00000009 2E 14            [ 7]   78 	ld	l, #0x14
    0000000B 3E 10            [ 7]   79 	ld	a, #0x10
                                     80 ;src/lib/video.c:31: }
    0000000D C3r00r00         [10]   81 	jp	_cpct_setPALColour
    00000010                         82 _v_blank_screen_no_asic_black_palette_10000_256:
    00000010 14 00                   83 	.dw #0x0014
    00000012 14 00                   84 	.dw #0x0014
    00000014 14 00                   85 	.dw #0x0014
    00000016 14 00                   86 	.dw #0x0014
                                     87 ;src/lib/video.c:34: void v_blank_screen_mode_1(void) {
                                     88 ;	---------------------------------
                                     89 ; Function v_blank_screen_mode_1
                                     90 ; ---------------------------------
    00000018                         91 _v_blank_screen_mode_1::
                                     92 ;src/lib/video.c:40: cpct_waitVSYNC();
    00000018 CDr00r00         [17]   93 	call	_cpct_waitVSYNC
                                     94 ;src/lib/video.c:41: cpct_asicSetPalette(palette, 4);
    0000001B 11 04 00         [10]   95 	ld	de, #0x0004
    0000001E 21r2Ar00         [10]   96 	ld	hl, #_v_blank_screen_mode_1_palette_10000_258
    00000021 CDr00r00         [17]   97 	call	_cpct_asicSetPalette
                                     98 ;src/lib/video.c:42: cpct_asicSetBorder(cpctm_asicColor(15, 15, 15));
    00000024 21 FF 0F         [10]   99 	ld	hl, #0x0fff
                                    100 ;src/lib/video.c:43: }
    00000027 C3r00r00         [10]  101 	jp	_cpct_asicSetBorder
    0000002A                        102 _v_blank_screen_mode_1_palette_10000_258:
    0000002A FF 0F                  103 	.dw #0x0fff
    0000002C FF 0F                  104 	.dw #0x0fff
    0000002E FF 0F                  105 	.dw #0x0fff
    00000030 FF 0F                  106 	.dw #0x0fff
                                    107 ;src/lib/video.c:46: void v_clear_screen(void) {
                                    108 ;	---------------------------------
                                    109 ; Function v_clear_screen
                                    110 ; ---------------------------------
    00000032                        111 _v_clear_screen::
                                    112 ;src/lib/video.c:48: cpct_waitVSYNCStart();
    00000032 CDr00r00         [17]  113 	call	_cpct_waitVSYNCStart
                                    114 ;src/lib/video.c:49: cpct_clearScreen_f64(0);
    00000035 21 00 40         [10]  115 	ld	hl, #0x4000
    00000038 E5               [11]  116 	push	hl
    00000039 11 00 00         [10]  117 	ld	de, #0x0000
    0000003C 26 C0            [ 7]  118 	ld	h, #0xc0
    0000003E CDr00r00         [17]  119 	call	_cpct_memset_f64
                                    120 ;src/lib/video.c:50: }
    00000041 C9               [10]  121 	ret
                                    122 ;src/lib/video.c:116: void v_set_intro_ghost_sprite_pos(i16 x_m2, i16 y, bool reversed) {
                                    123 ;	---------------------------------
                                    124 ; Function v_set_intro_ghost_sprite_pos
                                    125 ; ---------------------------------
    00000042                        126 _v_set_intro_ghost_sprite_pos::
    00000042 DD E5            [15]  127 	push	ix
    00000044 DD 21 00 00      [14]  128 	ld	ix,#0
    00000048 DD 39            [15]  129 	add	ix,sp
    0000004A F5               [11]  130 	push	af
    0000004B F5               [11]  131 	push	af
    0000004C 3B               [ 6]  132 	dec	sp
    0000004D DD 75 FE         [19]  133 	ld	-2 (ix), l
    00000050 DD 74 FF         [19]  134 	ld	-1 (ix), h
                                    135 ;src/lib/video.c:120: y += g_ghost_bob.y_off;
    00000053 3Ar01r00         [13]  136 	ld	a, (#(_g_ghost_bob + 1) + 0)
    00000056 6F               [ 4]  137 	ld	l, a
    00000057 07               [ 4]  138 	rlca
    00000058 9F               [ 4]  139 	sbc	a, a
    00000059 67               [ 4]  140 	ld	h, a
    0000005A 19               [11]  141 	add	hl, de
    0000005B DD 75 FC         [19]  142 	ld	-4 (ix), l
    0000005E DD 74 FD         [19]  143 	ld	-3 (ix), h
                                    144 ;src/lib/video.c:122: for (u8 row = 0; row < 3; row++) {
    00000061 0E 00            [ 7]  145 	ld	c, #0x00
    00000063                        146 00107$:
    00000063 79               [ 4]  147 	ld	a, c
    00000064 D6 03            [ 7]  148 	sub	a, #0x03
    00000066 30 54            [12]  149 	jr	NC, 00109$
                                    150 ;src/lib/video.c:123: for (u8 col = 0; col < 3; col++) {
    00000068 06 00            [ 7]  151 	ld	b, #0x00
    0000006A                        152 00104$:
    0000006A 78               [ 4]  153 	ld	a, b
    0000006B D6 03            [ 7]  154 	sub	a, #0x03
    0000006D 30 4A            [12]  155 	jr	NC, 00108$
                                    156 ;src/lib/video.c:125: u8 tile_col = reversed ? (2 - col) : col;
    0000006F DD CB 04 46      [20]  157 	bit	0, 4 (ix)
    00000073 28 07            [12]  158 	jr	Z, 00111$
    00000075 58               [ 4]  159 	ld	e, b
    00000076 3E 02            [ 7]  160 	ld	a, #0x02
    00000078 93               [ 4]  161 	sub	a, e
    00000079 57               [ 4]  162 	ld	d, a
    0000007A 18 01            [12]  163 	jr	00112$
    0000007C                        164 00111$:
    0000007C 50               [ 4]  165 	ld	d, b
    0000007D                        166 00112$:
                                    167 ;src/lib/video.c:126: u8 spr_idx = (row * 3) + tile_col;
    0000007D 79               [ 4]  168 	ld	a, c
    0000007E 5F               [ 4]  169 	ld	e, a
    0000007F 87               [ 4]  170 	add	a, a
    00000080 83               [ 4]  171 	add	a, e
    00000081 5A               [ 4]  172 	ld	e, d
    00000082 83               [ 4]  173 	add	a, e
    00000083 DD 77 FB         [19]  174 	ld	-5 (ix), a
                                    175 ;src/lib/video.c:129: spr_idx, x_m2 + (col << 5), y + (row << 4));
    00000086 69               [ 4]  176 	ld	l, c
    00000087 26 00            [ 7]  177 	ld	h, #0x00
    00000089 29               [11]  178 	add	hl, hl
    0000008A 29               [11]  179 	add	hl, hl
    0000008B 29               [11]  180 	add	hl, hl
    0000008C 29               [11]  181 	add	hl, hl
    0000008D E5               [11]  182 	push	hl
    0000008E FD E1            [14]  183 	pop	iy
    00000090 DD 5E FC         [19]  184 	ld	e, -4 (ix)
    00000093 DD 56 FD         [19]  185 	ld	d, -3 (ix)
    00000096 FD 19            [15]  186 	add	iy, de
    00000098 68               [ 4]  187 	ld	l, b
    00000099 26 00            [ 7]  188 	ld	h, #0x00
    0000009B 29               [11]  189 	add	hl, hl
    0000009C 29               [11]  190 	add	hl, hl
    0000009D 29               [11]  191 	add	hl, hl
    0000009E 29               [11]  192 	add	hl, hl
    0000009F 29               [11]  193 	add	hl, hl
    000000A0 7D               [ 4]  194 	ld	a, l
    000000A1 DD 86 FE         [19]  195 	add	a, -2 (ix)
    000000A4 5F               [ 4]  196 	ld	e, a
    000000A5 7C               [ 4]  197 	ld	a, h
    000000A6 DD 8E FF         [19]  198 	adc	a, -1 (ix)
    000000A9 57               [ 4]  199 	ld	d, a
    000000AA DD 6E FB         [19]  200 	ld	l, -5 (ix)
    000000AD 26 00            [ 7]  201 	ld	h, #0x00
    000000AF C5               [11]  202 	push	bc
    000000B0 FD E5            [15]  203 	push	iy
    000000B2 CDr00r00         [17]  204 	call	_cpct_asicSetSpritePosition
    000000B5 C1               [10]  205 	pop	bc
                                    206 ;src/lib/video.c:123: for (u8 col = 0; col < 3; col++) {
    000000B6 04               [ 4]  207 	inc	b
    000000B7 18 B1            [12]  208 	jr	00104$
    000000B9                        209 00108$:
                                    210 ;src/lib/video.c:122: for (u8 row = 0; row < 3; row++) {
    000000B9 0C               [ 4]  211 	inc	c
    000000BA 18 A7            [12]  212 	jr	00107$
    000000BC                        213 00109$:
                                    214 ;src/lib/video.c:132: }
    000000BC DD F9            [10]  215 	ld	sp, ix
    000000BE DD E1            [14]  216 	pop	ix
    000000C0 E1               [10]  217 	pop	hl
    000000C1 33               [ 6]  218 	inc	sp
    000000C2 E9               [ 4]  219 	jp	(hl)
                                    220 ;src/lib/video.c:134: void v_set_intro_roland_sprite_pos(i16 x_m2, i16 y, bool reversed) {
                                    221 ;	---------------------------------
                                    222 ; Function v_set_intro_roland_sprite_pos
                                    223 ; ---------------------------------
    000000C3                        224 _v_set_intro_roland_sprite_pos::
    000000C3 DD E5            [15]  225 	push	ix
    000000C5 DD 21 00 00      [14]  226 	ld	ix,#0
    000000C9 DD 39            [15]  227 	add	ix,sp
    000000CB F5               [11]  228 	push	af
    000000CC F5               [11]  229 	push	af
    000000CD 3B               [ 6]  230 	dec	sp
    000000CE DD 75 FE         [19]  231 	ld	-2 (ix), l
    000000D1 DD 74 FF         [19]  232 	ld	-1 (ix), h
    000000D4 DD 73 FC         [19]  233 	ld	-4 (ix), e
    000000D7 DD 72 FD         [19]  234 	ld	-3 (ix), d
                                    235 ;src/lib/video.c:136: for (u8 row = 0; row < 2; row++) {
    000000DA 0E 00            [ 7]  236 	ld	c, #0x00
    000000DC                        237 00107$:
    000000DC 79               [ 4]  238 	ld	a, c
    000000DD D6 02            [ 7]  239 	sub	a, #0x02
    000000DF 30 51            [12]  240 	jr	NC, 00109$
                                    241 ;src/lib/video.c:137: for (u8 col = 0; col < 2; col++) {
    000000E1 06 00            [ 7]  242 	ld	b, #0x00
    000000E3                        243 00104$:
    000000E3 78               [ 4]  244 	ld	a, b
    000000E4 D6 02            [ 7]  245 	sub	a, #0x02
    000000E6 30 47            [12]  246 	jr	NC, 00108$
                                    247 ;src/lib/video.c:139: u8 tile_col = reversed ? (1 - col) : col;
    000000E8 DD CB 04 46      [20]  248 	bit	0, 4 (ix)
    000000EC 28 07            [12]  249 	jr	Z, 00111$
    000000EE 58               [ 4]  250 	ld	e, b
    000000EF 3E 01            [ 7]  251 	ld	a, #0x01
    000000F1 93               [ 4]  252 	sub	a, e
    000000F2 5F               [ 4]  253 	ld	e, a
    000000F3 18 01            [12]  254 	jr	00112$
    000000F5                        255 00111$:
    000000F5 58               [ 4]  256 	ld	e, b
    000000F6                        257 00112$:
                                    258 ;src/lib/video.c:140: u8 spr_idx = (row * 2) + tile_col;
    000000F6 79               [ 4]  259 	ld	a, c
    000000F7 87               [ 4]  260 	add	a, a
    000000F8 83               [ 4]  261 	add	a, e
    000000F9 DD 77 FB         [19]  262 	ld	-5 (ix), a
                                    263 ;src/lib/video.c:143: spr_idx, x_m2 + (col << 5), y + (row << 4));
    000000FC 69               [ 4]  264 	ld	l, c
    000000FD 26 00            [ 7]  265 	ld	h, #0x00
    000000FF 29               [11]  266 	add	hl, hl
    00000100 29               [11]  267 	add	hl, hl
    00000101 29               [11]  268 	add	hl, hl
    00000102 29               [11]  269 	add	hl, hl
    00000103 E5               [11]  270 	push	hl
    00000104 FD E1            [14]  271 	pop	iy
    00000106 DD 5E FC         [19]  272 	ld	e, -4 (ix)
    00000109 DD 56 FD         [19]  273 	ld	d, -3 (ix)
    0000010C FD 19            [15]  274 	add	iy, de
    0000010E 68               [ 4]  275 	ld	l, b
    0000010F 26 00            [ 7]  276 	ld	h, #0x00
    00000111 29               [11]  277 	add	hl, hl
    00000112 29               [11]  278 	add	hl, hl
    00000113 29               [11]  279 	add	hl, hl
    00000114 29               [11]  280 	add	hl, hl
    00000115 29               [11]  281 	add	hl, hl
    00000116 7D               [ 4]  282 	ld	a, l
    00000117 DD 86 FE         [19]  283 	add	a, -2 (ix)
    0000011A 5F               [ 4]  284 	ld	e, a
    0000011B 7C               [ 4]  285 	ld	a, h
    0000011C DD 8E FF         [19]  286 	adc	a, -1 (ix)
    0000011F 57               [ 4]  287 	ld	d, a
    00000120 DD 6E FB         [19]  288 	ld	l, -5 (ix)
    00000123 26 00            [ 7]  289 	ld	h, #0x00
    00000125 C5               [11]  290 	push	bc
    00000126 FD E5            [15]  291 	push	iy
    00000128 CDr00r00         [17]  292 	call	_cpct_asicSetSpritePosition
    0000012B C1               [10]  293 	pop	bc
                                    294 ;src/lib/video.c:137: for (u8 col = 0; col < 2; col++) {
    0000012C 04               [ 4]  295 	inc	b
    0000012D 18 B4            [12]  296 	jr	00104$
    0000012F                        297 00108$:
                                    298 ;src/lib/video.c:136: for (u8 row = 0; row < 2; row++) {
    0000012F 0C               [ 4]  299 	inc	c
    00000130 18 AA            [12]  300 	jr	00107$
    00000132                        301 00109$:
                                    302 ;src/lib/video.c:146: }
    00000132 DD F9            [10]  303 	ld	sp, ix
    00000134 DD E1            [14]  304 	pop	ix
    00000136 E1               [10]  305 	pop	hl
    00000137 33               [ 6]  306 	inc	sp
    00000138 E9               [ 4]  307 	jp	(hl)
                                    308 ;src/lib/video.c:148: void v_set_title_roland_sprite_pos(i16 x_m2, i16 y, bool reversed) {
                                    309 ;	---------------------------------
                                    310 ; Function v_set_title_roland_sprite_pos
                                    311 ; ---------------------------------
    00000139                        312 _v_set_title_roland_sprite_pos::
    00000139 DD E5            [15]  313 	push	ix
    0000013B DD 21 00 00      [14]  314 	ld	ix,#0
    0000013F DD 39            [15]  315 	add	ix,sp
    00000141 F5               [11]  316 	push	af
    00000142 F5               [11]  317 	push	af
    00000143 3B               [ 6]  318 	dec	sp
    00000144 DD 75 FE         [19]  319 	ld	-2 (ix), l
    00000147 DD 74 FF         [19]  320 	ld	-1 (ix), h
    0000014A DD 73 FC         [19]  321 	ld	-4 (ix), e
    0000014D DD 72 FD         [19]  322 	ld	-3 (ix), d
                                    323 ;src/lib/video.c:150: for (u8 row = 0; row < 2; row++) {
    00000150 0E 00            [ 7]  324 	ld	c, #0x00
    00000152                        325 00107$:
    00000152 79               [ 4]  326 	ld	a, c
    00000153 D6 02            [ 7]  327 	sub	a, #0x02
    00000155 30 51            [12]  328 	jr	NC, 00109$
                                    329 ;src/lib/video.c:151: for (u8 col = 0; col < 2; col++) {
    00000157 06 00            [ 7]  330 	ld	b, #0x00
    00000159                        331 00104$:
    00000159 78               [ 4]  332 	ld	a, b
    0000015A D6 02            [ 7]  333 	sub	a, #0x02
    0000015C 30 47            [12]  334 	jr	NC, 00108$
                                    335 ;src/lib/video.c:153: u8 tile_col = reversed ? (1 - col) : col;
    0000015E DD CB 04 46      [20]  336 	bit	0, 4 (ix)
    00000162 28 07            [12]  337 	jr	Z, 00111$
    00000164 58               [ 4]  338 	ld	e, b
    00000165 3E 01            [ 7]  339 	ld	a, #0x01
    00000167 93               [ 4]  340 	sub	a, e
    00000168 5F               [ 4]  341 	ld	e, a
    00000169 18 01            [12]  342 	jr	00112$
    0000016B                        343 00111$:
    0000016B 58               [ 4]  344 	ld	e, b
    0000016C                        345 00112$:
                                    346 ;src/lib/video.c:154: u8 spr_idx = HW_SPRITE_TITLE_ROLAND_START +
    0000016C 79               [ 4]  347 	ld	a, c
    0000016D 87               [ 4]  348 	add	a, a
    0000016E 83               [ 4]  349 	add	a, e
    0000016F DD 77 FB         [19]  350 	ld	-5 (ix), a
                                    351 ;src/lib/video.c:158: spr_idx, x_m2 + (col << 5), y + (row << 4));
    00000172 69               [ 4]  352 	ld	l, c
    00000173 26 00            [ 7]  353 	ld	h, #0x00
    00000175 29               [11]  354 	add	hl, hl
    00000176 29               [11]  355 	add	hl, hl
    00000177 29               [11]  356 	add	hl, hl
    00000178 29               [11]  357 	add	hl, hl
    00000179 E5               [11]  358 	push	hl
    0000017A FD E1            [14]  359 	pop	iy
    0000017C DD 5E FC         [19]  360 	ld	e, -4 (ix)
    0000017F DD 56 FD         [19]  361 	ld	d, -3 (ix)
    00000182 FD 19            [15]  362 	add	iy, de
    00000184 68               [ 4]  363 	ld	l, b
    00000185 26 00            [ 7]  364 	ld	h, #0x00
    00000187 29               [11]  365 	add	hl, hl
    00000188 29               [11]  366 	add	hl, hl
    00000189 29               [11]  367 	add	hl, hl
    0000018A 29               [11]  368 	add	hl, hl
    0000018B 29               [11]  369 	add	hl, hl
    0000018C 7D               [ 4]  370 	ld	a, l
    0000018D DD 86 FE         [19]  371 	add	a, -2 (ix)
    00000190 5F               [ 4]  372 	ld	e, a
    00000191 7C               [ 4]  373 	ld	a, h
    00000192 DD 8E FF         [19]  374 	adc	a, -1 (ix)
    00000195 57               [ 4]  375 	ld	d, a
    00000196 DD 6E FB         [19]  376 	ld	l, -5 (ix)
    00000199 26 00            [ 7]  377 	ld	h, #0x00
    0000019B C5               [11]  378 	push	bc
    0000019C FD E5            [15]  379 	push	iy
    0000019E CDr00r00         [17]  380 	call	_cpct_asicSetSpritePosition
    000001A1 C1               [10]  381 	pop	bc
                                    382 ;src/lib/video.c:151: for (u8 col = 0; col < 2; col++) {
    000001A2 04               [ 4]  383 	inc	b
    000001A3 18 B4            [12]  384 	jr	00104$
    000001A5                        385 00108$:
                                    386 ;src/lib/video.c:150: for (u8 row = 0; row < 2; row++) {
    000001A5 0C               [ 4]  387 	inc	c
    000001A6 18 AA            [12]  388 	jr	00107$
    000001A8                        389 00109$:
                                    390 ;src/lib/video.c:161: }
    000001A8 DD F9            [10]  391 	ld	sp, ix
    000001AA DD E1            [14]  392 	pop	ix
    000001AC E1               [10]  393 	pop	hl
    000001AD 33               [ 6]  394 	inc	sp
    000001AE E9               [ 4]  395 	jp	(hl)
                                    396 ;src/lib/video.c:163: void v_set_made_cpctelera_sprite_pos(i16 x_m2, i16 y, bool reversed) {
                                    397 ;	---------------------------------
                                    398 ; Function v_set_made_cpctelera_sprite_pos
                                    399 ; ---------------------------------
    000001AF                        400 _v_set_made_cpctelera_sprite_pos::
    000001AF DD E5            [15]  401 	push	ix
    000001B1 DD 21 00 00      [14]  402 	ld	ix,#0
    000001B5 DD 39            [15]  403 	add	ix,sp
    000001B7 F5               [11]  404 	push	af
    000001B8 F5               [11]  405 	push	af
    000001B9 3B               [ 6]  406 	dec	sp
    000001BA DD 75 FE         [19]  407 	ld	-2 (ix), l
    000001BD DD 74 FF         [19]  408 	ld	-1 (ix), h
    000001C0 DD 73 FC         [19]  409 	ld	-4 (ix), e
    000001C3 DD 72 FD         [19]  410 	ld	-3 (ix), d
                                    411 ;src/lib/video.c:167: for (u8 row = 0; row < 4; row++) {
    000001C6 0E 00            [ 7]  412 	ld	c, #0x00
    000001C8                        413 00107$:
    000001C8 79               [ 4]  414 	ld	a, c
    000001C9 D6 04            [ 7]  415 	sub	a, #0x04
    000001CB 30 52            [12]  416 	jr	NC, 00109$
                                    417 ;src/lib/video.c:168: for (u8 col = 0; col < 4; col++) {
    000001CD 06 00            [ 7]  418 	ld	b, #0x00
    000001CF                        419 00104$:
    000001CF 78               [ 4]  420 	ld	a, b
    000001D0 D6 04            [ 7]  421 	sub	a, #0x04
    000001D2 30 48            [12]  422 	jr	NC, 00108$
                                    423 ;src/lib/video.c:170: u8 tile_col = reversed ? (3 - col) : col;
    000001D4 DD CB 04 46      [20]  424 	bit	0, 4 (ix)
    000001D8 28 07            [12]  425 	jr	Z, 00111$
    000001DA 58               [ 4]  426 	ld	e, b
    000001DB 3E 03            [ 7]  427 	ld	a, #0x03
    000001DD 93               [ 4]  428 	sub	a, e
    000001DE 5F               [ 4]  429 	ld	e, a
    000001DF 18 01            [12]  430 	jr	00112$
    000001E1                        431 00111$:
    000001E1 58               [ 4]  432 	ld	e, b
    000001E2                        433 00112$:
                                    434 ;src/lib/video.c:171: u8 spr_idx = (row * 4) + tile_col;
    000001E2 79               [ 4]  435 	ld	a, c
    000001E3 87               [ 4]  436 	add	a, a
    000001E4 87               [ 4]  437 	add	a, a
    000001E5 83               [ 4]  438 	add	a, e
    000001E6 DD 77 FB         [19]  439 	ld	-5 (ix), a
                                    440 ;src/lib/video.c:174: spr_idx, x_m2 + (col << 5), y + (row << 4));
    000001E9 69               [ 4]  441 	ld	l, c
    000001EA 26 00            [ 7]  442 	ld	h, #0x00
    000001EC 29               [11]  443 	add	hl, hl
    000001ED 29               [11]  444 	add	hl, hl
    000001EE 29               [11]  445 	add	hl, hl
    000001EF 29               [11]  446 	add	hl, hl
    000001F0 E5               [11]  447 	push	hl
    000001F1 FD E1            [14]  448 	pop	iy
    000001F3 DD 5E FC         [19]  449 	ld	e, -4 (ix)
    000001F6 DD 56 FD         [19]  450 	ld	d, -3 (ix)
    000001F9 FD 19            [15]  451 	add	iy, de
    000001FB 68               [ 4]  452 	ld	l, b
    000001FC 26 00            [ 7]  453 	ld	h, #0x00
    000001FE 29               [11]  454 	add	hl, hl
    000001FF 29               [11]  455 	add	hl, hl
    00000200 29               [11]  456 	add	hl, hl
    00000201 29               [11]  457 	add	hl, hl
    00000202 29               [11]  458 	add	hl, hl
    00000203 7D               [ 4]  459 	ld	a, l
    00000204 DD 86 FE         [19]  460 	add	a, -2 (ix)
    00000207 5F               [ 4]  461 	ld	e, a
    00000208 7C               [ 4]  462 	ld	a, h
    00000209 DD 8E FF         [19]  463 	adc	a, -1 (ix)
    0000020C 57               [ 4]  464 	ld	d, a
    0000020D DD 6E FB         [19]  465 	ld	l, -5 (ix)
    00000210 26 00            [ 7]  466 	ld	h, #0x00
    00000212 C5               [11]  467 	push	bc
    00000213 FD E5            [15]  468 	push	iy
    00000215 CDr00r00         [17]  469 	call	_cpct_asicSetSpritePosition
    00000218 C1               [10]  470 	pop	bc
                                    471 ;src/lib/video.c:168: for (u8 col = 0; col < 4; col++) {
    00000219 04               [ 4]  472 	inc	b
    0000021A 18 B3            [12]  473 	jr	00104$
    0000021C                        474 00108$:
                                    475 ;src/lib/video.c:167: for (u8 row = 0; row < 4; row++) {
    0000021C 0C               [ 4]  476 	inc	c
    0000021D 18 A9            [12]  477 	jr	00107$
    0000021F                        478 00109$:
                                    479 ;src/lib/video.c:177: }
    0000021F DD F9            [10]  480 	ld	sp, ix
    00000221 DD E1            [14]  481 	pop	ix
    00000223 E1               [10]  482 	pop	hl
    00000224 33               [ 6]  483 	inc	sp
    00000225 E9               [ 4]  484 	jp	(hl)
                                    485 ;src/lib/video.c:180: void v_set_intro_spider_sprite_pos(i16 x_m2, i16 y, bool reversed) {
                                    486 ;	---------------------------------
                                    487 ; Function v_set_intro_spider_sprite_pos
                                    488 ; ---------------------------------
    00000226                        489 _v_set_intro_spider_sprite_pos::
    00000226 DD E5            [15]  490 	push	ix
    00000228 DD 21 00 00      [14]  491 	ld	ix,#0
    0000022C DD 39            [15]  492 	add	ix,sp
    0000022E FD 21 F7 FF      [14]  493 	ld	iy, #-9
    00000232 FD 39            [15]  494 	add	iy, sp
    00000234 FD F9            [10]  495 	ld	sp, iy
    00000236 DD 75 FD         [19]  496 	ld	-3 (ix), l
    00000239 DD 74 FE         [19]  497 	ld	-2 (ix), h
    0000023C DD 73 FB         [19]  498 	ld	-5 (ix), e
    0000023F DD 72 FC         [19]  499 	ld	-4 (ix), d
                                    500 ;src/lib/video.c:187: for (u8 frame = 0; frame < SPIDER_FRAMES; frame++) {
    00000242 DD 7E FD         [19]  501 	ld	a, -3 (ix)
    00000245 C6 20            [ 7]  502 	add	a, #0x20
    00000247 DD 77 F7         [19]  503 	ld	-9 (ix), a
    0000024A DD 7E FE         [19]  504 	ld	a, -2 (ix)
    0000024D CE 00            [ 7]  505 	adc	a, #0x00
    0000024F DD 77 F8         [19]  506 	ld	-8 (ix), a
    00000252 DD 7E FB         [19]  507 	ld	a, -5 (ix)
    00000255 C6 10            [ 7]  508 	add	a, #0x10
    00000257 DD 77 F9         [19]  509 	ld	-7 (ix), a
    0000025A DD 7E FC         [19]  510 	ld	a, -4 (ix)
    0000025D CE 00            [ 7]  511 	adc	a, #0x00
    0000025F DD 77 FA         [19]  512 	ld	-6 (ix), a
    00000262 DD 36 FF 00      [19]  513 	ld	-1 (ix), #0x00
    00000266                        514 00103$:
    00000266 DD 7E FF         [19]  515 	ld	a, -1 (ix)
    00000269 D6 03            [ 7]  516 	sub	a, #0x03
    0000026B 30 70            [12]  517 	jr	NC, 00105$
                                    518 ;src/lib/video.c:198: const u8 *s = spider_frame_sprites[frame];
    0000026D DD 6E FF         [19]  519 	ld	l, -1 (ix)
    00000270 26 00            [ 7]  520 	ld	h, #0x00
    00000272 29               [11]  521 	add	hl, hl
    00000273 29               [11]  522 	add	hl, hl
    00000274 11rE4r02         [10]  523 	ld	de, #_v_set_intro_spider_sprite_pos_spider_frame_sprites_10001_287
    00000277 19               [11]  524 	add	hl, de
    00000278 4D               [ 4]  525 	ld	c, l
    00000279 44               [ 4]  526 	ld	b, h
                                    527 ;src/lib/video.c:200: cpct_asicSetSpritePosition(s[0], x_m2 + 0, y + 0);
    0000027A 0A               [ 7]  528 	ld	a, (bc)
    0000027B 26 00            [ 7]  529 	ld	h, #0x00
    0000027D C5               [11]  530 	push	bc
    0000027E DD 5E FB         [19]  531 	ld	e, -5 (ix)
    00000281 DD 56 FC         [19]  532 	ld	d, -4 (ix)
    00000284 D5               [11]  533 	push	de
    00000285 DD 5E FD         [19]  534 	ld	e, -3 (ix)
    00000288 DD 56 FE         [19]  535 	ld	d, -2 (ix)
    0000028B 6F               [ 4]  536 	ld	l, a
    0000028C CDr00r00         [17]  537 	call	_cpct_asicSetSpritePosition
    0000028F C1               [10]  538 	pop	bc
                                    539 ;src/lib/video.c:201: cpct_asicSetSpritePosition(s[1], x_m2 + 32, y + 0);
    00000290 69               [ 4]  540 	ld	l, c
    00000291 60               [ 4]  541 	ld	h, b
    00000292 23               [ 6]  542 	inc	hl
    00000293 6E               [ 7]  543 	ld	l, (hl)
    00000294 26 00            [ 7]  544 	ld	h, #0x00
    00000296 C5               [11]  545 	push	bc
    00000297 DD 5E FB         [19]  546 	ld	e, -5 (ix)
    0000029A DD 56 FC         [19]  547 	ld	d, -4 (ix)
    0000029D D5               [11]  548 	push	de
    0000029E DD 5E F7         [19]  549 	ld	e, -9 (ix)
    000002A1 DD 56 F8         [19]  550 	ld	d, -8 (ix)
    000002A4 CDr00r00         [17]  551 	call	_cpct_asicSetSpritePosition
    000002A7 C1               [10]  552 	pop	bc
                                    553 ;src/lib/video.c:202: cpct_asicSetSpritePosition(s[2], x_m2 + 0, y + 16);
    000002A8 69               [ 4]  554 	ld	l, c
    000002A9 60               [ 4]  555 	ld	h, b
    000002AA 23               [ 6]  556 	inc	hl
    000002AB 23               [ 6]  557 	inc	hl
    000002AC 6E               [ 7]  558 	ld	l, (hl)
    000002AD 26 00            [ 7]  559 	ld	h, #0x00
    000002AF C5               [11]  560 	push	bc
    000002B0 DD 5E F9         [19]  561 	ld	e, -7 (ix)
    000002B3 DD 56 FA         [19]  562 	ld	d, -6 (ix)
    000002B6 D5               [11]  563 	push	de
    000002B7 DD 5E FD         [19]  564 	ld	e, -3 (ix)
    000002BA DD 56 FE         [19]  565 	ld	d, -2 (ix)
    000002BD CDr00r00         [17]  566 	call	_cpct_asicSetSpritePosition
    000002C0 C1               [10]  567 	pop	bc
                                    568 ;src/lib/video.c:203: cpct_asicSetSpritePosition(s[3], x_m2 + 32, y + 16);
    000002C1 21 03 00         [10]  569 	ld	hl, #3
    000002C4 09               [11]  570 	add	hl, bc
    000002C5 6E               [ 7]  571 	ld	l, (hl)
    000002C6 26 00            [ 7]  572 	ld	h, #0x00
    000002C8 DD 5E F9         [19]  573 	ld	e, -7 (ix)
    000002CB DD 56 FA         [19]  574 	ld	d, -6 (ix)
    000002CE D5               [11]  575 	push	de
    000002CF DD 5E F7         [19]  576 	ld	e, -9 (ix)
    000002D2 DD 56 F8         [19]  577 	ld	d, -8 (ix)
    000002D5 CDr00r00         [17]  578 	call	_cpct_asicSetSpritePosition
                                    579 ;src/lib/video.c:187: for (u8 frame = 0; frame < SPIDER_FRAMES; frame++) {
    000002D8 DD 34 FF         [23]  580 	inc	-1 (ix)
    000002DB 18 89            [12]  581 	jr	00103$
    000002DD                        582 00105$:
                                    583 ;src/lib/video.c:205: }
    000002DD DD F9            [10]  584 	ld	sp, ix
    000002DF DD E1            [14]  585 	pop	ix
    000002E1 E1               [10]  586 	pop	hl
    000002E2 33               [ 6]  587 	inc	sp
    000002E3 E9               [ 4]  588 	jp	(hl)
    000002E4                        589 _v_set_intro_spider_sprite_pos_spider_frame_sprites_10001_287:
    000002E4 00                     590 	.db #0x00	; 0
    000002E5 01                     591 	.db #0x01	; 1
    000002E6 06                     592 	.db #0x06	; 6
    000002E7 07                     593 	.db #0x07	; 7
    000002E8 02                     594 	.db #0x02	; 2
    000002E9 03                     595 	.db #0x03	; 3
    000002EA 08                     596 	.db #0x08	; 8
    000002EB 09                     597 	.db #0x09	; 9
    000002EC 04                     598 	.db #0x04	; 4
    000002ED 05                     599 	.db #0x05	; 5
    000002EE 0A                     600 	.db #0x0a	; 10
    000002EF 0B                     601 	.db #0x0b	; 11
                                    602 ;src/lib/video.c:208: void v_set_intro_snowball_sprite_pos(i16 x_m2, i16 y, bool reversed) {
                                    603 ;	---------------------------------
                                    604 ; Function v_set_intro_snowball_sprite_pos
                                    605 ; ---------------------------------
    000002F0                        606 _v_set_intro_snowball_sprite_pos::
    000002F0 DD E5            [15]  607 	push	ix
    000002F2 DD 21 00 00      [14]  608 	ld	ix,#0
    000002F6 DD 39            [15]  609 	add	ix,sp
    000002F8 FD 21 F7 FF      [14]  610 	ld	iy, #-9
    000002FC FD 39            [15]  611 	add	iy, sp
    000002FE FD F9            [10]  612 	ld	sp, iy
    00000300 DD 75 FD         [19]  613 	ld	-3 (ix), l
    00000303 DD 74 FE         [19]  614 	ld	-2 (ix), h
    00000306 DD 73 FB         [19]  615 	ld	-5 (ix), e
    00000309 DD 72 FC         [19]  616 	ld	-4 (ix), d
                                    617 ;src/lib/video.c:217: for (u8 frame = 0; frame < SNOWBALL_FRAMES; frame++) {
    0000030C DD 7E FD         [19]  618 	ld	a, -3 (ix)
    0000030F C6 20            [ 7]  619 	add	a, #0x20
    00000311 DD 77 F7         [19]  620 	ld	-9 (ix), a
    00000314 DD 7E FE         [19]  621 	ld	a, -2 (ix)
    00000317 CE 00            [ 7]  622 	adc	a, #0x00
    00000319 DD 77 F8         [19]  623 	ld	-8 (ix), a
    0000031C DD 7E FB         [19]  624 	ld	a, -5 (ix)
    0000031F C6 10            [ 7]  625 	add	a, #0x10
    00000321 DD 77 F9         [19]  626 	ld	-7 (ix), a
    00000324 DD 7E FC         [19]  627 	ld	a, -4 (ix)
    00000327 CE 00            [ 7]  628 	adc	a, #0x00
    00000329 DD 77 FA         [19]  629 	ld	-6 (ix), a
    0000032C DD 36 FF 00      [19]  630 	ld	-1 (ix), #0x00
    00000330                        631 00103$:
    00000330 DD 7E FF         [19]  632 	ld	a, -1 (ix)
    00000333 D6 04            [ 7]  633 	sub	a, #0x04
    00000335 30 70            [12]  634 	jr	NC, 00105$
                                    635 ;src/lib/video.c:228: const u8 *s = snowball_frame_sprites[frame];
    00000337 DD 6E FF         [19]  636 	ld	l, -1 (ix)
    0000033A 26 00            [ 7]  637 	ld	h, #0x00
    0000033C 29               [11]  638 	add	hl, hl
    0000033D 29               [11]  639 	add	hl, hl
    0000033E 11rAEr03         [10]  640 	ld	de, #_v_set_intro_snowball_sprite_pos_snowball_frame_sprites_10001_292
    00000341 19               [11]  641 	add	hl, de
    00000342 4D               [ 4]  642 	ld	c, l
    00000343 44               [ 4]  643 	ld	b, h
                                    644 ;src/lib/video.c:230: cpct_asicSetSpritePosition(s[0], x_m2 + 0, y + 0);
    00000344 0A               [ 7]  645 	ld	a, (bc)
    00000345 26 00            [ 7]  646 	ld	h, #0x00
    00000347 C5               [11]  647 	push	bc
    00000348 DD 5E FB         [19]  648 	ld	e, -5 (ix)
    0000034B DD 56 FC         [19]  649 	ld	d, -4 (ix)
    0000034E D5               [11]  650 	push	de
    0000034F DD 5E FD         [19]  651 	ld	e, -3 (ix)
    00000352 DD 56 FE         [19]  652 	ld	d, -2 (ix)
    00000355 6F               [ 4]  653 	ld	l, a
    00000356 CDr00r00         [17]  654 	call	_cpct_asicSetSpritePosition
    00000359 C1               [10]  655 	pop	bc
                                    656 ;src/lib/video.c:231: cpct_asicSetSpritePosition(s[1], x_m2 + 32, y + 0);
    0000035A 69               [ 4]  657 	ld	l, c
    0000035B 60               [ 4]  658 	ld	h, b
    0000035C 23               [ 6]  659 	inc	hl
    0000035D 6E               [ 7]  660 	ld	l, (hl)
    0000035E 26 00            [ 7]  661 	ld	h, #0x00
    00000360 C5               [11]  662 	push	bc
    00000361 DD 5E FB         [19]  663 	ld	e, -5 (ix)
    00000364 DD 56 FC         [19]  664 	ld	d, -4 (ix)
    00000367 D5               [11]  665 	push	de
    00000368 DD 5E F7         [19]  666 	ld	e, -9 (ix)
    0000036B DD 56 F8         [19]  667 	ld	d, -8 (ix)
    0000036E CDr00r00         [17]  668 	call	_cpct_asicSetSpritePosition
    00000371 C1               [10]  669 	pop	bc
                                    670 ;src/lib/video.c:232: cpct_asicSetSpritePosition(s[2], x_m2 + 0, y + 16);
    00000372 69               [ 4]  671 	ld	l, c
    00000373 60               [ 4]  672 	ld	h, b
    00000374 23               [ 6]  673 	inc	hl
    00000375 23               [ 6]  674 	inc	hl
    00000376 6E               [ 7]  675 	ld	l, (hl)
    00000377 26 00            [ 7]  676 	ld	h, #0x00
    00000379 C5               [11]  677 	push	bc
    0000037A DD 5E F9         [19]  678 	ld	e, -7 (ix)
    0000037D DD 56 FA         [19]  679 	ld	d, -6 (ix)
    00000380 D5               [11]  680 	push	de
    00000381 DD 5E FD         [19]  681 	ld	e, -3 (ix)
    00000384 DD 56 FE         [19]  682 	ld	d, -2 (ix)
    00000387 CDr00r00         [17]  683 	call	_cpct_asicSetSpritePosition
    0000038A C1               [10]  684 	pop	bc
                                    685 ;src/lib/video.c:233: cpct_asicSetSpritePosition(s[3], x_m2 + 32, y + 16);
    0000038B 21 03 00         [10]  686 	ld	hl, #3
    0000038E 09               [11]  687 	add	hl, bc
    0000038F 6E               [ 7]  688 	ld	l, (hl)
    00000390 26 00            [ 7]  689 	ld	h, #0x00
    00000392 DD 5E F9         [19]  690 	ld	e, -7 (ix)
    00000395 DD 56 FA         [19]  691 	ld	d, -6 (ix)
    00000398 D5               [11]  692 	push	de
    00000399 DD 5E F7         [19]  693 	ld	e, -9 (ix)
    0000039C DD 56 F8         [19]  694 	ld	d, -8 (ix)
    0000039F CDr00r00         [17]  695 	call	_cpct_asicSetSpritePosition
                                    696 ;src/lib/video.c:217: for (u8 frame = 0; frame < SNOWBALL_FRAMES; frame++) {
    000003A2 DD 34 FF         [23]  697 	inc	-1 (ix)
    000003A5 18 89            [12]  698 	jr	00103$
    000003A7                        699 00105$:
                                    700 ;src/lib/video.c:235: }
    000003A7 DD F9            [10]  701 	ld	sp, ix
    000003A9 DD E1            [14]  702 	pop	ix
    000003AB E1               [10]  703 	pop	hl
    000003AC 33               [ 6]  704 	inc	sp
    000003AD E9               [ 4]  705 	jp	(hl)
    000003AE                        706 _v_set_intro_snowball_sprite_pos_snowball_frame_sprites_10001_292:
    000003AE 00                     707 	.db #0x00	; 0
    000003AF 01                     708 	.db #0x01	; 1
    000003B0 08                     709 	.db #0x08	; 8
    000003B1 09                     710 	.db #0x09	; 9
    000003B2 02                     711 	.db #0x02	; 2
    000003B3 03                     712 	.db #0x03	; 3
    000003B4 0A                     713 	.db #0x0a	; 10
    000003B5 0B                     714 	.db #0x0b	; 11
    000003B6 04                     715 	.db #0x04	; 4
    000003B7 05                     716 	.db #0x05	; 5
    000003B8 0C                     717 	.db #0x0c	; 12
    000003B9 0D                     718 	.db #0x0d	; 13
    000003BA 06                     719 	.db #0x06	; 6
    000003BB 07                     720 	.db #0x07	; 7
    000003BC 0E                     721 	.db #0x0e	; 14
    000003BD 0F                     722 	.db #0x0f	; 15
                                    723 ;src/lib/video.c:270: void v_spider_set_frame(u8 frame) {
                                    724 ;	---------------------------------
                                    725 ; Function v_spider_set_frame
                                    726 ; ---------------------------------
    000003BE                        727 _v_spider_set_frame::
    000003BE 4F               [ 4]  728 	ld	c, a
                                    729 ;src/lib/video.c:275: if (frame == last_frame)
                                    730 ;src/lib/video.c:276: return;
                                    731 ;src/lib/video.c:279: if (last_frame != 0xFF) {
    000003BF 3Ar03r00         [13]  732 	ld	a,(_last_frame+0)
    000003C2 B9               [ 4]  733 	cp	a,c
    000003C3 C8               [11]  734 	ret	Z
    000003C4 3C               [ 4]  735 	inc	a
    000003C5 28 26            [12]  736 	jr	Z, 00120$
                                    737 ;src/lib/video.c:280: for (u8 i = 0; i < 4; i++)
    000003C7 06 00            [ 7]  738 	ld	b, #0x00
    000003C9                        739 00108$:
    000003C9 78               [ 4]  740 	ld	a, b
    000003CA D6 04            [ 7]  741 	sub	a, #0x04
    000003CC 30 1F            [12]  742 	jr	NC, 00120$
                                    743 ;src/lib/video.c:282: spider_frame_sprites[last_frame][i], 0, 0);
    000003CE 3Ar03r00         [13]  744 	ld	a, (_last_frame)
    000003D1 6F               [ 4]  745 	ld	l, a
    000003D2 26 00            [ 7]  746 	ld	h, #0x00
    000003D4 29               [11]  747 	add	hl, hl
    000003D5 29               [11]  748 	add	hl, hl
    000003D6 11r15r04         [10]  749 	ld	de, #_v_spider_set_frame_spider_frame_sprites_10000_296
    000003D9 19               [11]  750 	add	hl, de
    000003DA 58               [ 4]  751 	ld	e, b
    000003DB 16 00            [ 7]  752 	ld	d, #0x00
    000003DD 19               [11]  753 	add	hl, de
    000003DE 6E               [ 7]  754 	ld	l, (hl)
    000003DF 26 00            [ 7]  755 	ld	h, #0x00
    000003E1 C5               [11]  756 	push	bc
    000003E2 11 00 00         [10]  757 	ld	de, #0x00
    000003E5 D5               [11]  758 	push	de
    000003E6 CDr00r00         [17]  759 	call	_cpct_asicSetSpriteZoom
    000003E9 C1               [10]  760 	pop	bc
                                    761 ;src/lib/video.c:280: for (u8 i = 0; i < 4; i++)
    000003EA 04               [ 4]  762 	inc	b
    000003EB 18 DC            [12]  763 	jr	00108$
                                    764 ;src/lib/video.c:286: for (u8 i = 0; i < 4; i++)
    000003ED                        765 00120$:
    000003ED 06 00            [ 7]  766 	ld	b, #0x00
    000003EF                        767 00111$:
    000003EF 78               [ 4]  768 	ld	a, b
    000003F0 D6 04            [ 7]  769 	sub	a, #0x04
    000003F2 30 1C            [12]  770 	jr	NC, 00106$
                                    771 ;src/lib/video.c:287: cpct_asicSetSpriteZoom(spider_frame_sprites[frame][i], 2, 1);
    000003F4 69               [ 4]  772 	ld	l, c
    000003F5 26 00            [ 7]  773 	ld	h, #0x00
    000003F7 29               [11]  774 	add	hl, hl
    000003F8 29               [11]  775 	add	hl, hl
    000003F9 11r15r04         [10]  776 	ld	de, #_v_spider_set_frame_spider_frame_sprites_10000_296
    000003FC 19               [11]  777 	add	hl, de
    000003FD 58               [ 4]  778 	ld	e, b
    000003FE 16 00            [ 7]  779 	ld	d, #0x00
    00000400 19               [11]  780 	add	hl, de
    00000401 6E               [ 7]  781 	ld	l, (hl)
    00000402 26 00            [ 7]  782 	ld	h, #0x00
    00000404 C5               [11]  783 	push	bc
    00000405 11 02 01         [10]  784 	ld	de, #0x102
    00000408 D5               [11]  785 	push	de
    00000409 CDr00r00         [17]  786 	call	_cpct_asicSetSpriteZoom
    0000040C C1               [10]  787 	pop	bc
                                    788 ;src/lib/video.c:286: for (u8 i = 0; i < 4; i++)
    0000040D 04               [ 4]  789 	inc	b
    0000040E 18 DF            [12]  790 	jr	00111$
    00000410                        791 00106$:
                                    792 ;src/lib/video.c:289: last_frame = frame;
    00000410 21r03r00         [10]  793 	ld	hl, #_last_frame
    00000413 71               [ 7]  794 	ld	(hl), c
                                    795 ;src/lib/video.c:290: }
    00000414 C9               [10]  796 	ret
    00000415                        797 _v_spider_set_frame_spider_frame_sprites_10000_296:
    00000415 00                     798 	.db #0x00	; 0
    00000416 01                     799 	.db #0x01	; 1
    00000417 06                     800 	.db #0x06	; 6
    00000418 07                     801 	.db #0x07	; 7
    00000419 02                     802 	.db #0x02	; 2
    0000041A 03                     803 	.db #0x03	; 3
    0000041B 08                     804 	.db #0x08	; 8
    0000041C 09                     805 	.db #0x09	; 9
    0000041D 04                     806 	.db #0x04	; 4
    0000041E 05                     807 	.db #0x05	; 5
    0000041F 0A                     808 	.db #0x0a	; 10
    00000420 0B                     809 	.db #0x0b	; 11
                                    810 ;src/lib/video.c:292: void v_snowball_set_frame(u8 frame) {
                                    811 ;	---------------------------------
                                    812 ; Function v_snowball_set_frame
                                    813 ; ---------------------------------
    00000421                        814 _v_snowball_set_frame::
    00000421 4F               [ 4]  815 	ld	c, a
                                    816 ;src/lib/video.c:297: if (frame == last_frame)
                                    817 ;src/lib/video.c:298: return;
                                    818 ;src/lib/video.c:301: if (last_frame != 0xFF) {
    00000422 3Ar03r00         [13]  819 	ld	a,(_last_frame+0)
    00000425 B9               [ 4]  820 	cp	a,c
    00000426 C8               [11]  821 	ret	Z
    00000427 3C               [ 4]  822 	inc	a
    00000428 28 26            [12]  823 	jr	Z, 00120$
                                    824 ;src/lib/video.c:302: for (u8 i = 0; i < 5; i++)
    0000042A 06 00            [ 7]  825 	ld	b, #0x00
    0000042C                        826 00108$:
    0000042C 78               [ 4]  827 	ld	a, b
    0000042D D6 05            [ 7]  828 	sub	a, #0x05
    0000042F 30 1F            [12]  829 	jr	NC, 00120$
                                    830 ;src/lib/video.c:304: snowball_frame_sprites[last_frame][i], 0, 0);
    00000431 3Ar03r00         [13]  831 	ld	a, (_last_frame)
    00000434 6F               [ 4]  832 	ld	l, a
    00000435 26 00            [ 7]  833 	ld	h, #0x00
    00000437 29               [11]  834 	add	hl, hl
    00000438 29               [11]  835 	add	hl, hl
    00000439 11r78r04         [10]  836 	ld	de, #_v_snowball_set_frame_snowball_frame_sprites_10000_301
    0000043C 19               [11]  837 	add	hl, de
    0000043D 58               [ 4]  838 	ld	e, b
    0000043E 16 00            [ 7]  839 	ld	d, #0x00
    00000440 19               [11]  840 	add	hl, de
    00000441 6E               [ 7]  841 	ld	l, (hl)
    00000442 26 00            [ 7]  842 	ld	h, #0x00
    00000444 C5               [11]  843 	push	bc
    00000445 11 00 00         [10]  844 	ld	de, #0x00
    00000448 D5               [11]  845 	push	de
    00000449 CDr00r00         [17]  846 	call	_cpct_asicSetSpriteZoom
    0000044C C1               [10]  847 	pop	bc
                                    848 ;src/lib/video.c:302: for (u8 i = 0; i < 5; i++)
    0000044D 04               [ 4]  849 	inc	b
    0000044E 18 DC            [12]  850 	jr	00108$
                                    851 ;src/lib/video.c:308: for (u8 i = 0; i < 5; i++)
    00000450                        852 00120$:
    00000450 06 00            [ 7]  853 	ld	b, #0x00
    00000452                        854 00111$:
    00000452 78               [ 4]  855 	ld	a, b
    00000453 D6 05            [ 7]  856 	sub	a, #0x05
    00000455 30 1C            [12]  857 	jr	NC, 00106$
                                    858 ;src/lib/video.c:309: cpct_asicSetSpriteZoom(snowball_frame_sprites[frame][i], 2, 1);
    00000457 69               [ 4]  859 	ld	l, c
    00000458 26 00            [ 7]  860 	ld	h, #0x00
    0000045A 29               [11]  861 	add	hl, hl
    0000045B 29               [11]  862 	add	hl, hl
    0000045C 11r78r04         [10]  863 	ld	de, #_v_snowball_set_frame_snowball_frame_sprites_10000_301
    0000045F 19               [11]  864 	add	hl, de
    00000460 58               [ 4]  865 	ld	e, b
    00000461 16 00            [ 7]  866 	ld	d, #0x00
    00000463 19               [11]  867 	add	hl, de
    00000464 6E               [ 7]  868 	ld	l, (hl)
    00000465 26 00            [ 7]  869 	ld	h, #0x00
    00000467 C5               [11]  870 	push	bc
    00000468 11 02 01         [10]  871 	ld	de, #0x102
    0000046B D5               [11]  872 	push	de
    0000046C CDr00r00         [17]  873 	call	_cpct_asicSetSpriteZoom
    0000046F C1               [10]  874 	pop	bc
                                    875 ;src/lib/video.c:308: for (u8 i = 0; i < 5; i++)
    00000470 04               [ 4]  876 	inc	b
    00000471 18 DF            [12]  877 	jr	00111$
    00000473                        878 00106$:
                                    879 ;src/lib/video.c:311: last_frame = frame;
    00000473 21r03r00         [10]  880 	ld	hl, #_last_frame
    00000476 71               [ 7]  881 	ld	(hl), c
                                    882 ;src/lib/video.c:312: }
    00000477 C9               [10]  883 	ret
    00000478                        884 _v_snowball_set_frame_snowball_frame_sprites_10000_301:
    00000478 00                     885 	.db #0x00	; 0
    00000479 01                     886 	.db #0x01	; 1
    0000047A 08                     887 	.db #0x08	; 8
    0000047B 09                     888 	.db #0x09	; 9
    0000047C 02                     889 	.db #0x02	; 2
    0000047D 03                     890 	.db #0x03	; 3
    0000047E 0A                     891 	.db #0x0a	; 10
    0000047F 0B                     892 	.db #0x0b	; 11
    00000480 04                     893 	.db #0x04	; 4
    00000481 05                     894 	.db #0x05	; 5
    00000482 0C                     895 	.db #0x0c	; 12
    00000483 0D                     896 	.db #0x0d	; 13
    00000484 06                     897 	.db #0x06	; 6
    00000485 07                     898 	.db #0x07	; 7
    00000486 0E                     899 	.db #0x0e	; 14
    00000487 0F                     900 	.db #0x0f	; 15
                                    901 	.area _CODE
                                    902 	.area _INITIALIZER
    00000000                        903 __xinit__v_pixel_scroll:
    00000000 00                     904 	.db #0x00	; 0
    00000001                        905 __xinit__v_char_scroll:
    00000001 00 00                  906 	.dw #0x0000
    00000003                        907 __xinit__last_frame:
    00000003 FF                     908 	.db #0xff	; 255
                                    909 	.area _CABS (ABS)
