ASxxxx Assembler V02.00 + NoICE + SDCC mods  (Zilog Z80 / Hitachi HD64180 / ZX-Next / eZ80 / R800)                          Page 1
Hexadecimal [32-Bits]



                                      1 .area SPRITES
                                      2 
                                      3 ;; File 'out/cpctelera_0.h.s' generated using cpct_pack
                                      4 ;; Compresor used:   zx7b
                                      5 ;; Files compressed: [ 'dat/cpctelera_0.bin' ]
                                      6 ;; Uncompressed:     256 bytes
                                      7 ;; Compressed:       10 bytes
                                      8 ;; Space saved:      246 bytes
                                      9 ;;
                                     10 
                                     11 ;; Declaration of the compressed array and
                                     12 ;; the address of the l+atest byte of the compressed array (for unpacking purposes)
                                     13 .globl _cpctelera_0
                                     14 .globl _cpctelera_0_end
                                     15 
                                     16 ;; Compressed and uncompressed sizes
                         0000000A    17 _cpctelera_0_size_z == 10
                         00000100    18 _cpctelera_0_size   == 256
                                     19 
                                     20 
                                     21 ;; File 'out/cpctelera_10.h.s' generated using cpct_pack
                                     22 ;; Compresor used:   zx7b
                                     23 ;; Files compressed: [ 'dat/cpctelera_10.bin' ]
                                     24 ;; Uncompressed:     256 bytes
                                     25 ;; Compressed:       96 bytes
                                     26 ;; Space saved:      160 bytes
                                     27 ;;
                                     28 
                                     29 ;; Declaration of the compressed array and
                                     30 ;; the address of the latest byte of the compressed array (for unpacking purposes)
                                     31 .globl _cpctelera_10
                                     32 .globl _cpctelera_10_end
                                     33 
                                     34 ;; Compressed and uncompressed sizes
                         00000060    35 _cpctelera_10_size_z == 96
                         00000100    36 _cpctelera_10_size   == 256
                                     37 
                                     38 
                                     39 ;; File 'out/cpctelera_11.h.s' generated using cpct_pack
                                     40 ;; Compresor used:   zx7b
                                     41 ;; Files compressed: [ 'dat/cpctelera_11.bin' ]
                                     42 ;; Uncompressed:     256 bytes
                                     43 ;; Compressed:       8 bytes
                                     44 ;; Space saved:      248 bytes
                                     45 ;;
                                     46 
                                     47 ;; Declaration of the compressed array and
                                     48 ;; the address of the latest byte of the compressed array (for unpacking purposes)
                                     49 .globl _cpctelera_11
                                     50 .globl _cpctelera_11_end
                                     51 
                                     52 ;; Compressed and uncompressed sizes
                         00000008    53 _cpctelera_11_size_z == 8
                         00000100    54 _cpctelera_11_size   == 256
                                     55 
ASxxxx Assembler V02.00 + NoICE + SDCC mods  (Zilog Z80 / Hitachi HD64180 / ZX-Next / eZ80 / R800)                          Page 2
Hexadecimal [32-Bits]



                                     56 
                                     57 ;; File 'out/cpctelera_12.h.s' generated using cpct_pack
                                     58 ;; Compresor used:   zx7b
                                     59 ;; Files compressed: [ 'dat/cpctelera_12.bin' ]
                                     60 ;; Uncompressed:     256 bytes
                                     61 ;; Compressed:       6 bytes
                                     62 ;; Space saved:      250 bytes
                                     63 ;;
                                     64 
                                     65 ;; Declaration of the compressed array and
                                     66 ;; the address of the latest byte of the compressed array (for unpacking purposes)
                                     67 .globl _cpctelera_12
                                     68 .globl _cpctelera_12_end
                                     69 
                                     70 ;; Compressed and uncompressed sizes
                         00000006    71 _cpctelera_12_size_z == 6
                         00000100    72 _cpctelera_12_size   == 256
                                     73 
                                     74 
                                     75 ;; File 'out/cpctelera_13.h.s' generated using cpct_pack
                                     76 ;; Compresor used:   zx7b
                                     77 ;; Files compressed: [ 'dat/cpctelera_13.bin' ]
                                     78 ;; Uncompressed:     256 bytes
                                     79 ;; Compressed:       32 bytes
                                     80 ;; Space saved:      224 bytes
                                     81 ;;
                                     82 
                                     83 ;; Declaration of the compressed array and
                                     84 ;; the address of the latest byte of the compressed array (for unpacking purposes)
                                     85 .globl _cpctelera_13
                                     86 .globl _cpctelera_13_end
                                     87 
                                     88 ;; Compressed and uncompressed sizes
                         00000020    89 _cpctelera_13_size_z == 32
                         00000100    90 _cpctelera_13_size   == 256
                                     91 
                                     92 
                                     93 ;; File 'out/cpctelera_14.h.s' generated using cpct_pack
                                     94 ;; Compresor used:   zx7b
                                     95 ;; Files compressed: [ 'dat/cpctelera_14.bin' ]
                                     96 ;; Uncompressed:     256 bytes
                                     97 ;; Compressed:       38 bytes
                                     98 ;; Space saved:      218 bytes
                                     99 ;;
                                    100 
                                    101 ;; Declaration of the compressed array and
                                    102 ;; the address of the latest byte of the compressed array (for unpacking purposes)
                                    103 .globl _cpctelera_14
                                    104 .globl _cpctelera_14_end
                                    105 
                                    106 ;; Compressed and uncompressed sizes
                         00000026   107 _cpctelera_14_size_z == 38
                         00000100   108 _cpctelera_14_size   == 256
                                    109 
                                    110 
ASxxxx Assembler V02.00 + NoICE + SDCC mods  (Zilog Z80 / Hitachi HD64180 / ZX-Next / eZ80 / R800)                          Page 3
Hexadecimal [32-Bits]



                                    111 ;; File 'out/cpctelera_15.h.s' generated using cpct_pack
                                    112 ;; Compresor used:   zx7b
                                    113 ;; Files compressed: [ 'dat/cpctelera_15.bin' ]
                                    114 ;; Uncompressed:     256 bytes
                                    115 ;; Compressed:       6 bytes
                                    116 ;; Space saved:      250 bytes
                                    117 ;;
                                    118 
                                    119 ;; Declaration of the compressed array and
                                    120 ;; the address of the latest byte of the compressed array (for unpacking purposes)
                                    121 .globl _cpctelera_15
                                    122 .globl _cpctelera_15_end
                                    123 
                                    124 ;; Compressed and uncompressed sizes
                         00000006   125 _cpctelera_15_size_z == 6
                         00000100   126 _cpctelera_15_size   == 256
                                    127 
                                    128 
                                    129 ;; File 'out/cpctelera_1.h.s' generated using cpct_pack
                                    130 ;; Compresor used:   zx7b
                                    131 ;; Files compressed: [ 'dat/cpctelera_1.bin' ]
                                    132 ;; Uncompressed:     256 bytes
                                    133 ;; Compressed:       41 bytes
                                    134 ;; Space saved:      215 bytes
                                    135 ;;
                                    136 
                                    137 ;; Declaration of the compressed array and
                                    138 ;; the address of the latest byte of the compressed array (for unpacking purposes)
                                    139 .globl _cpctelera_1
                                    140 .globl _cpctelera_1_end
                                    141 
                                    142 ;; Compressed and uncompressed sizes
                         00000029   143 _cpctelera_1_size_z == 41
                         00000100   144 _cpctelera_1_size   == 256
                                    145 
                                    146 
                                    147 ;; File 'out/cpctelera_2.h.s' generated using cpct_pack
                                    148 ;; Compresor used:   zx7b
                                    149 ;; Files compressed: [ 'dat/cpctelera_2.bin' ]
                                    150 ;; Uncompressed:     256 bytes
                                    151 ;; Compressed:       97 bytes
                                    152 ;; Space saved:      159 bytes
                                    153 ;;
                                    154 
                                    155 ;; Declaration of the compressed array and
                                    156 ;; the address of the latest byte of the compressed array (for unpacking purposes)
                                    157 .globl _cpctelera_2
                                    158 .globl _cpctelera_2_end
                                    159 
                                    160 ;; Compressed and uncompressed sizes
                         00000061   161 _cpctelera_2_size_z == 97
                         00000100   162 _cpctelera_2_size   == 256
                                    163 
                                    164 
                                    165 ;; File 'out/cpctelera_3.h.s' generated using cpct_pack
ASxxxx Assembler V02.00 + NoICE + SDCC mods  (Zilog Z80 / Hitachi HD64180 / ZX-Next / eZ80 / R800)                          Page 4
Hexadecimal [32-Bits]



                                    166 ;; Compresor used:   zx7b
                                    167 ;; Files compressed: [ 'dat/cpctelera_3.bin' ]
                                    168 ;; Uncompressed:     256 bytes
                                    169 ;; Compressed:       35 bytes
                                    170 ;; Space saved:      221 bytes
                                    171 ;;
                                    172 
                                    173 ;; Declaration of the compressed array and
                                    174 ;; the address of the latest byte of the compressed array (for unpacking purposes)
                                    175 .globl _cpctelera_3
                                    176 .globl _cpctelera_3_end
                                    177 
                                    178 ;; Compressed and uncompressed sizes
                         00000023   179 _cpctelera_3_size_z == 35
                         00000100   180 _cpctelera_3_size   == 256
                                    181 
                                    182 
                                    183 ;; File 'out/cpctelera_4.h.s' generated using cpct_pack
                                    184 ;; Compresor used:   zx7b
                                    185 ;; Files compressed: [ 'dat/cpctelera_4.bin' ]
                                    186 ;; Uncompressed:     256 bytes
                                    187 ;; Compressed:       118 bytes
                                    188 ;; Space saved:      138 bytes
                                    189 ;;
                                    190 
                                    191 ;; Declaration of the compressed array and
                                    192 ;; the address of the latest byte of the compressed array (for unpacking purposes)
                                    193 .globl _cpctelera_4
                                    194 .globl _cpctelera_4_end
                                    195 
                                    196 ;; Compressed and uncompressed sizes
                         00000076   197 _cpctelera_4_size_z == 118
                         00000100   198 _cpctelera_4_size   == 256
                                    199 
                                    200 
                                    201 ;; File 'out/cpctelera_5.h.s' generated using cpct_pack
                                    202 ;; Compresor used:   zx7b
                                    203 ;; Files compressed: [ 'dat/cpctelera_5.bin' ]
                                    204 ;; Uncompressed:     256 bytes
                                    205 ;; Compressed:       129 bytes
                                    206 ;; Space saved:      127 bytes
                                    207 ;;
                                    208 
                                    209 ;; Declaration of the compressed array and
                                    210 ;; the address of the latest byte of the compressed array (for unpacking purposes)
                                    211 .globl _cpctelera_5
                                    212 .globl _cpctelera_5_end
                                    213 
                                    214 ;; Compressed and uncompressed sizes
                         00000081   215 _cpctelera_5_size_z == 129
                         00000100   216 _cpctelera_5_size   == 256
                                    217 
                                    218 
                                    219 ;; File 'out/cpctelera_6.h.s' generated using cpct_pack
                                    220 ;; Compresor used:   zx7b
ASxxxx Assembler V02.00 + NoICE + SDCC mods  (Zilog Z80 / Hitachi HD64180 / ZX-Next / eZ80 / R800)                          Page 5
Hexadecimal [32-Bits]



                                    221 ;; Files compressed: [ 'dat/cpctelera_6.bin' ]
                                    222 ;; Uncompressed:     256 bytes
                                    223 ;; Compressed:       91 bytes
                                    224 ;; Space saved:      165 bytes
                                    225 ;;
                                    226 
                                    227 ;; Declaration of the compressed array and
                                    228 ;; the address of the latest byte of the compressed array (for unpacking purposes)
                                    229 .globl _cpctelera_6
                                    230 .globl _cpctelera_6_end
                                    231 
                                    232 ;; Compressed and uncompressed sizes
                         0000005B   233 _cpctelera_6_size_z == 91
                         00000100   234 _cpctelera_6_size   == 256
                                    235 
                                    236 
                                    237 ;; File 'out/cpctelera_7.h.s' generated using cpct_pack
                                    238 ;; Compresor used:   zx7b
                                    239 ;; Files compressed: [ 'dat/cpctelera_7.bin' ]
                                    240 ;; Uncompressed:     256 bytes
                                    241 ;; Compressed:       68 bytes
                                    242 ;; Space saved:      188 bytes
                                    243 ;;
                                    244 
                                    245 ;; Declaration of the compressed array and
                                    246 ;; the address of the latest byte of the compressed array (for unpacking purposes)
                                    247 .globl _cpctelera_7
                                    248 .globl _cpctelera_7_end
                                    249 
                                    250 ;; Compressed and uncompressed sizes
                         00000044   251 _cpctelera_7_size_z == 68
                         00000100   252 _cpctelera_7_size   == 256
                                    253 
                                    254 
                                    255 ;; File 'out/cpctelera_8.h.s' generated using cpct_pack
                                    256 ;; Compresor used:   zx7b
                                    257 ;; Files compressed: [ 'dat/cpctelera_8.bin' ]
                                    258 ;; Uncompressed:     256 bytes
                                    259 ;; Compressed:       48 bytes
                                    260 ;; Space saved:      208 bytes
                                    261 ;;
                                    262 
                                    263 ;; Declaration of the compressed array and
                                    264 ;; the address of the latest byte of the compressed array (for unpacking purposes)
                                    265 .globl _cpctelera_8
                                    266 .globl _cpctelera_8_end
                                    267 
                                    268 ;; Compressed and uncompressed sizes
                         00000030   269 _cpctelera_8_size_z == 48
                         00000100   270 _cpctelera_8_size   == 256
                                    271 
                                    272 
                                    273 ;; File 'out/cpctelera_9.h.s' generated using cpct_pack
                                    274 ;; Compresor used:   zx7b
                                    275 ;; Files compressed: [ 'dat/cpctelera_9.bin' ]
ASxxxx Assembler V02.00 + NoICE + SDCC mods  (Zilog Z80 / Hitachi HD64180 / ZX-Next / eZ80 / R800)                          Page 6
Hexadecimal [32-Bits]



                                    276 ;; Uncompressed:     256 bytes
                                    277 ;; Compressed:       89 bytes
                                    278 ;; Space saved:      167 bytes
                                    279 ;;
                                    280 
                                    281 ;; Declaration of the compressed array and
                                    282 ;; the address of the latest byte of the compressed array (for unpacking purposes)
                                    283 .globl _cpctelera_9
                                    284 .globl _cpctelera_9_end
                                    285 
                                    286 ;; Compressed and uncompressed sizes
                         00000059   287 _cpctelera_9_size_z == 89
                         00000100   288 _cpctelera_9_size   == 256
