ASxxxx Assembler V02.00 + NoICE + SDCC mods  (Zilog Z80 / Hitachi HD64180 / ZX-Next / eZ80 / R800)                          Page 1
Hexadecimal [32-Bits]



                                      1 .area SPRITES
                                      2 
                                      3 ;; File 'out/mode_0.s' generated using cpct_pack
                                      4 ;; Compresor used:   zx7b
                                      5 ;; Files compressed: [ 'dat/mode_0.bin' ]
                                      6 ;; Uncompressed:     256 bytes
                                      7 ;; Compressed:       73 bytes
                                      8 ;; Space saved:      183 bytes
                                      9 ;;
                                     10 
                                     11 ;; Data array definition
    00000000                         12 _mode_0::
    00000000 C0 AA 00 EA AA AF 90    13    .db  0xc0, 0xaa, 0x00, 0xea, 0xaa, 0xaf, 0x90, 0x47, 0x98, 0x10, 0x8e, 0x0f, 0x81, 0x00, 0x04, 0xbb
             47 98 10 8E 0F 81 00
             04 BB
    00000010 02 0C 0C 0F 58 04 0F    14    .db  0x02, 0x0c, 0x0c, 0x0f, 0x58, 0x04, 0x0f, 0x37, 0x08, 0x2f, 0xdd, 0x0a, 0x0a, 0x0f, 0x94, 0x01
             37 08 2F DD 0A 0A 0F
             94 01
    00000020 08 06 D7 07 07 0F 65    15    .db  0x08, 0x06, 0xd7, 0x07, 0x07, 0x0f, 0x65, 0x3c, 0x06, 0xcd, 0x38, 0x70, 0x03, 0x04, 0x77, 0x0f
             3C 06 CD 38 70 03 04
             77 0F
    00000030 05 05 00 67 08 02 53    16    .db  0x05, 0x05, 0x00, 0x67, 0x08, 0x02, 0x53, 0x0f, 0x07, 0xeb, 0x0e, 0x08, 0xf8, 0x00, 0x04, 0x05
             0F 07 EB 0E 08 F8 00
             04 05
    00000040 A1 09 00 D7 02 00 50    17    .db  0xa1, 0x09, 0x00, 0xd7, 0x02, 0x00, 0x50, 0xaa, 0x00
             AA 00
                                     18 ;; Address of the latest byte of the compressed array (for unpacking purposes)
                         00000048    19 _mode_0_end == . - 1
                                     20 
                                     21 ;; File 'out/mode_1.s' generated using cpct_pack
                                     22 ;; Compresor used:   zx7b
                                     23 ;; Files compressed: [ 'dat/mode_1.bin' ]
                                     24 ;; Uncompressed:     256 bytes
                                     25 ;; Compressed:       79 bytes
                                     26 ;; Space saved:      177 bytes
                                     27 ;;
                                     28 
                                     29 ;; Data array definition
    00000049                         30 _mode_1::
    00000049 C0 AA 00 6A 02 B1 C2    31    .db  0xc0, 0xaa, 0x00, 0x6a, 0x02, 0xb1, 0xc2, 0x6e, 0x1a, 0x0f, 0xae, 0x07, 0x0f, 0xe9, 0x06, 0x17
             6E 1A 0F AE 07 0F E9
             06 17
    00000059 63 00 98 0C 0F 46 50    32    .db  0x63, 0x00, 0x98, 0x0c, 0x0f, 0x46, 0x50, 0x07, 0x73, 0x06, 0x00, 0xd3, 0x0a, 0x02, 0x0f, 0x59
             07 73 06 00 D3 0A 02
             0F 59
    00000069 05 0F 7C 03 06 37 02    33    .db  0x05, 0x0f, 0x7c, 0x03, 0x06, 0x37, 0x02, 0x45, 0x07, 0x07, 0x2d, 0x0f, 0x89, 0x40, 0x05, 0x29
             45 07 07 2D 0F 89 40
             05 29
    00000079 2B 00 04 06 F7 05 05    34    .db  0x2b, 0x00, 0x04, 0x06, 0xf7, 0x05, 0x05, 0x00, 0x0f, 0xe4, 0x06, 0x34, 0x08, 0x03, 0xdd, 0x05
             00 0F E4 06 34 08 03
             DD 05
    00000089 0A CD 00 04 00 03 9D    35    .db  0x0a, 0xcd, 0x00, 0x04, 0x00, 0x03, 0x9d, 0x06, 0x71, 0x00, 0x02, 0x00, 0x5c, 0xaa, 0x00
             06 71 00 02 00 5C AA
             00
                                     36 ;; Address of the latest byte of the compressed array (for unpacking purposes)
ASxxxx Assembler V02.00 + NoICE + SDCC mods  (Zilog Z80 / Hitachi HD64180 / ZX-Next / eZ80 / R800)                          Page 2
Hexadecimal [32-Bits]



                         00000097    37 _mode_1_end == . - 1
                                     38 
                                     39 ;; File 'out/mode_2.s' generated using cpct_pack
                                     40 ;; Compresor used:   zx7b
                                     41 ;; Files compressed: [ 'dat/mode_2.bin' ]
                                     42 ;; Uncompressed:     256 bytes
                                     43 ;; Compressed:       79 bytes
                                     44 ;; Space saved:      177 bytes
                                     45 ;;
                                     46 
                                     47 ;; Data array definition
    00000098                         48 _mode_2::
    00000098 B0 AA 0A DF AB AF C2    49    .db  0xb0, 0xaa, 0x0a, 0xdf, 0xab, 0xaf, 0xc2, 0x08, 0xea, 0x07, 0xae, 0x06, 0x08, 0xaf, 0x00, 0x0c
             08 EA 07 AE 06 08 AF
             00 0C
    000000A8 06 2B 0C 0C 08 59 04    50    .db  0x06, 0x2b, 0x0c, 0x0c, 0x08, 0x59, 0x04, 0x06, 0x77, 0x08, 0x0a, 0x53, 0x00, 0x1f, 0x0a, 0x0a
             06 77 08 0A 53 00 1F
             0A 0A
    000000B8 2F 10 8B 08 06 EB 05    51    .db  0x2f, 0x10, 0x8b, 0x08, 0x06, 0xeb, 0x05, 0x07, 0xbe, 0x07, 0x07, 0x08, 0x40, 0xec, 0x06, 0xae
             07 BE 07 07 08 40 EC
             06 AE
    000000C8 08 2E E9 04 06 05 05    52    .db  0x08, 0x2e, 0xe9, 0x04, 0x06, 0x05, 0x05, 0x27, 0x08, 0x05, 0xeb, 0x07, 0x08, 0x3e, 0x07, 0x05
             27 08 05 EB 07 08 3E
             07 05
    000000D8 EE 08 04 04 08 CE 07    53    .db  0xee, 0x08, 0x04, 0x04, 0x08, 0xce, 0x07, 0x05, 0xe3, 0x02, 0x02, 0x00, 0x48, 0xaa, 0x00
             05 E3 02 02 00 48 AA
             00
                                     54 ;; Address of the latest byte of the compressed array (for unpacking purposes)
                         000000E6    55 _mode_2_end == . - 1
                                     56 
                                     57 ;; File 'out/mode_3.s' generated using cpct_pack
                                     58 ;; Compresor used:   zx7b
                                     59 ;; Files compressed: [ 'dat/mode_3.bin' ]
                                     60 ;; Uncompressed:     256 bytes
                                     61 ;; Compressed:       60 bytes
                                     62 ;; Space saved:      196 bytes
                                     63 ;;
                                     64 
                                     65 ;; Data array definition
    000000E7                         66 _mode_3::
    000000E7 B0 AA 00 BA 2A AF AC    67    .db  0xb0, 0xaa, 0x00, 0xba, 0x2a, 0xaf, 0xac, 0x07, 0x0e, 0x3e, 0x2f, 0x26, 0x00, 0x86, 0x0c, 0x0f
             07 0E 3E 2F 26 00 86
             0C 0F
    000000F7 42 0B 4F 73 0A 0A 2F    68    .db  0x42, 0x0b, 0x4f, 0x73, 0x0a, 0x0a, 0x2f, 0x90, 0x0f, 0x1d, 0x07, 0x07, 0x12, 0x94, 0x0f, 0x0d
             90 0F 1D 07 07 12 94
             0F 0D
    00000107 00 3E B5 0F 03 EB 2E    69    .db  0x00, 0x3e, 0xb5, 0x0f, 0x03, 0xeb, 0x2e, 0x05, 0x05, 0x0f, 0xb3, 0x10, 0x0e, 0x6e, 0x07, 0xe2
             05 05 0F B3 10 0E 6E
             07 E2
    00000117 10 00 04 0E A7 00 C5    70    .db  0x10, 0x00, 0x04, 0x0e, 0xa7, 0x00, 0xc5, 0x02, 0x00, 0x94, 0x82, 0x00
             02 00 94 82 00
                                     71 ;; Address of the latest byte of the compressed array (for unpacking purposes)
                         00000122    72 _mode_3_end == . - 1
                                     73 
                                     74 ;; File 'out/mode_4.s' generated using cpct_pack
ASxxxx Assembler V02.00 + NoICE + SDCC mods  (Zilog Z80 / Hitachi HD64180 / ZX-Next / eZ80 / R800)                          Page 3
Hexadecimal [32-Bits]



                                     75 ;; Compresor used:   zx7b
                                     76 ;; Files compressed: [ 'dat/mode_4.bin' ]
                                     77 ;; Uncompressed:     256 bytes
                                     78 ;; Compressed:       71 bytes
                                     79 ;; Space saved:      185 bytes
                                     80 ;;
                                     81 
                                     82 ;; Data array definition
    00000123                         83 _mode_4::
    00000123 80 55 00 D5 55 AF 61    84    .db  0x80, 0x55, 0x00, 0xd5, 0x55, 0xaf, 0x61, 0x11, 0xa8, 0x0f, 0x76, 0x05, 0x75, 0x06, 0x47, 0x89
             11 A8 0F 76 05 75 06
             47 89
    00000133 0C 58 0C 04 29 0F F6    85    .db  0x0c, 0x58, 0x0c, 0x04, 0x29, 0x0f, 0xf6, 0x00, 0xc4, 0x0a, 0x29, 0xd4, 0x00, 0x0a, 0x02, 0x6e
             00 C4 0A 29 D4 00 0A
             02 6E
    00000143 0F 1C 0A 1C 04 0A 07    86    .db  0x0f, 0x1c, 0x0a, 0x1c, 0x04, 0x0a, 0x07, 0x77, 0x07, 0x00, 0x0f, 0x5e, 0x05, 0x0d, 0x04, 0x0f
             77 07 00 0F 5E 05 0D
             04 0F
    00000153 37 00 05 0F D3 05 6A    87    .db  0x37, 0x00, 0x05, 0x0f, 0xd3, 0x05, 0x6a, 0x04, 0xb8, 0x05, 0x04, 0x04, 0x02, 0xc9, 0x05, 0x04
             04 B8 05 04 04 02 C9
             05 04
    00000163 BB 02 02 00 12 80 00    88    .db  0xbb, 0x02, 0x02, 0x00, 0x12, 0x80, 0x00
                                     89 ;; Address of the latest byte of the compressed array (for unpacking purposes)
                         00000169    90 _mode_4_end == . - 1
                                     91 
                                     92 ;; File 'out/mode_5.s' generated using cpct_pack
                                     93 ;; Compresor used:   zx7b
                                     94 ;; Files compressed: [ 'dat/mode_5.bin' ]
                                     95 ;; Uncompressed:     256 bytes
                                     96 ;; Compressed:       71 bytes
                                     97 ;; Space saved:      185 bytes
                                     98 ;;
                                     99 
                                    100 ;; Data array definition
    0000016A                        101 _mode_5::
    0000016A AC AA 00 0E 20 AF 8C   102    .db  0xac, 0xaa, 0x00, 0x0e, 0x20, 0xaf, 0x8c, 0x0f, 0xae, 0x90, 0xc2, 0x03, 0x04, 0x6e, 0x0f, 0x0c
             0F AE 90 C2 03 04 6E
             0F 0C
    0000017A 0C 26 0F 02 0F AB 0A   103    .db  0x0c, 0x26, 0x0f, 0x02, 0x0f, 0xab, 0x0a, 0x74, 0xd4, 0x00, 0x04, 0xee, 0x06, 0x0a, 0x0a, 0x0f
             74 D4 00 04 EE 06 0A
             0A 0F
    0000018A C9 06 BA 08 A6 0F 04   104    .db  0xc9, 0x06, 0xba, 0x08, 0xa6, 0x0f, 0x04, 0x06, 0x9f, 0x07, 0x07, 0x0f, 0xac, 0x08, 0xa6, 0x0f
             06 9F 07 07 0F AC 08
             A6 0F
    0000019A 04 06 9F 05 05 0F AC   105    .db  0x04, 0x06, 0x9f, 0x05, 0x05, 0x0f, 0xac, 0x08, 0xae, 0x04, 0x07, 0x04, 0x04, 0x3b, 0x08, 0x04
             08 AE 04 07 04 04 3B
             08 04
    000001AA 69 02 02 00 4A AA 00   106    .db  0x69, 0x02, 0x02, 0x00, 0x4a, 0xaa, 0x00
                                    107 ;; Address of the latest byte of the compressed array (for unpacking purposes)
                         000001B0   108 _mode_5_end == . - 1
                                    109 
                                    110 ;; File 'out/mode_6.s' generated using cpct_pack
                                    111 ;; Compresor used:   zx7b
                                    112 ;; Files compressed: [ 'dat/mode_6.bin' ]
                                    113 ;; Uncompressed:     256 bytes
ASxxxx Assembler V02.00 + NoICE + SDCC mods  (Zilog Z80 / Hitachi HD64180 / ZX-Next / eZ80 / R800)                          Page 4
Hexadecimal [32-Bits]



                                    114 ;; Compressed:       51 bytes
                                    115 ;; Space saved:      205 bytes
                                    116 ;;
                                    117 
                                    118 ;; Data array definition
    000001B1                        119 _mode_6::
    000001B1 58 55 00 5D 15 AD 0F   120    .db  0x58, 0x55, 0x00, 0x5d, 0x15, 0xad, 0x0f, 0xd6, 0x44, 0x0b, 0x0c, 0x0c, 0x08, 0x0f, 0xe7, 0x40
             D6 44 0B 0C 0C 08 0F
             E7 40
    000001C1 0C 00 0A 4F 07 0F 07   121    .db  0x0c, 0x00, 0x0a, 0x4f, 0x07, 0x0f, 0x07, 0x03, 0x2f, 0xfa, 0x07, 0x07, 0x0f, 0x0c, 0x00, 0x1a
             03 2F FA 07 07 0F 0C
             00 1A
    000001D1 05 0F 4A 08 03 F1 02   122    .db  0x05, 0x0f, 0x4a, 0x08, 0x03, 0xf1, 0x02, 0x04, 0x04, 0x0e, 0xc5, 0x03, 0x3a, 0x02, 0x02, 0x00
             04 04 0E C5 03 3A 02
             02 00
    000001E1 32 82 00               123    .db  0x32, 0x82, 0x00
                                    124 ;; Address of the latest byte of the compressed array (for unpacking purposes)
                         000001E3   125 _mode_6_end == . - 1
                                    126 
                                    127 ;; File 'out/mode_7.s' generated using cpct_pack
                                    128 ;; Compresor used:   zx7b
                                    129 ;; Files compressed: [ 'dat/mode_7.bin' ]
                                    130 ;; Uncompressed:     256 bytes
                                    131 ;; Compressed:       71 bytes
                                    132 ;; Space saved:      185 bytes
                                    133 ;;
                                    134 
                                    135 ;; Data array definition
    000001E4                        136 _mode_7::
    000001E4 B0 AA 00 BA 2A AF AC   137    .db  0xb0, 0xaa, 0x00, 0xba, 0x2a, 0xaf, 0xac, 0x0f, 0xae, 0x08, 0xa6, 0x0f, 0x00, 0x19, 0x0c, 0x7f
             0F AE 08 A6 0F 00 19
             0C 7F
    000001F4 0A 0F 76 D3 00 04 F5   138    .db  0x0a, 0x0f, 0x76, 0xd3, 0x00, 0x04, 0xf5, 0x08, 0x0a, 0x0a, 0x02, 0x26, 0xc7, 0x07, 0xb8, 0x0f
             08 0A 0A 02 26 C7 07
             B8 0F
    00000204 17 EB 06 50 1E 00 07   139    .db  0x17, 0xeb, 0x06, 0x50, 0x1e, 0x00, 0x07, 0x02, 0x26, 0x08, 0x05, 0x41, 0x6b, 0x06, 0x08, 0x37
             02 26 08 05 41 6B 06
             08 37
    00000214 30 31 05 05 00 0F D9   140    .db  0x30, 0x31, 0x05, 0x05, 0x00, 0x0f, 0xd9, 0x08, 0xd5, 0x02, 0x07, 0xd4, 0x00, 0x04, 0x08, 0xa1
             08 D5 02 07 D4 00 04
             08 A1
    00000224 00 C1 02 00 50 AA 00   141    .db  0x00, 0xc1, 0x02, 0x00, 0x50, 0xaa, 0x00
                                    142 ;; Address of the latest byte of the compressed array (for unpacking purposes)
                         0000022A   143 _mode_7_end == . - 1
                                    144 
                                    145 ;; File 'out/mode_8.s' generated using cpct_pack
                                    146 ;; Compresor used:   zx7b
                                    147 ;; Files compressed: [ 'dat/mode_8.bin' ]
                                    148 ;; Uncompressed:     256 bytes
                                    149 ;; Compressed:       59 bytes
                                    150 ;; Space saved:      197 bytes
                                    151 ;;
                                    152 
                                    153 ;; Data array definition
    0000022B                        154 _mode_8::
ASxxxx Assembler V02.00 + NoICE + SDCC mods  (Zilog Z80 / Hitachi HD64180 / ZX-Next / eZ80 / R800)                          Page 5
Hexadecimal [32-Bits]



    0000022B AC AA 00 AE 0A AF AB   155    .db  0xac, 0xaa, 0x00, 0xae, 0x0a, 0xaf, 0xab, 0x0f, 0xab, 0x08, 0x03, 0x02, 0x0c, 0x2f, 0x0c, 0x0f
             0F AB 08 03 02 0C 2F
             0C 0F
    0000023B 42 02 0F 2D 00 86 0A   156    .db  0x42, 0x02, 0x0f, 0x2d, 0x00, 0x86, 0x0a, 0x0f, 0x42, 0x07, 0x0f, 0x2d, 0x03, 0x0f, 0x07, 0x07
             0F 42 07 0F 2D 03 0F
             07 07
    0000024B 3E 0F 29 09 03 BE 02   157    .db  0x3e, 0x0f, 0x29, 0x09, 0x03, 0xbe, 0x02, 0x05, 0x05, 0x0f, 0x48, 0x08, 0x03, 0xf1, 0x02, 0x04
             05 05 0F 48 08 03 F1
             02 04
    0000025B 04 0E C5 03 3A 02 02   158    .db  0x04, 0x0e, 0xc5, 0x03, 0x3a, 0x02, 0x02, 0x00, 0x32, 0x82, 0x00
             00 32 82 00
                                    159 ;; Address of the latest byte of the compressed array (for unpacking purposes)
                         00000265   160 _mode_8_end == . - 1
                                    161 
                                    162 
