ASxxxx Assembler V02.00 + NoICE + SDCC mods  (Zilog Z80 / Hitachi HD64180 / ZX-Next / eZ80 / R800)                          Page 1
Hexadecimal [32-Bits]



                                      1 .area SPRITES
                                      2 
                                      3 ;; File 'out/roland_0.h.s' generated using cpct_pack
                                      4 ;; Compresor used:   zx7b
                                      5 ;; Files compressed: [ 'dat/roland_0.bin' ]
                                      6 ;; Uncompressed:     256 bytes
                                      7 ;; Compressed:       121 bytes
                                      8 ;; Space saved:      135 bytes
                                      9 ;;
                                     10 
                                     11 ;; Declaration of the compressed array and
                                     12 ;; the address of the latest byte of the compressed array (for unpacking purposes)
                                     13 .globl _roland_0
                                     14 .globl _roland_0_end
                                     15 
                                     16 ;; Compressed and uncompressed sizes
                         00000079    17 _roland_0_size_z == 121
                         00000100    18 _roland_0_size   == 256
                                     19 
                                     20 
                                     21 ;; File 'out/roland_1.h.s' generated using cpct_pack
                                     22 ;; Compresor used:   zx7b
                                     23 ;; Files compressed: [ 'dat/roland_1.bin' ]
                                     24 ;; Uncompressed:     256 bytes
                                     25 ;; Compressed:       101 bytes
                                     26 ;; Space saved:      155 bytes
                                     27 ;;
                                     28 
                                     29 ;; Declaration of the compressed array and
                                     30 ;; the address of the latest byte of the compressed array (for unpacking purposes)
                                     31 .globl _roland_1
                                     32 .globl _roland_1_end
                                     33 
                                     34 ;; Compressed and uncompressed sizes
                         00000065    35 _roland_1_size_z == 101
                         00000100    36 _roland_1_size   == 256
                                     37 
                                     38 
                                     39 ;; File 'out/roland_2.h.s' generated using cpct_pack
                                     40 ;; Compresor used:   zx7b
                                     41 ;; Files compressed: [ 'dat/roland_2.bin' ]
                                     42 ;; Uncompressed:     256 bytes
                                     43 ;; Compressed:       118 bytes
                                     44 ;; Space saved:      138 bytes
                                     45 ;;
                                     46 
                                     47 ;; Declaration of the compressed array and
                                     48 ;; the address of the latest byte of the compressed array (for unpacking purposes)
                                     49 .globl _roland_2
                                     50 .globl _roland_2_end
                                     51 
                                     52 ;; Compressed and uncompressed sizes
                         00000076    53 _roland_2_size_z == 118
                         00000100    54 _roland_2_size   == 256
                                     55 
ASxxxx Assembler V02.00 + NoICE + SDCC mods  (Zilog Z80 / Hitachi HD64180 / ZX-Next / eZ80 / R800)                          Page 2
Hexadecimal [32-Bits]



                                     56 
                                     57 ;; File 'out/roland_3.h.s' generated using cpct_pack
                                     58 ;; Compresor used:   zx7b
                                     59 ;; Files compressed: [ 'dat/roland_3.bin' ]
                                     60 ;; Uncompressed:     256 bytes
                                     61 ;; Compressed:       74 bytes
                                     62 ;; Space saved:      182 bytes
                                     63 ;;
                                     64 
                                     65 ;; Declaration of the compressed array and
                                     66 ;; the address of the latest byte of the compressed array (for unpacking purposes)
                                     67 .globl _roland_3
                                     68 .globl _roland_3_end
                                     69 
                                     70 ;; Compressed and uncompressed sizes
                         0000004A    71 _roland_3_size_z == 74
                         00000100    72 _roland_3_size   == 256
                                     73 
                                     74 
