ASxxxx Assembler V02.00 + NoICE + SDCC mods  (Zilog Z80 / Hitachi HD64180 / ZX-Next / eZ80 / R800)                          Page 1
Hexadecimal [32-Bits]



                                      1 .area SPRITES
                                      2 
                                      3 ;; File 'out/snowball_0.h.s' generated using cpct_pack
                                      4 ;; Compresor used:   zx7b
                                      5 ;; Files compressed: [ 'dat/snowball_0.bin' ]
                                      6 ;; Uncompressed:     256 bytes
                                      7 ;; Compressed:       61 bytes
                                      8 ;; Space saved:      195 bytes
                                      9 ;;
                                     10 
                                     11 ;; Declaration of the compressed array and
                                     12 ;; the address of the latest byte of the compressed array (for unpacking purposes)
                                     13 .globl _snowball_0
                                     14 .globl _snowball_0_end
                                     15 
                                     16 ;; Compressed and uncompressed sizes
                         0000003D    17 _snowball_0_size_z == 61
                         00000100    18 _snowball_0_size   == 256
                                     19 
                                     20 
                                     21 ;; File 'out/snowball_10.h.s' generated using cpct_pack
                                     22 ;; Compresor used:   zx7b
                                     23 ;; Files compressed: [ 'dat/snowball_10.bin' ]
                                     24 ;; Uncompressed:     256 bytes
                                     25 ;; Compressed:       65 bytes
                                     26 ;; Space saved:      191 bytes
                                     27 ;;
                                     28 
                                     29 ;; Declaration of the compressed array and
                                     30 ;; the address of the latest byte of the compressed array (for unpacking purposes)
                                     31 .globl _snowball_10
                                     32 .globl _snowball_10_end
                                     33 
                                     34 ;; Compressed and uncompressed sizes
                         00000041    35 _snowball_10_size_z == 65
                         00000100    36 _snowball_10_size   == 256
                                     37 
                                     38 
                                     39 ;; File 'out/snowball_11.h.s' generated using cpct_pack
                                     40 ;; Compresor used:   zx7b
                                     41 ;; Files compressed: [ 'dat/snowball_11.bin' ]
                                     42 ;; Uncompressed:     256 bytes
                                     43 ;; Compressed:       63 bytes
                                     44 ;; Space saved:      193 bytes
                                     45 ;;
                                     46 
                                     47 ;; Declaration of the compressed array and
                                     48 ;; the address of the latest byte of the compressed array (for unpacking purposes)
                                     49 .globl _snowball_11
                                     50 .globl _snowball_11_end
                                     51 
                                     52 ;; Compressed and uncompressed sizes
                         0000003F    53 _snowball_11_size_z == 63
                         00000100    54 _snowball_11_size   == 256
                                     55 
ASxxxx Assembler V02.00 + NoICE + SDCC mods  (Zilog Z80 / Hitachi HD64180 / ZX-Next / eZ80 / R800)                          Page 2
Hexadecimal [32-Bits]



                                     56 
                                     57 ;; File 'out/snowball_12.h.s' generated using cpct_pack
                                     58 ;; Compresor used:   zx7b
                                     59 ;; Files compressed: [ 'dat/snowball_12.bin' ]
                                     60 ;; Uncompressed:     256 bytes
                                     61 ;; Compressed:       80 bytes
                                     62 ;; Space saved:      176 bytes
                                     63 ;;
                                     64 
                                     65 ;; Declaration of the compressed array and
                                     66 ;; the address of the latest byte of the compressed array (for unpacking purposes)
                                     67 .globl _snowball_12
                                     68 .globl _snowball_12_end
                                     69 
                                     70 ;; Compressed and uncompressed sizes
                         00000050    71 _snowball_12_size_z == 80
                         00000100    72 _snowball_12_size   == 256
                                     73 
                                     74 
                                     75 ;; File 'out/snowball_13.h.s' generated using cpct_pack
                                     76 ;; Compresor used:   zx7b
                                     77 ;; Files compressed: [ 'dat/snowball_13.bin' ]
                                     78 ;; Uncompressed:     256 bytes
                                     79 ;; Compressed:       68 bytes
                                     80 ;; Space saved:      188 bytes
                                     81 ;;
                                     82 
                                     83 ;; Declaration of the compressed array and
                                     84 ;; the address of the latest byte of the compressed array (for unpacking purposes)
                                     85 .globl _snowball_13
                                     86 .globl _snowball_13_end
                                     87 
                                     88 ;; Compressed and uncompressed sizes
                         00000044    89 _snowball_13_size_z == 68
                         00000100    90 _snowball_13_size   == 256
                                     91 
                                     92 
                                     93 ;; File 'out/snowball_14.h.s' generated using cpct_pack
                                     94 ;; Compresor used:   zx7b
                                     95 ;; Files compressed: [ 'dat/snowball_14.bin' ]
                                     96 ;; Uncompressed:     256 bytes
                                     97 ;; Compressed:       84 bytes
                                     98 ;; Space saved:      172 bytes
                                     99 ;;
                                    100 
                                    101 ;; Declaration of the compressed array and
                                    102 ;; the address of the latest byte of the compressed array (for unpacking purposes)
                                    103 .globl _snowball_14
                                    104 .globl _snowball_14_end
                                    105 
                                    106 ;; Compressed and uncompressed sizes
                         00000054   107 _snowball_14_size_z == 84
                         00000100   108 _snowball_14_size   == 256
                                    109 
                                    110 
ASxxxx Assembler V02.00 + NoICE + SDCC mods  (Zilog Z80 / Hitachi HD64180 / ZX-Next / eZ80 / R800)                          Page 3
Hexadecimal [32-Bits]



                                    111 ;; File 'out/snowball_15.h.s' generated using cpct_pack
                                    112 ;; Compresor used:   zx7b
                                    113 ;; Files compressed: [ 'dat/snowball_15.bin' ]
                                    114 ;; Uncompressed:     256 bytes
                                    115 ;; Compressed:       80 bytes
                                    116 ;; Space saved:      176 bytes
                                    117 ;;
                                    118 
                                    119 ;; Declaration of the compressed array and
                                    120 ;; the address of the latest byte of the compressed array (for unpacking purposes)
                                    121 .globl _snowball_15
                                    122 .globl _snowball_15_end
                                    123 
                                    124 ;; Compressed and uncompressed sizes
                         00000050   125 _snowball_15_size_z == 80
                         00000100   126 _snowball_15_size   == 256
                                    127 
                                    128 
                                    129 ;; File 'out/snowball_1.h.s' generated using cpct_pack
                                    130 ;; Compresor used:   zx7b
                                    131 ;; Files compressed: [ 'dat/snowball_1.bin' ]
                                    132 ;; Uncompressed:     256 bytes
                                    133 ;; Compressed:       75 bytes
                                    134 ;; Space saved:      181 bytes
                                    135 ;;
                                    136 
                                    137 ;; Declaration of the compressed array and
                                    138 ;; the address of the latest byte of the compressed array (for unpacking purposes)
                                    139 .globl _snowball_1
                                    140 .globl _snowball_1_end
                                    141 
                                    142 ;; Compressed and uncompressed sizes
                         0000004B   143 _snowball_1_size_z == 75
                         00000100   144 _snowball_1_size   == 256
                                    145 
                                    146 
                                    147 ;; File 'out/snowball_2.h.s' generated using cpct_pack
                                    148 ;; Compresor used:   zx7b
                                    149 ;; Files compressed: [ 'dat/snowball_2.bin' ]
                                    150 ;; Uncompressed:     256 bytes
                                    151 ;; Compressed:       86 bytes
                                    152 ;; Space saved:      170 bytes
                                    153 ;;
                                    154 
                                    155 ;; Declaration of the compressed array and
                                    156 ;; the address of the latest byte of the compressed array (for unpacking purposes)
                                    157 .globl _snowball_2
                                    158 .globl _snowball_2_end
                                    159 
                                    160 ;; Compressed and uncompressed sizes
                         00000056   161 _snowball_2_size_z == 86
                         00000100   162 _snowball_2_size   == 256
                                    163 
                                    164 
                                    165 ;; File 'out/snowball_3.h.s' generated using cpct_pack
ASxxxx Assembler V02.00 + NoICE + SDCC mods  (Zilog Z80 / Hitachi HD64180 / ZX-Next / eZ80 / R800)                          Page 4
Hexadecimal [32-Bits]



                                    166 ;; Compresor used:   zx7b
                                    167 ;; Files compressed: [ 'dat/snowball_3.bin' ]
                                    168 ;; Uncompressed:     256 bytes
                                    169 ;; Compressed:       88 bytes
                                    170 ;; Space saved:      168 bytes
                                    171 ;;
                                    172 
                                    173 ;; Declaration of the compressed array and
                                    174 ;; the address of the latest byte of the compressed array (for unpacking purposes)
                                    175 .globl _snowball_3
                                    176 .globl _snowball_3_end
                                    177 
                                    178 ;; Compressed and uncompressed sizes
                         00000058   179 _snowball_3_size_z == 88
                         00000100   180 _snowball_3_size   == 256
                                    181 
                                    182 
                                    183 ;; File 'out/snowball_4.h.s' generated using cpct_pack
                                    184 ;; Compresor used:   zx7b
                                    185 ;; Files compressed: [ 'dat/snowball_4.bin' ]
                                    186 ;; Uncompressed:     256 bytes
                                    187 ;; Compressed:       86 bytes
                                    188 ;; Space saved:      170 bytes
                                    189 ;;
                                    190 
                                    191 ;; Declaration of the compressed array and
                                    192 ;; the address of the latest byte of the compressed array (for unpacking purposes)
                                    193 .globl _snowball_4
                                    194 .globl _snowball_4_end
                                    195 
                                    196 ;; Compressed and uncompressed sizes
                         00000056   197 _snowball_4_size_z == 86
                         00000100   198 _snowball_4_size   == 256
                                    199 
                                    200 
                                    201 ;; File 'out/snowball_5.h.s' generated using cpct_pack
                                    202 ;; Compresor used:   zx7b
                                    203 ;; Files compressed: [ 'dat/snowball_5.bin' ]
                                    204 ;; Uncompressed:     256 bytes
                                    205 ;; Compressed:       62 bytes
                                    206 ;; Space saved:      194 bytes
                                    207 ;;
                                    208 
                                    209 ;; Declaration of the compressed array and
                                    210 ;; the address of the latest byte of the compressed array (for unpacking purposes)
                                    211 .globl _snowball_5
                                    212 .globl _snowball_5_end
                                    213 
                                    214 ;; Compressed and uncompressed sizes
                         0000003E   215 _snowball_5_size_z == 62
                         00000100   216 _snowball_5_size   == 256
                                    217 
                                    218 
                                    219 ;; File 'out/snowball_6.h.s' generated using cpct_pack
                                    220 ;; Compresor used:   zx7b
ASxxxx Assembler V02.00 + NoICE + SDCC mods  (Zilog Z80 / Hitachi HD64180 / ZX-Next / eZ80 / R800)                          Page 5
Hexadecimal [32-Bits]



                                    221 ;; Files compressed: [ 'dat/snowball_6.bin' ]
                                    222 ;; Uncompressed:     256 bytes
                                    223 ;; Compressed:       66 bytes
                                    224 ;; Space saved:      190 bytes
                                    225 ;;
                                    226 
                                    227 ;; Declaration of the compressed array and
                                    228 ;; the address of the latest byte of the compressed array (for unpacking purposes)
                                    229 .globl _snowball_6
                                    230 .globl _snowball_6_end
                                    231 
                                    232 ;; Compressed and uncompressed sizes
                         00000042   233 _snowball_6_size_z == 66
                         00000100   234 _snowball_6_size   == 256
                                    235 
                                    236 
                                    237 ;; File 'out/snowball_7.h.s' generated using cpct_pack
                                    238 ;; Compresor used:   zx7b
                                    239 ;; Files compressed: [ 'dat/snowball_7.bin' ]
                                    240 ;; Uncompressed:     256 bytes
                                    241 ;; Compressed:       67 bytes
                                    242 ;; Space saved:      189 bytes
                                    243 ;;
                                    244 
                                    245 ;; Declaration of the compressed array and
                                    246 ;; the address of the latest byte of the compressed array (for unpacking purposes)
                                    247 .globl _snowball_7
                                    248 .globl _snowball_7_end
                                    249 
                                    250 ;; Compressed and uncompressed sizes
                         00000043   251 _snowball_7_size_z == 67
                         00000100   252 _snowball_7_size   == 256
                                    253 
                                    254 
                                    255 ;; File 'out/snowball_8.h.s' generated using cpct_pack
                                    256 ;; Compresor used:   zx7b
                                    257 ;; Files compressed: [ 'dat/snowball_8.bin' ]
                                    258 ;; Uncompressed:     256 bytes
                                    259 ;; Compressed:       75 bytes
                                    260 ;; Space saved:      181 bytes
                                    261 ;;
                                    262 
                                    263 ;; Declaration of the compressed array and
                                    264 ;; the address of the latest byte of the compressed array (for unpacking purposes)
                                    265 .globl _snowball_8
                                    266 .globl _snowball_8_end
                                    267 
                                    268 ;; Compressed and uncompressed sizes
                         0000004B   269 _snowball_8_size_z == 75
                         00000100   270 _snowball_8_size   == 256
                                    271 
                                    272 
                                    273 ;; File 'out/snowball_9.h.s' generated using cpct_pack
                                    274 ;; Compresor used:   zx7b
                                    275 ;; Files compressed: [ 'dat/snowball_9.bin' ]
ASxxxx Assembler V02.00 + NoICE + SDCC mods  (Zilog Z80 / Hitachi HD64180 / ZX-Next / eZ80 / R800)                          Page 6
Hexadecimal [32-Bits]



                                    276 ;; Uncompressed:     256 bytes
                                    277 ;; Compressed:       84 bytes
                                    278 ;; Space saved:      172 bytes
                                    279 ;;
                                    280 
                                    281 ;; Declaration of the compressed array and
                                    282 ;; the address of the latest byte of the compressed array (for unpacking purposes)
                                    283 .globl _snowball_9
                                    284 .globl _snowball_9_end
                                    285 
                                    286 ;; Compressed and uncompressed sizes
                         00000054   287 _snowball_9_size_z == 84
                         00000100   288 _snowball_9_size   == 256
                                    289 
                                    290 
