ASxxxx Assembler V02.00 + NoICE + SDCC mods  (Zilog Z80 / Hitachi HD64180 / ZX-Next / eZ80 / R800)                          Page 1
Hexadecimal [32-Bits]



                                      1 .area SPRITES
                                      2 
                                      3 ;; File 'out/spider_0.h.s' generated using cpct_pack
                                      4 ;; Compresor used:   zx7b
                                      5 ;; Files compressed: [ 'dat/spider_0.bin' ]
                                      6 ;; Uncompressed:     256 bytes
                                      7 ;; Compressed:       56 bytes
                                      8 ;; Space saved:      200 bytes
                                      9 ;;
                                     10 
                                     11 ;; Declaration of the compressed array and
                                     12 ;; the address of the latest byte of the compressed array (for unpacking purposes)
                                     13 .globl _spider_0
                                     14 .globl _spider_0_end
                                     15 
                                     16 ;; Compressed and uncompressed sizes
                         00000038    17 _spider_0_size_z == 56
                         00000100    18 _spider_0_size   == 256
                                     19 
                                     20 
                                     21 ;; File 'out/spider_10.h.s' generated using cpct_pack
                                     22 ;; Compresor used:   zx7b
                                     23 ;; Files compressed: [ 'dat/spider_10.bin' ]
                                     24 ;; Uncompressed:     256 bytes
                                     25 ;; Compressed:       74 bytes
                                     26 ;; Space saved:      182 bytes
                                     27 ;;
                                     28 
                                     29 ;; Declaration of the compressed array and
                                     30 ;; the address of the latest byte of the compressed array (for unpacking purposes)
                                     31 .globl _spider_10
                                     32 .globl _spider_10_end
                                     33 
                                     34 ;; Compressed and uncompressed sizes
                         0000004A    35 _spider_10_size_z == 74
                         00000100    36 _spider_10_size   == 256
                                     37 
                                     38 
                                     39 ;; File 'out/spider_11.h.s' generated using cpct_pack
                                     40 ;; Compresor used:   zx7b
                                     41 ;; Files compressed: [ 'dat/spider_11.bin' ]
                                     42 ;; Uncompressed:     256 bytes
                                     43 ;; Compressed:       84 bytes
                                     44 ;; Space saved:      172 bytes
                                     45 ;;
                                     46 
                                     47 ;; Declaration of the compressed array and
                                     48 ;; the address of the latest byte of the compressed array (for unpacking purposes)
                                     49 .globl _spider_11
                                     50 .globl _spider_11_end
                                     51 
                                     52 ;; Compressed and uncompressed sizes
                         00000054    53 _spider_11_size_z == 84
                         00000100    54 _spider_11_size   == 256
                                     55 
ASxxxx Assembler V02.00 + NoICE + SDCC mods  (Zilog Z80 / Hitachi HD64180 / ZX-Next / eZ80 / R800)                          Page 2
Hexadecimal [32-Bits]



                                     56 
                                     57 ;; File 'out/spider_1.h.s' generated using cpct_pack
                                     58 ;; Compresor used:   zx7b
                                     59 ;; Files compressed: [ 'dat/spider_1.bin' ]
                                     60 ;; Uncompressed:     256 bytes
                                     61 ;; Compressed:       56 bytes
                                     62 ;; Space saved:      200 bytes
                                     63 ;;
                                     64 
                                     65 ;; Declaration of the compressed array and
                                     66 ;; the address of the latest byte of the compressed array (for unpacking purposes)
                                     67 .globl _spider_1
                                     68 .globl _spider_1_end
                                     69 
                                     70 ;; Compressed and uncompressed sizes
                         00000038    71 _spider_1_size_z == 56
                         00000100    72 _spider_1_size   == 256
                                     73 
                                     74 
                                     75 ;; File 'out/spider_2.h.s' generated using cpct_pack
                                     76 ;; Compresor used:   zx7b
                                     77 ;; Files compressed: [ 'dat/spider_2.bin' ]
                                     78 ;; Uncompressed:     256 bytes
                                     79 ;; Compressed:       56 bytes
                                     80 ;; Space saved:      200 bytes
                                     81 ;;
                                     82 
                                     83 ;; Declaration of the compressed array and
                                     84 ;; the address of the latest byte of the compressed array (for unpacking purposes)
                                     85 .globl _spider_2
                                     86 .globl _spider_2_end
                                     87 
                                     88 ;; Compressed and uncompressed sizes
                         00000038    89 _spider_2_size_z == 56
                         00000100    90 _spider_2_size   == 256
                                     91 
                                     92 
                                     93 ;; File 'out/spider_3.h.s' generated using cpct_pack
                                     94 ;; Compresor used:   zx7b
                                     95 ;; Files compressed: [ 'dat/spider_3.bin' ]
                                     96 ;; Uncompressed:     256 bytes
                                     97 ;; Compressed:       48 bytes
                                     98 ;; Space saved:      208 bytes
                                     99 ;;
                                    100 
                                    101 ;; Declaration of the compressed array and
                                    102 ;; the address of the latest byte of the compressed array (for unpacking purposes)
                                    103 .globl _spider_3
                                    104 .globl _spider_3_end
                                    105 
                                    106 ;; Compressed and uncompressed sizes
                         00000030   107 _spider_3_size_z == 48
                         00000100   108 _spider_3_size   == 256
                                    109 
                                    110 
ASxxxx Assembler V02.00 + NoICE + SDCC mods  (Zilog Z80 / Hitachi HD64180 / ZX-Next / eZ80 / R800)                          Page 3
Hexadecimal [32-Bits]



                                    111 ;; File 'out/spider_4.h.s' generated using cpct_pack
                                    112 ;; Compresor used:   zx7b
                                    113 ;; Files compressed: [ 'dat/spider_4.bin' ]
                                    114 ;; Uncompressed:     256 bytes
                                    115 ;; Compressed:       49 bytes
                                    116 ;; Space saved:      207 bytes
                                    117 ;;
                                    118 
                                    119 ;; Declaration of the compressed array and
                                    120 ;; the address of the latest byte of the compressed array (for unpacking purposes)
                                    121 .globl _spider_4
                                    122 .globl _spider_4_end
                                    123 
                                    124 ;; Compressed and uncompressed sizes
                         00000031   125 _spider_4_size_z == 49
                         00000100   126 _spider_4_size   == 256
                                    127 
                                    128 
                                    129 ;; File 'out/spider_5.h.s' generated using cpct_pack
                                    130 ;; Compresor used:   zx7b
                                    131 ;; Files compressed: [ 'dat/spider_5.bin' ]
                                    132 ;; Uncompressed:     256 bytes
                                    133 ;; Compressed:       43 bytes
                                    134 ;; Space saved:      213 bytes
                                    135 ;;
                                    136 
                                    137 ;; Declaration of the compressed array and
                                    138 ;; the address of the latest byte of the compressed array (for unpacking purposes)
                                    139 .globl _spider_5
                                    140 .globl _spider_5_end
                                    141 
                                    142 ;; Compressed and uncompressed sizes
                         0000002B   143 _spider_5_size_z == 43
                         00000100   144 _spider_5_size   == 256
                                    145 
                                    146 
                                    147 ;; File 'out/spider_6.h.s' generated using cpct_pack
                                    148 ;; Compresor used:   zx7b
                                    149 ;; Files compressed: [ 'dat/spider_6.bin' ]
                                    150 ;; Uncompressed:     256 bytes
                                    151 ;; Compressed:       69 bytes
                                    152 ;; Space saved:      187 bytes
                                    153 ;;
                                    154 
                                    155 ;; Declaration of the compressed array and
                                    156 ;; the address of the latest byte of the compressed array (for unpacking purposes)
                                    157 .globl _spider_6
                                    158 .globl _spider_6_end
                                    159 
                                    160 ;; Compressed and uncompressed sizes
                         00000045   161 _spider_6_size_z == 69
                         00000100   162 _spider_6_size   == 256
                                    163 
                                    164 
                                    165 ;; File 'out/spider_7.h.s' generated using cpct_pack
ASxxxx Assembler V02.00 + NoICE + SDCC mods  (Zilog Z80 / Hitachi HD64180 / ZX-Next / eZ80 / R800)                          Page 4
Hexadecimal [32-Bits]



                                    166 ;; Compresor used:   zx7b
                                    167 ;; Files compressed: [ 'dat/spider_7.bin' ]
                                    168 ;; Uncompressed:     256 bytes
                                    169 ;; Compressed:       79 bytes
                                    170 ;; Space saved:      177 bytes
                                    171 ;;
                                    172 
                                    173 ;; Declaration of the compressed array and
                                    174 ;; the address of the latest byte of the compressed array (for unpacking purposes)
                                    175 .globl _spider_7
                                    176 .globl _spider_7_end
                                    177 
                                    178 ;; Compressed and uncompressed sizes
                         0000004F   179 _spider_7_size_z == 79
                         00000100   180 _spider_7_size   == 256
                                    181 
                                    182 
                                    183 ;; File 'out/spider_8.h.s' generated using cpct_pack
                                    184 ;; Compresor used:   zx7b
                                    185 ;; Files compressed: [ 'dat/spider_8.bin' ]
                                    186 ;; Uncompressed:     256 bytes
                                    187 ;; Compressed:       81 bytes
                                    188 ;; Space saved:      175 bytes
                                    189 ;;
                                    190 
                                    191 ;; Declaration of the compressed array and
                                    192 ;; the address of the latest byte of the compressed array (for unpacking purposes)
                                    193 .globl _spider_8
                                    194 .globl _spider_8_end
                                    195 
                                    196 ;; Compressed and uncompressed sizes
                         00000051   197 _spider_8_size_z == 81
                         00000100   198 _spider_8_size   == 256
                                    199 
                                    200 
                                    201 ;; File 'out/spider_9.h.s' generated using cpct_pack
                                    202 ;; Compresor used:   zx7b
                                    203 ;; Files compressed: [ 'dat/spider_9.bin' ]
                                    204 ;; Uncompressed:     256 bytes
                                    205 ;; Compressed:       82 bytes
                                    206 ;; Space saved:      174 bytes
                                    207 ;;
                                    208 
                                    209 ;; Declaration of the compressed array and
                                    210 ;; the address of the latest byte of the compressed array (for unpacking purposes)
                                    211 .globl _spider_9
                                    212 .globl _spider_9_end
                                    213 
                                    214 ;; Compressed and uncompressed sizes
                         00000052   215 _spider_9_size_z == 82
                         00000100   216 _spider_9_size   == 256
                                    217 
                                    218 
