                                      1 ;--------------------------------------------------------
                                      2 ; File Created by SDCC : free open source ISO C Compiler
                                      3 ; Version 4.5.0 #15242 (Linux)
                                      4 ;--------------------------------------------------------
                                      5 	.module images
                                      6 	
                                      7 	.optsdcc -mz80 sdcccall(1)
                                      8 ;--------------------------------------------------------
                                      9 ; Public variables in this module
                                     10 ;--------------------------------------------------------
                                     11 	.globl _img_loading_data
                                     12 	.globl _img_in
                                     13 ;--------------------------------------------------------
                                     14 ; special function registers
                                     15 ;--------------------------------------------------------
                                     16 ;--------------------------------------------------------
                                     17 ; ram data
                                     18 ;--------------------------------------------------------
                                     19 	.area _DATA
                                     20 ;--------------------------------------------------------
                                     21 ; ram data
                                     22 ;--------------------------------------------------------
                                     23 	.area _INITIALIZED
                                     24 ;--------------------------------------------------------
                                     25 ; absolute external ram data
                                     26 ;--------------------------------------------------------
                                     27 	.area _DABS (ABS)
                                     28 ;--------------------------------------------------------
                                     29 ; global & static initialisations
                                     30 ;--------------------------------------------------------
                                     31 	.area _HOME
                                     32 	.area _GSINIT
                                     33 	.area _GSFINAL
                                     34 	.area _GSINIT
                                     35 ;--------------------------------------------------------
                                     36 ; Home
                                     37 ;--------------------------------------------------------
                                     38 	.area _HOME
                                     39 	.area _HOME
                                     40 ;--------------------------------------------------------
                                     41 ; code
                                     42 ;--------------------------------------------------------
                                     43 	.area _CODE
                                     44 	.area _CODE
                                     45 	.area _DATA
                                     46 	.area _DATA
    00000000                         47 _img_in:
    00000000 00                      48 	.db #0x00	; 0
    00000001 0F                      49 	.db #0x0f	; 15
    00000002 00                      50 	.db #0x00	; 0
    00000003 03                      51 	.db #0x03	; 3
    00000004 0C                      52 	.db #0x0c	; 12
    00000005 03                      53 	.db #0x03	; 3
    00000006 0C                      54 	.db #0x0c	; 12
    00000007 00                      55 	.db #0x00	; 0
    00000008 00                      56 	.db #0x00	; 0
    00000009 00                      57 	.db #0x00	; 0
    0000000A 01                      58 	.db #0x01	; 1
    0000000B 0F                      59 	.db #0x0f	; 15
    0000000C 08                      60 	.db #0x08	; 8
    0000000D 07                      61 	.db #0x07	; 7
    0000000E 0E                      62 	.db #0x0e	; 14
    0000000F 07                      63 	.db #0x07	; 7
    00000010 0E                      64 	.db #0x0e	; 14
    00000011 00                      65 	.db #0x00	; 0
    00000012 00                      66 	.db #0x00	; 0
    00000013 00                      67 	.db #0x00	; 0
    00000014 03                      68 	.db #0x03	; 3
    00000015 F0                      69 	.db #0xf0	; 240
    00000016 0C                      70 	.db #0x0c	; 12
    00000017 3C                      71 	.db #0x3c	; 60
    00000018 C3                      72 	.db #0xc3	; 195
    00000019 3C                      73 	.db #0x3c	; 60
    0000001A C3                      74 	.db #0xc3	; 195
    0000001B 00                      75 	.db #0x00	; 0
    0000001C 0F                      76 	.db #0x0f	; 15
    0000001D 00                      77 	.db #0x00	; 0
    0000001E 03                      78 	.db #0x03	; 3
    0000001F F0                      79 	.db #0xf0	; 240
    00000020 0C                      80 	.db #0x0c	; 12
    00000021 3C                      81 	.db #0x3c	; 60
    00000022 C3                      82 	.db #0xc3	; 195
    00000023 3C                      83 	.db #0x3c	; 60
    00000024 C3                      84 	.db #0xc3	; 195
    00000025 01                      85 	.db #0x01	; 1
    00000026 0F                      86 	.db #0x0f	; 15
    00000027 08                      87 	.db #0x08	; 8
    00000028 03                      88 	.db #0x03	; 3
    00000029 F0                      89 	.db #0xf0	; 240
    0000002A 0C                      90 	.db #0x0c	; 12
    0000002B 3C                      91 	.db #0x3c	; 60
    0000002C C3                      92 	.db #0xc3	; 195
    0000002D 3C                      93 	.db #0x3c	; 60
    0000002E C3                      94 	.db #0xc3	; 195
    0000002F 03                      95 	.db #0x03	; 3
    00000030 F0                      96 	.db #0xf0	; 240
    00000031 0C                      97 	.db #0x0c	; 12
    00000032 03                      98 	.db #0x03	; 3
    00000033 F0                      99 	.db #0xf0	; 240
    00000034 0C                     100 	.db #0x0c	; 12
    00000035 3C                     101 	.db #0x3c	; 60
    00000036 C3                     102 	.db #0xc3	; 195
    00000037 3C                     103 	.db #0x3c	; 60
    00000038 C3                     104 	.db #0xc3	; 195
    00000039 03                     105 	.db #0x03	; 3
    0000003A F0                     106 	.db #0xf0	; 240
    0000003B 0C                     107 	.db #0x0c	; 12
    0000003C 03                     108 	.db #0x03	; 3
    0000003D F0                     109 	.db #0xf0	; 240
    0000003E 0C                     110 	.db #0x0c	; 12
    0000003F 3C                     111 	.db #0x3c	; 60
    00000040 F0                     112 	.db #0xf0	; 240
    00000041 3C                     113 	.db #0x3c	; 60
    00000042 C3                     114 	.db #0xc3	; 195
    00000043 03                     115 	.db #0x03	; 3
    00000044 F0                     116 	.db #0xf0	; 240
    00000045 0C                     117 	.db #0x0c	; 12
    00000046 03                     118 	.db #0x03	; 3
    00000047 F0                     119 	.db #0xf0	; 240
    00000048 0C                     120 	.db #0x0c	; 12
    00000049 3C                     121 	.db #0x3c	; 60
    0000004A F0                     122 	.db #0xf0	; 240
    0000004B 3C                     123 	.db #0x3c	; 60
    0000004C C3                     124 	.db #0xc3	; 195
    0000004D 03                     125 	.db #0x03	; 3
    0000004E F0                     126 	.db #0xf0	; 240
    0000004F 0C                     127 	.db #0x0c	; 12
    00000050 03                     128 	.db #0x03	; 3
    00000051 F0                     129 	.db #0xf0	; 240
    00000052 0C                     130 	.db #0x0c	; 12
    00000053 3C                     131 	.db #0x3c	; 60
    00000054 F0                     132 	.db #0xf0	; 240
    00000055 F0                     133 	.db #0xf0	; 240
    00000056 C3                     134 	.db #0xc3	; 195
    00000057 01                     135 	.db #0x01	; 1
    00000058 0F                     136 	.db #0x0f	; 15
    00000059 08                     137 	.db #0x08	; 8
    0000005A 03                     138 	.db #0x03	; 3
    0000005B FA                     139 	.db #0xfa	; 250
    0000005C 0C                     140 	.db #0x0c	; 12
    0000005D 3E                     141 	.db #0x3e	; 62
    0000005E FA                     142 	.db #0xfa	; 250
    0000005F FA                     143 	.db #0xfa	; 250
    00000060 CB                     144 	.db #0xcb	; 203
    00000061 00                     145 	.db #0x00	; 0
    00000062 0F                     146 	.db #0x0f	; 15
    00000063 00                     147 	.db #0x00	; 0
    00000064 03                     148 	.db #0x03	; 3
    00000065 F5                     149 	.db #0xf5	; 245
    00000066 0C                     150 	.db #0x0c	; 12
    00000067 3D                     151 	.db #0x3d	; 61
    00000068 C7                     152 	.db #0xc7	; 199
    00000069 F5                     153 	.db #0xf5	; 245
    0000006A C7                     154 	.db #0xc7	; 199
    0000006B 00                     155 	.db #0x00	; 0
    0000006C 00                     156 	.db #0x00	; 0
    0000006D 00                     157 	.db #0x00	; 0
    0000006E 03                     158 	.db #0x03	; 3
    0000006F FA                     159 	.db #0xfa	; 250
    00000070 0C                     160 	.db #0x0c	; 12
    00000071 3E                     161 	.db #0x3e	; 62
    00000072 CB                     162 	.db #0xcb	; 203
    00000073 FA                     163 	.db #0xfa	; 250
    00000074 CB                     164 	.db #0xcb	; 203
    00000075 00                     165 	.db #0x00	; 0
    00000076 00                     166 	.db #0x00	; 0
    00000077 00                     167 	.db #0x00	; 0
    00000078 03                     168 	.db #0x03	; 3
    00000079 F5                     169 	.db #0xf5	; 245
    0000007A 0C                     170 	.db #0x0c	; 12
    0000007B 3D                     171 	.db #0x3d	; 61
    0000007C C7                     172 	.db #0xc7	; 199
    0000007D 3D                     173 	.db #0x3d	; 61
    0000007E C7                     174 	.db #0xc7	; 199
    0000007F 00                     175 	.db #0x00	; 0
    00000080 00                     176 	.db #0x00	; 0
    00000081 00                     177 	.db #0x00	; 0
    00000082 03                     178 	.db #0x03	; 3
    00000083 FA                     179 	.db #0xfa	; 250
    00000084 0C                     180 	.db #0x0c	; 12
    00000085 3E                     181 	.db #0x3e	; 62
    00000086 CB                     182 	.db #0xcb	; 203
    00000087 3E                     183 	.db #0x3e	; 62
    00000088 CB                     184 	.db #0xcb	; 203
    00000089 00                     185 	.db #0x00	; 0
    0000008A 00                     186 	.db #0x00	; 0
    0000008B 00                     187 	.db #0x00	; 0
    0000008C 03                     188 	.db #0x03	; 3
    0000008D F5                     189 	.db #0xf5	; 245
    0000008E 0C                     190 	.db #0x0c	; 12
    0000008F 3D                     191 	.db #0x3d	; 61
    00000090 C7                     192 	.db #0xc7	; 199
    00000091 3D                     193 	.db #0x3d	; 61
    00000092 C7                     194 	.db #0xc7	; 199
    00000093 00                     195 	.db #0x00	; 0
    00000094 0F                     196 	.db #0x0f	; 15
    00000095 00                     197 	.db #0x00	; 0
    00000096 03                     198 	.db #0x03	; 3
    00000097 FF                     199 	.db #0xff	; 255
    00000098 0C                     200 	.db #0x0c	; 12
    00000099 3F                     201 	.db #0x3f	; 63
    0000009A CF                     202 	.db #0xcf	; 207
    0000009B 3F                     203 	.db #0x3f	; 63
    0000009C CF                     204 	.db #0xcf	; 207
    0000009D 01                     205 	.db #0x01	; 1
    0000009E 0F                     206 	.db #0x0f	; 15
    0000009F 08                     207 	.db #0x08	; 8
    000000A0 03                     208 	.db #0x03	; 3
    000000A1 FF                     209 	.db #0xff	; 255
    000000A2 0C                     210 	.db #0x0c	; 12
    000000A3 3F                     211 	.db #0x3f	; 63
    000000A4 CF                     212 	.db #0xcf	; 207
    000000A5 3F                     213 	.db #0x3f	; 63
    000000A6 CF                     214 	.db #0xcf	; 207
    000000A7 03                     215 	.db #0x03	; 3
    000000A8 FF                     216 	.db #0xff	; 255
    000000A9 0C                     217 	.db #0x0c	; 12
    000000AA 03                     218 	.db #0x03	; 3
    000000AB FF                     219 	.db #0xff	; 255
    000000AC 0C                     220 	.db #0x0c	; 12
    000000AD 3F                     221 	.db #0x3f	; 63
    000000AE CF                     222 	.db #0xcf	; 207
    000000AF 3F                     223 	.db #0x3f	; 63
    000000B0 CF                     224 	.db #0xcf	; 207
    000000B1 03                     225 	.db #0x03	; 3
    000000B2 FF                     226 	.db #0xff	; 255
    000000B3 0C                     227 	.db #0x0c	; 12
    000000B4 03                     228 	.db #0x03	; 3
    000000B5 FF                     229 	.db #0xff	; 255
    000000B6 0C                     230 	.db #0x0c	; 12
    000000B7 3F                     231 	.db #0x3f	; 63
    000000B8 CF                     232 	.db #0xcf	; 207
    000000B9 3F                     233 	.db #0x3f	; 63
    000000BA CF                     234 	.db #0xcf	; 207
    000000BB 03                     235 	.db #0x03	; 3
    000000BC FF                     236 	.db #0xff	; 255
    000000BD 0C                     237 	.db #0x0c	; 12
    000000BE 03                     238 	.db #0x03	; 3
    000000BF FF                     239 	.db #0xff	; 255
    000000C0 0C                     240 	.db #0x0c	; 12
    000000C1 3F                     241 	.db #0x3f	; 63
    000000C2 CF                     242 	.db #0xcf	; 207
    000000C3 3F                     243 	.db #0x3f	; 63
    000000C4 CF                     244 	.db #0xcf	; 207
    000000C5 03                     245 	.db #0x03	; 3
    000000C6 FF                     246 	.db #0xff	; 255
    000000C7 0C                     247 	.db #0x0c	; 12
    000000C8 03                     248 	.db #0x03	; 3
    000000C9 FF                     249 	.db #0xff	; 255
    000000CA 0C                     250 	.db #0x0c	; 12
    000000CB 3F                     251 	.db #0x3f	; 63
    000000CC CF                     252 	.db #0xcf	; 207
    000000CD 3F                     253 	.db #0x3f	; 63
    000000CE CF                     254 	.db #0xcf	; 207
    000000CF 01                     255 	.db #0x01	; 1
    000000D0 0F                     256 	.db #0x0f	; 15
    000000D1 08                     257 	.db #0x08	; 8
    000000D2 03                     258 	.db #0x03	; 3
    000000D3 FF                     259 	.db #0xff	; 255
    000000D4 0C                     260 	.db #0x0c	; 12
    000000D5 3F                     261 	.db #0x3f	; 63
    000000D6 CF                     262 	.db #0xcf	; 207
    000000D7 3F                     263 	.db #0x3f	; 63
    000000D8 CF                     264 	.db #0xcf	; 207
    000000D9 00                     265 	.db #0x00	; 0
    000000DA 0F                     266 	.db #0x0f	; 15
    000000DB 00                     267 	.db #0x00	; 0
    000000DC 01                     268 	.db #0x01	; 1
    000000DD 0F                     269 	.db #0x0f	; 15
    000000DE 08                     270 	.db #0x08	; 8
    000000DF 07                     271 	.db #0x07	; 7
    000000E0 0E                     272 	.db #0x0e	; 14
    000000E1 07                     273 	.db #0x07	; 7
    000000E2 0E                     274 	.db #0x0e	; 14
    000000E3 00                     275 	.db #0x00	; 0
    000000E4 00                     276 	.db #0x00	; 0
    000000E5 00                     277 	.db #0x00	; 0
    000000E6 00                     278 	.db #0x00	; 0
    000000E7 0F                     279 	.db #0x0f	; 15
    000000E8 00                     280 	.db #0x00	; 0
    000000E9 03                     281 	.db #0x03	; 3
    000000EA 0C                     282 	.db #0x0c	; 12
    000000EB 03                     283 	.db #0x03	; 3
    000000EC 0C                     284 	.db #0x0c	; 12
    000000ED 00                     285 	.db #0x00	; 0
    000000EE 00                     286 	.db #0x00	; 0
    000000EF 00                     287 	.db #0x00	; 0
                                    288 	.area _CODE
                                    289 	.area _DATA
    000000F0                        290 _img_loading_data:
    000000F0 30                     291 	.db #0x30	; 48	'0'
    000000F1 00                     292 	.db #0x00	; 0
    000000F2 00                     293 	.db #0x00	; 0
    000000F3 F0                     294 	.db #0xf0	; 240
    000000F4 00                     295 	.db #0x00	; 0
    000000F5 30                     296 	.db #0x30	; 48	'0'
    000000F6 00                     297 	.db #0x00	; 0
    000000F7 70                     298 	.db #0x70	; 112	'p'
    000000F8 C0                     299 	.db #0xc0	; 192
    000000F9 30                     300 	.db #0x30	; 48	'0'
    000000FA 10                     301 	.db #0x10	; 16
    000000FB 90                     302 	.db #0x90	; 144
    000000FC 80                     303 	.db #0x80	; 128
    000000FD 70                     304 	.db #0x70	; 112	'p'
    000000FE 80                     305 	.db #0x80	; 128
    000000FF 00                     306 	.db #0x00	; 0
    00000100 30                     307 	.db #0x30	; 48	'0'
    00000101 E0                     308 	.db #0xe0	; 224
    00000102 00                     309 	.db #0x00	; 0
    00000103 60                     310 	.db #0x60	; 96
    00000104 10                     311 	.db #0x10	; 16
    00000105 F0                     312 	.db #0xf0	; 240
    00000106 80                     313 	.db #0x80	; 128
    00000107 60                     314 	.db #0x60	; 96
    00000108 00                     315 	.db #0x00	; 0
    00000109 73                     316 	.db #0x73	; 115	's'
    0000010A 80                     317 	.db #0x80	; 128
    0000010B 10                     318 	.db #0x10	; 16
    0000010C FF                     319 	.db #0xff	; 255
    0000010D 80                     320 	.db #0x80	; 128
    0000010E 73                     321 	.db #0x73	; 115	's'
    0000010F 80                     322 	.db #0x80	; 128
    00000110 F7                     323 	.db #0xf7	; 247
    00000111 EC                     324 	.db #0xec	; 236
    00000112 73                     325 	.db #0x73	; 115	's'
    00000113 B1                     326 	.db #0xb1	; 177
    00000114 F9                     327 	.db #0xf9	; 249
    00000115 C8                     328 	.db #0xc8	; 200
    00000116 F7                     329 	.db #0xf7	; 247
    00000117 C8                     330 	.db #0xc8	; 200
    00000118 00                     331 	.db #0x00	; 0
    00000119 73                     332 	.db #0x73	; 115	's'
    0000011A FE                     333 	.db #0xfe	; 254
    0000011B 00                     334 	.db #0x00	; 0
    0000011C F6                     335 	.db #0xf6	; 246
    0000011D 31                     336 	.db #0x31	; 49	'1'
    0000011E FF                     337 	.db #0xff	; 255
    0000011F C8                     338 	.db #0xc8	; 200
    00000120 F6                     339 	.db #0xf6	; 246
    00000121 00                     340 	.db #0x00	; 0
    00000122 73                     341 	.db #0x73	; 115	's'
    00000123 80                     342 	.db #0x80	; 128
    00000124 31                     343 	.db #0x31	; 49	'1'
    00000125 FF                     344 	.db #0xff	; 255
    00000126 C8                     345 	.db #0xc8	; 200
    00000127 73                     346 	.db #0x73	; 115	's'
    00000128 80                     347 	.db #0x80	; 128
    00000129 F7                     348 	.db #0xf7	; 247
    0000012A FE                     349 	.db #0xfe	; 254
    0000012B 73                     350 	.db #0x73	; 115	's'
    0000012C B1                     351 	.db #0xb1	; 177
    0000012D F9                     352 	.db #0xf9	; 249
    0000012E D8                     353 	.db #0xd8	; 216
    0000012F FF                     354 	.db #0xff	; 255
    00000130 EC                     355 	.db #0xec	; 236
    00000131 00                     356 	.db #0x00	; 0
    00000132 73                     357 	.db #0x73	; 115	's'
    00000133 FF                     358 	.db #0xff	; 255
    00000134 80                     359 	.db #0x80	; 128
    00000135 F6                     360 	.db #0xf6	; 246
    00000136 31                     361 	.db #0x31	; 49	'1'
    00000137 FF                     362 	.db #0xff	; 255
    00000138 C8                     363 	.db #0xc8	; 200
    00000139 F6                     364 	.db #0xf6	; 246
    0000013A 00                     365 	.db #0x00	; 0
    0000013B 73                     366 	.db #0x73	; 115	's'
    0000013C 80                     367 	.db #0x80	; 128
    0000013D 31                     368 	.db #0x31	; 49	'1'
    0000013E F9                     369 	.db #0xf9	; 249
    0000013F C8                     370 	.db #0xc8	; 200
    00000140 F7                     371 	.db #0xf7	; 247
    00000141 C8                     372 	.db #0xc8	; 200
    00000142 F6                     373 	.db #0xf6	; 246
    00000143 F6                     374 	.db #0xf6	; 246
    00000144 73                     375 	.db #0x73	; 115	's'
    00000145 B1                     376 	.db #0xb1	; 177
    00000146 FD                     377 	.db #0xfd	; 253
    00000147 D8                     378 	.db #0xd8	; 216
    00000148 FC                     379 	.db #0xfc	; 252
    00000149 EC                     380 	.db #0xec	; 236
    0000014A 00                     381 	.db #0x00	; 0
    0000014B 73                     382 	.db #0x73	; 115	's'
    0000014C F3                     383 	.db #0xf3	; 243
    0000014D 90                     384 	.db #0x90	; 144
    0000014E FF                     385 	.db #0xff	; 255
    0000014F 90                     386 	.db #0x90	; 144
    00000150 F6                     387 	.db #0xf6	; 246
    00000151 90                     388 	.db #0x90	; 144
    00000152 FF                     389 	.db #0xff	; 255
    00000153 80                     390 	.db #0x80	; 128
    00000154 73                     391 	.db #0x73	; 115	's'
    00000155 80                     392 	.db #0x80	; 128
    00000156 31                     393 	.db #0x31	; 49	'1'
    00000157 F9                     394 	.db #0xf9	; 249
    00000158 C8                     395 	.db #0xc8	; 200
    00000159 F7                     396 	.db #0xf7	; 247
    0000015A C8                     397 	.db #0xc8	; 200
    0000015B F6                     398 	.db #0xf6	; 246
    0000015C F6                     399 	.db #0xf6	; 246
    0000015D 73                     400 	.db #0x73	; 115	's'
    0000015E B1                     401 	.db #0xb1	; 177
    0000015F FF                     402 	.db #0xff	; 255
    00000160 D8                     403 	.db #0xd8	; 216
    00000161 EC                     404 	.db #0xec	; 236
    00000162 C0                     405 	.db #0xc0	; 192
    00000163 00                     406 	.db #0x00	; 0
    00000164 73                     407 	.db #0x73	; 115	's'
    00000165 F3                     408 	.db #0xf3	; 243
    00000166 90                     409 	.db #0x90	; 144
    00000167 FF                     410 	.db #0xff	; 255
    00000168 80                     411 	.db #0x80	; 128
    00000169 F6                     412 	.db #0xf6	; 246
    0000016A 10                     413 	.db #0x10	; 16
    0000016B FF                     414 	.db #0xff	; 255
    0000016C 80                     415 	.db #0x80	; 128
    0000016D 73                     416 	.db #0x73	; 115	's'
    0000016E 80                     417 	.db #0x80	; 128
    0000016F 31                     418 	.db #0x31	; 49	'1'
    00000170 F9                     419 	.db #0xf9	; 249
    00000171 D8                     420 	.db #0xd8	; 216
    00000172 FC                     421 	.db #0xfc	; 252
    00000173 EC                     422 	.db #0xec	; 236
    00000174 F6                     423 	.db #0xf6	; 246
    00000175 F6                     424 	.db #0xf6	; 246
    00000176 73                     425 	.db #0x73	; 115	's'
    00000177 B1                     426 	.db #0xb1	; 177
    00000178 FB                     427 	.db #0xfb	; 251
    00000179 D8                     428 	.db #0xd8	; 216
    0000017A FC                     429 	.db #0xfc	; 252
    0000017B C0                     430 	.db #0xc0	; 192
    0000017C 00                     431 	.db #0x00	; 0
    0000017D 73                     432 	.db #0x73	; 115	's'
    0000017E F3                     433 	.db #0xf3	; 243
    0000017F B1                     434 	.db #0xb1	; 177
    00000180 F9                     435 	.db #0xf9	; 249
    00000181 C8                     436 	.db #0xc8	; 200
    00000182 F6                     437 	.db #0xf6	; 246
    00000183 31                     438 	.db #0x31	; 49	'1'
    00000184 F9                     439 	.db #0xf9	; 249
    00000185 C8                     440 	.db #0xc8	; 200
    00000186 43                     441 	.db #0x43	; 67	'C'
    00000187 80                     442 	.db #0x80	; 128
    00000188 21                     443 	.db #0x21	; 33
    00000189 69                     444 	.db #0x69	; 105	'i'
    0000018A 58                     445 	.db #0x58	; 88	'X'
    0000018B 3C                     446 	.db #0x3c	; 60
    0000018C 2C                     447 	.db #0x2c	; 44
    0000018D 96                     448 	.db #0x96	; 150
    0000018E 96                     449 	.db #0x96	; 150
    0000018F 43                     450 	.db #0x43	; 67	'C'
    00000190 A1                     451 	.db #0xa1	; 161
    00000191 69                     452 	.db #0x69	; 105	'i'
    00000192 58                     453 	.db #0x58	; 88	'X'
    00000193 2D                     454 	.db #0x2d	; 45
    00000194 2C                     455 	.db #0x2c	; 44
    00000195 00                     456 	.db #0x00	; 0
    00000196 43                     457 	.db #0x43	; 67	'C'
    00000197 C3                     458 	.db #0xc3	; 195
    00000198 A1                     459 	.db #0xa1	; 161
    00000199 69                     460 	.db #0x69	; 105	'i'
    0000019A 48                     461 	.db #0x48	; 72	'H'
    0000019B 96                     462 	.db #0x96	; 150
    0000019C 21                     463 	.db #0x21	; 33
    0000019D 69                     464 	.db #0x69	; 105	'i'
    0000019E 48                     465 	.db #0x48	; 72	'H'
    0000019F 43                     466 	.db #0x43	; 67	'C'
    000001A0 80                     467 	.db #0x80	; 128
    000001A1 21                     468 	.db #0x21	; 33
    000001A2 69                     469 	.db #0x69	; 105	'i'
    000001A3 58                     470 	.db #0x58	; 88	'X'
    000001A4 0F                     471 	.db #0x0f	; 15
    000001A5 2C                     472 	.db #0x2c	; 44
    000001A6 96                     473 	.db #0x96	; 150
    000001A7 96                     474 	.db #0x96	; 150
    000001A8 43                     475 	.db #0x43	; 67	'C'
    000001A9 A1                     476 	.db #0xa1	; 161
    000001AA 69                     477 	.db #0x69	; 105	'i'
    000001AB 58                     478 	.db #0x58	; 88	'X'
    000001AC 2D                     479 	.db #0x2d	; 45
    000001AD 2C                     480 	.db #0x2c	; 44
    000001AE 00                     481 	.db #0x00	; 0
    000001AF 43                     482 	.db #0x43	; 67	'C'
    000001B0 C3                     483 	.db #0xc3	; 195
    000001B1 A1                     484 	.db #0xa1	; 161
    000001B2 0F                     485 	.db #0x0f	; 15
    000001B3 48                     486 	.db #0x48	; 72	'H'
    000001B4 96                     487 	.db #0x96	; 150
    000001B5 21                     488 	.db #0x21	; 33
    000001B6 0F                     489 	.db #0x0f	; 15
    000001B7 48                     490 	.db #0x48	; 72	'H'
    000001B8 43                     491 	.db #0x43	; 67	'C'
    000001B9 F0                     492 	.db #0xf0	; 240
    000001BA 21                     493 	.db #0x21	; 33
    000001BB 69                     494 	.db #0x69	; 105	'i'
    000001BC 58                     495 	.db #0x58	; 88	'X'
    000001BD 0F                     496 	.db #0x0f	; 15
    000001BE 2C                     497 	.db #0x2c	; 44
    000001BF 96                     498 	.db #0x96	; 150
    000001C0 96                     499 	.db #0x96	; 150
    000001C1 43                     500 	.db #0x43	; 67	'C'
    000001C2 A1                     501 	.db #0xa1	; 161
    000001C3 69                     502 	.db #0x69	; 105	'i'
    000001C4 58                     503 	.db #0x58	; 88	'X'
    000001C5 3C                     504 	.db #0x3c	; 60
    000001C6 2C                     505 	.db #0x2c	; 44
    000001C7 00                     506 	.db #0x00	; 0
    000001C8 43                     507 	.db #0x43	; 67	'C'
    000001C9 C3                     508 	.db #0xc3	; 195
    000001CA A1                     509 	.db #0xa1	; 161
    000001CB 0F                     510 	.db #0x0f	; 15
    000001CC 48                     511 	.db #0x48	; 72	'H'
    000001CD 96                     512 	.db #0x96	; 150
    000001CE 21                     513 	.db #0x21	; 33
    000001CF 0F                     514 	.db #0x0f	; 15
    000001D0 48                     515 	.db #0x48	; 72	'H'
    000001D1 43                     516 	.db #0x43	; 67	'C'
    000001D2 0F                     517 	.db #0x0f	; 15
    000001D3 A1                     518 	.db #0xa1	; 161
    000001D4 0F                     519 	.db #0x0f	; 15
    000001D5 58                     520 	.db #0x58	; 88	'X'
    000001D6 3C                     521 	.db #0x3c	; 60
    000001D7 2C                     522 	.db #0x2c	; 44
    000001D8 87                     523 	.db #0x87	; 135
    000001D9 1E                     524 	.db #0x1e	; 30
    000001DA 43                     525 	.db #0x43	; 67	'C'
    000001DB A1                     526 	.db #0xa1	; 161
    000001DC 69                     527 	.db #0x69	; 105	'i'
    000001DD 58                     528 	.db #0x58	; 88	'X'
    000001DE 0F                     529 	.db #0x0f	; 15
    000001DF 2C                     530 	.db #0x2c	; 44
    000001E0 00                     531 	.db #0x00	; 0
    000001E1 43                     532 	.db #0x43	; 67	'C'
    000001E2 0F                     533 	.db #0x0f	; 15
    000001E3 A1                     534 	.db #0xa1	; 161
    000001E4 69                     535 	.db #0x69	; 105	'i'
    000001E5 48                     536 	.db #0x48	; 72	'H'
    000001E6 96                     537 	.db #0x96	; 150
    000001E7 21                     538 	.db #0x21	; 33
    000001E8 69                     539 	.db #0x69	; 105	'i'
    000001E9 48                     540 	.db #0x48	; 72	'H'
    000001EA 43                     541 	.db #0x43	; 67	'C'
    000001EB 0F                     542 	.db #0x0f	; 15
    000001EC 90                     543 	.db #0x90	; 144
    000001ED 0F                     544 	.db #0x0f	; 15
    000001EE 90                     545 	.db #0x90	; 144
    000001EF 3C                     546 	.db #0x3c	; 60
    000001F0 2C                     547 	.db #0x2c	; 44
    000001F1 87                     548 	.db #0x87	; 135
    000001F2 2C                     549 	.db #0x2c	; 44
    000001F3 43                     550 	.db #0x43	; 67	'C'
    000001F4 A1                     551 	.db #0xa1	; 161
    000001F5 69                     552 	.db #0x69	; 105	'i'
    000001F6 48                     553 	.db #0x48	; 72	'H'
    000001F7 87                     554 	.db #0x87	; 135
    000001F8 48                     555 	.db #0x48	; 72	'H'
    000001F9 00                     556 	.db #0x00	; 0
    000001FA 43                     557 	.db #0x43	; 67	'C'
    000001FB 1E                     558 	.db #0x1e	; 30
    000001FC 21                     559 	.db #0x21	; 33
    000001FD 69                     560 	.db #0x69	; 105	'i'
    000001FE 48                     561 	.db #0x48	; 72	'H'
    000001FF 96                     562 	.db #0x96	; 150
    00000200 21                     563 	.db #0x21	; 33
    00000201 69                     564 	.db #0x69	; 105	'i'
    00000202 48                     565 	.db #0x48	; 72	'H'
    00000203 30                     566 	.db #0x30	; 48	'0'
    00000204 F0                     567 	.db #0xf0	; 240
    00000205 00                     568 	.db #0x00	; 0
    00000206 F0                     569 	.db #0xf0	; 240
    00000207 00                     570 	.db #0x00	; 0
    00000208 C0                     571 	.db #0xc0	; 192
    00000209 C0                     572 	.db #0xc0	; 192
    0000020A 70                     573 	.db #0x70	; 112	'p'
    0000020B C0                     574 	.db #0xc0	; 192
    0000020C 30                     575 	.db #0x30	; 48	'0'
    0000020D 10                     576 	.db #0x10	; 16
    0000020E 90                     577 	.db #0x90	; 144
    0000020F 80                     578 	.db #0x80	; 128
    00000210 70                     579 	.db #0x70	; 112	'p'
    00000211 80                     580 	.db #0x80	; 128
    00000212 00                     581 	.db #0x00	; 0
    00000213 30                     582 	.db #0x30	; 48	'0'
    00000214 E0                     583 	.db #0xe0	; 224
    00000215 10                     584 	.db #0x10	; 16
    00000216 90                     585 	.db #0x90	; 144
    00000217 80                     586 	.db #0x80	; 128
    00000218 60                     587 	.db #0x60	; 96
    00000219 10                     588 	.db #0x10	; 16
    0000021A 90                     589 	.db #0x90	; 144
    0000021B 80                     590 	.db #0x80	; 128
    0000021C 00                     591 	.db #0x00	; 0
    0000021D 00                     592 	.db #0x00	; 0
    0000021E 00                     593 	.db #0x00	; 0
    0000021F 00                     594 	.db #0x00	; 0
    00000220 00                     595 	.db #0x00	; 0
    00000221 00                     596 	.db #0x00	; 0
    00000222 00                     597 	.db #0x00	; 0
    00000223 00                     598 	.db #0x00	; 0
    00000224 00                     599 	.db #0x00	; 0
    00000225 00                     600 	.db #0x00	; 0
    00000226 00                     601 	.db #0x00	; 0
    00000227 00                     602 	.db #0x00	; 0
    00000228 00                     603 	.db #0x00	; 0
    00000229 00                     604 	.db #0x00	; 0
    0000022A 00                     605 	.db #0x00	; 0
    0000022B 00                     606 	.db #0x00	; 0
    0000022C 00                     607 	.db #0x00	; 0
    0000022D 00                     608 	.db #0x00	; 0
    0000022E 00                     609 	.db #0x00	; 0
    0000022F 00                     610 	.db #0x00	; 0
    00000230 00                     611 	.db #0x00	; 0
    00000231 00                     612 	.db #0x00	; 0
    00000232 00                     613 	.db #0x00	; 0
    00000233 00                     614 	.db #0x00	; 0
    00000234 00                     615 	.db #0x00	; 0
                                    616 	.area _CODE
                                    617 	.area _INITIALIZER
                                    618 	.area _CABS (ABS)
