                                      1 ;--------------------------------------------------------
                                      2 ; File Created by SDCC : free open source ISO C Compiler
                                      3 ; Version 4.5.0 #15242 (Linux)
                                      4 ;--------------------------------------------------------
                                      5 	.module made
                                      6 	
                                      7 	.optsdcc -mz80 sdcccall(1)
                                      8 ;--------------------------------------------------------
                                      9 ; Public variables in this module
                                     10 ;--------------------------------------------------------
                                     11 	.globl _v_set_made_cpctelera_sprite_pos
                                     12 	.globl _v_clear_screen
                                     13 	.globl _v_blank_screen_mode_1
                                     14 	.globl _u_wait_for_duration_or_kp
                                     15 	.globl _u_reset_clock
                                     16 	.globl _u_clock_interrupt
                                     17 	.globl _d_gfx_decompress_to_screen
                                     18 	.globl _d_load
                                     19 	.globl _a_page_disconnect_safe
                                     20 	.globl _a_page_connect_safe
                                     21 	.globl _a_load_cpctelera_sprites
                                     22 	.globl _a_clear_sprites
                                     23 	.globl _a_set_hardware_sprite_palette
                                     24 	.globl _cpct_asicRemoveLinesInterruptHandler
                                     25 	.globl _cpct_asicSetLinesInterruptHandler
                                     26 	.globl _cpct_asicSetPalette
                                     27 	.globl _cpct_asicSetBorder
                                     28 	.globl _cpct_waitVSYNC
                                     29 	.globl _cpct_scanKeyboard_if
                                     30 	.globl _m_start
                                     31 	.globl _m_stop
                                     32 ;--------------------------------------------------------
                                     33 ; special function registers
                                     34 ;--------------------------------------------------------
                                     35 ;--------------------------------------------------------
                                     36 ; ram data
                                     37 ;--------------------------------------------------------
                                     38 	.area _DATA
                                     39 ;--------------------------------------------------------
                                     40 ; ram data
                                     41 ;--------------------------------------------------------
                                     42 	.area _INITIALIZED
    00000000                         43 _m_int_idx:
    00000000                         44 	.ds 1
    00000001                         45 _m_frame_c:
    00000001                         46 	.ds 1
                                     47 ;--------------------------------------------------------
                                     48 ; absolute external ram data
                                     49 ;--------------------------------------------------------
                                     50 	.area _DABS (ABS)
                                     51 ;--------------------------------------------------------
                                     52 ; global & static initialisations
                                     53 ;--------------------------------------------------------
                                     54 	.area _HOME
                                     55 	.area _GSINIT
                                     56 	.area _GSFINAL
                                     57 	.area _GSINIT
                                     58 ;--------------------------------------------------------
                                     59 ; Home
                                     60 ;--------------------------------------------------------
                                     61 	.area _HOME
                                     62 	.area _HOME
                                     63 ;--------------------------------------------------------
                                     64 ; code
                                     65 ;--------------------------------------------------------
                                     66 	.area _CODE
                                     67 ;src/made.c:74: void m_start(void) {
                                     68 ;	---------------------------------
                                     69 ; Function m_start
                                     70 ; ---------------------------------
    00000000                         71 _m_start::
                                     72 ;src/made.c:77: a_clear_sprites();
    00000000 CDr00r00         [17]   73 	call	_a_clear_sprites
                                     74 ;src/made.c:78: v_blank_screen_mode_1();
    00000003 CDr00r00         [17]   75 	call	_v_blank_screen_mode_1
                                     76 ;src/made.c:79: v_clear_screen();
    00000006 CDr00r00         [17]   77 	call	_v_clear_screen
                                     78 ;src/made.c:82: m_draw_bg();
    00000009 CDr74r00         [17]   79 	call	_m_draw_bg
                                     80 ;src/made.c:83: m_draw_hw_sprites();
    0000000C CDr5Er00         [17]   81 	call	_m_draw_hw_sprites
                                     82 ;src/made.c:85: m_reset_timers();
    0000000F CDr56r00         [17]   83 	call	_m_reset_timers
                                     84 ;src/made.c:86: m_add_interrupt();
    00000012 CDrA5r00         [17]   85 	call	_m_add_interrupt
                                     86 ;src/made.c:88: g_clock_on = true;
    00000015 21r00r00         [10]   87 	ld	hl, #_g_clock_on
    00000018 36 01            [10]   88 	ld	(hl), #0x01
                                     89 ;src/made.c:89: u_reset_clock();
    0000001A CDr00r00         [17]   90 	call	_u_reset_clock
                                     91 ;src/made.c:90: u_wait_for_duration_or_kp(15);
    0000001D 21 0F 00         [10]   92 	ld	hl, #0x000f
    00000020 CDr00r00         [17]   93 	call	_u_wait_for_duration_or_kp
                                     94 ;src/made.c:91: g_clock_on = false;
    00000023 AF               [ 4]   95 	xor	a, a
    00000024 32r00r00         [13]   96 	ld	(_g_clock_on+0), a
                                     97 ;src/made.c:94: a_clear_sprites();
                                     98 ;src/made.c:95: }
    00000027 C3r00r00         [10]   99 	jp	_a_clear_sprites
    0000002A                        100 _m_pal_blank:
    0000002A FF 0F                  101 	.dw #0x0fff
    0000002C FF 0F                  102 	.dw #0x0fff
    0000002E FF 0F                  103 	.dw #0x0fff
    00000030 FF 0F                  104 	.dw #0x0fff
    00000032                        105 _m_pal_usual:
    00000032 FF 0F                  106 	.dw #0x0fff
    00000034 00 00                  107 	.dw #0x0000
    00000036 99 09                  108 	.dw #0x0999
    00000038 95 02                  109 	.dw #0x0295
    0000003A                        110 _m_pal_text:
    0000003A FF 0F                  111 	.dw #0x0fff
    0000003C 00 00                  112 	.dw #0x0000
    0000003E AF 0B                  113 	.dw #0x0baf
    00000040 5F 05                  114 	.dw #0x055f
    00000042                        115 _m_pal_logo:
    00000042 FF 0F                  116 	.dw #0x0fff
    00000044 61 05                  117 	.dw #0x0561
    00000046 00 00                  118 	.dw #0x0000
    00000048 D4 0C                  119 	.dw #0x0cd4
                                    120 ;src/made.c:98: void m_stop(void) {
                                    121 ;	---------------------------------
                                    122 ; Function m_stop
                                    123 ; ---------------------------------
    0000004A                        124 _m_stop::
                                    125 ;src/made.c:100: m_remove_interrupt();
    0000004A CDr2Fr01         [17]  126 	call	_m_remove_interrupt
                                    127 ;src/made.c:101: a_clear_sprites();
    0000004D CDr00r00         [17]  128 	call	_a_clear_sprites
                                    129 ;src/made.c:103: v_blank_screen_mode_1();
    00000050 CDr00r00         [17]  130 	call	_v_blank_screen_mode_1
                                    131 ;src/made.c:104: v_clear_screen();
                                    132 ;src/made.c:105: }
    00000053 C3r00r00         [10]  133 	jp	_v_clear_screen
                                    134 ;src/made.c:108: static void m_reset_timers(void) {
                                    135 ;	---------------------------------
                                    136 ; Function m_reset_timers
                                    137 ; ---------------------------------
    00000056                        138 _m_reset_timers:
                                    139 ;src/made.c:110: m_int_idx = 0;
                                    140 ;src/made.c:111: m_frame_c = 0;
    00000056 AF               [ 4]  141 	xor	a, a
    00000057 32r00r00         [13]  142 	ld	(_m_int_idx+0), a
    0000005A 32r01r00         [13]  143 	ld	(_m_frame_c+0), a
                                    144 ;src/made.c:112: }
    0000005D C9               [10]  145 	ret
                                    146 ;src/made.c:114: static void m_draw_hw_sprites(void) {
                                    147 ;	---------------------------------
                                    148 ; Function m_draw_hw_sprites
                                    149 ; ---------------------------------
    0000005E                        150 _m_draw_hw_sprites:
                                    151 ;src/made.c:116: a_load_cpctelera_sprites(false);
    0000005E AF               [ 4]  152 	xor	a, a
    0000005F CDr00r00         [17]  153 	call	_a_load_cpctelera_sprites
                                    154 ;src/made.c:117: v_set_made_cpctelera_sprite_pos(454, 36, false);
    00000062 AF               [ 4]  155 	xor	a, a
    00000063 F5               [11]  156 	push	af
    00000064 33               [ 6]  157 	inc	sp
    00000065 11 24 00         [10]  158 	ld	de, #0x0024
    00000068 21 C6 01         [10]  159 	ld	hl, #0x01c6
    0000006B CDr00r00         [17]  160 	call	_v_set_made_cpctelera_sprite_pos
                                    161 ;src/made.c:118: a_set_hardware_sprite_palette(cpctelera_sprites_palette);
    0000006E 21r00r00         [10]  162 	ld	hl, #_cpctelera_sprites_palette
                                    163 ;src/made.c:119: }
    00000071 C3r00r00         [10]  164 	jp	_a_set_hardware_sprite_palette
                                    165 ;src/made.c:122: static void m_draw_bg(void) {
                                    166 ;	---------------------------------
                                    167 ; Function m_draw_bg
                                    168 ; ---------------------------------
    00000074                        169 _m_draw_bg:
                                    170 ;src/made.c:124: if (HW_HAS_128K(g_hw))
    00000074 3Ar00r00         [13]  171 	ld	a, (_g_hw)
    00000077 E6 03            [ 7]  172 	and	a, #0x03
    00000079 D6 01            [ 7]  173 	sub	a, #0x01
    0000007B 38 07            [12]  174 	jr	C, 00102$
                                    175 ;src/made.c:125: d_gfx_decompress_to_screen(GFX_MADEWIDTH);
    0000007D 3E 01            [ 7]  176 	ld	a, #0x01
    0000007F CDr00r00         [17]  177 	call	_d_gfx_decompress_to_screen
    00000082 18 0F            [12]  178 	jr	00103$
    00000084                        179 00102$:
                                    180 ;src/made.c:127: a_page_disconnect_safe();
    00000084 CDr00r00         [17]  181 	call	_a_page_disconnect_safe
                                    182 ;src/made.c:128: d_load("MADEWITHSCR", VIDEO_MEM_START);
    00000087 11 00 C0         [10]  183 	ld	de, #0xc000
    0000008A 21r99r00         [10]  184 	ld	hl, #___str_0
    0000008D CDr00r00         [17]  185 	call	_d_load
                                    186 ;src/made.c:129: a_page_connect_safe();
    00000090 CDr00r00         [17]  187 	call	_a_page_connect_safe
    00000093                        188 00103$:
                                    189 ;src/made.c:132: cpct_asicSetBorder(cpctm_asicColor(15, 15, 15));
    00000093 21 FF 0F         [10]  190 	ld	hl, #0x0fff
                                    191 ;src/made.c:133: }
    00000096 C3r00r00         [10]  192 	jp	_cpct_asicSetBorder
    00000099                        193 ___str_0:
    00000099 4D 41 44 45 57 49 54   194 	.ascii "MADEWITHSCR"
             48 53 43 52
    000000A4 00                     195 	.db 0x00
                                    196 ;src/made.c:135: static void m_add_interrupt(void) {
                                    197 ;	---------------------------------
                                    198 ; Function m_add_interrupt
                                    199 ; ---------------------------------
    000000A5                        200 _m_add_interrupt:
                                    201 ;src/made.c:145: cpct_waitVSYNC();
    000000A5 CDr00r00         [17]  202 	call	_cpct_waitVSYNC
                                    203 ;src/made.c:147: cpct_asicSetLinesInterruptHandler(m_interrupt, lines, sizeof(lines));
    000000A8 21 05 00         [10]  204 	ld	hl, #0x0005
    000000AB E5               [11]  205 	push	hl
    000000AC 11rB6r00         [10]  206 	ld	de, #_m_add_interrupt_lines_10000_271
    000000AF 21rBBr00         [10]  207 	ld	hl, #_m_interrupt
    000000B2 CDr00r00         [17]  208 	call	_cpct_asicSetLinesInterruptHandler
                                    209 ;src/made.c:148: }
    000000B5 C9               [10]  210 	ret
    000000B6                        211 _m_add_interrupt_lines_10000_271:
    000000B6 00                     212 	.db #0x00	; 0
    000000B7 28                     213 	.db #0x28	; 40
    000000B8 38                     214 	.db #0x38	; 56	'8'
    000000B9 76                     215 	.db #0x76	; 118	'v'
    000000BA 86                     216 	.db #0x86	; 134
                                    217 ;src/made.c:150: static void m_interrupt(u8 line) __z88dk_fastcall {
                                    218 ;	---------------------------------
                                    219 ; Function m_interrupt
                                    220 ; ---------------------------------
    000000BB                        221 _m_interrupt:
    000000BB 7D               [ 4]  222 	ld	a, l
                                    223 ;src/made.c:152: if (line == MADE_DO_STUFF) {
    000000BC B7               [ 4]  224 	or	a, a
    000000BD 20 3D            [12]  225 	jr	NZ, 00123$
                                    226 ;src/made.c:154: if (m_int_idx == 0) {
    000000BF 3Ar00r00         [13]  227 	ld	a, (_m_int_idx+0)
    000000C2 B7               [ 4]  228 	or	a, a
    000000C3 20 12            [12]  229 	jr	NZ, 00104$
                                    230 ;src/made.c:155: if (++m_frame_c == FC_MAX)
    000000C5 FD 21r01r00      [14]  231 	ld	iy, #_m_frame_c
    000000C9 FD 34 00         [23]  232 	inc	0 (iy)
    000000CC 3Ar01r00         [13]  233 	ld	a, (_m_frame_c+0)
    000000CF D6 32            [ 7]  234 	sub	a, #0x32
    000000D1 20 04            [12]  235 	jr	NZ, 00104$
                                    236 ;src/made.c:156: m_frame_c = 0;
    000000D3 FD 36 00 00      [19]  237 	ld	0 (iy), #0x00
    000000D7                        238 00104$:
                                    239 ;src/made.c:159: if (m_int_idx == 1)
    000000D7 3Ar00r00         [13]  240 	ld	a, (_m_int_idx+0)
    000000DA 3D               [ 4]  241 	dec	a
    000000DB 20 03            [12]  242 	jr	NZ, 00106$
                                    243 ;src/made.c:160: cpct_scanKeyboard_if();
    000000DD CDr00r00         [17]  244 	call	_cpct_scanKeyboard_if
    000000E0                        245 00106$:
                                    246 ;src/made.c:162: if (m_int_idx == 3)
    000000E0 3Ar00r00         [13]  247 	ld	a, (_m_int_idx+0)
    000000E3 D6 03            [ 7]  248 	sub	a, #0x03
    000000E5 20 03            [12]  249 	jr	NZ, 00108$
                                    250 ;src/made.c:163: u_clock_interrupt();
    000000E7 CDr00r00         [17]  251 	call	_u_clock_interrupt
    000000EA                        252 00108$:
                                    253 ;src/made.c:165: if (++m_int_idx == 6)
    000000EA FD 21r00r00      [14]  254 	ld	iy, #_m_int_idx
    000000EE FD 34 00         [23]  255 	inc	0 (iy)
    000000F1 3Ar00r00         [13]  256 	ld	a, (_m_int_idx+0)
    000000F4 D6 06            [ 7]  257 	sub	a, #0x06
    000000F6 C0               [11]  258 	ret	NZ
                                    259 ;src/made.c:166: m_int_idx = 0;
    000000F7 FD 36 00 00      [19]  260 	ld	0 (iy), #0x00
    000000FB C9               [10]  261 	ret
    000000FC                        262 00123$:
                                    263 ;src/made.c:168: } else if (line == MADE_TEXT_TOP)
    000000FC FE 28            [ 7]  264 	cp	a, #0x28
    000000FE 20 09            [12]  265 	jr	NZ, 00120$
                                    266 ;src/made.c:169: cpct_asicSetPalette(m_pal_text, 4);
    00000100 11 04 00         [10]  267 	ld	de, #0x0004
    00000103 21r3Ar00         [10]  268 	ld	hl, #_m_pal_text
    00000106 C3r00r00         [10]  269 	jp	_cpct_asicSetPalette
    00000109                        270 00120$:
                                    271 ;src/made.c:170: else if (line == MADE_CPC_TELERA)
    00000109 FE 38            [ 7]  272 	cp	a, #0x38
    0000010B 20 09            [12]  273 	jr	NZ, 00117$
                                    274 ;src/made.c:171: cpct_asicSetPalette(m_pal_usual, 4);
    0000010D 11 04 00         [10]  275 	ld	de, #0x0004
    00000110 21r32r00         [10]  276 	ld	hl, #_m_pal_usual
    00000113 C3r00r00         [10]  277 	jp	_cpct_asicSetPalette
    00000116                        278 00117$:
                                    279 ;src/made.c:172: else if (line == MADE_TEXT_BOTTOM)
    00000116 FE 76            [ 7]  280 	cp	a, #0x76
    00000118 20 09            [12]  281 	jr	NZ, 00114$
                                    282 ;src/made.c:173: cpct_asicSetPalette(m_pal_text, 4);
    0000011A 11 04 00         [10]  283 	ld	de, #0x0004
    0000011D 21r3Ar00         [10]  284 	ld	hl, #_m_pal_text
    00000120 C3r00r00         [10]  285 	jp	_cpct_asicSetPalette
    00000123                        286 00114$:
                                    287 ;src/made.c:174: else if (line == MADE_GX4000)
    00000123 D6 86            [ 7]  288 	sub	a, #0x86
    00000125 C0               [11]  289 	ret	NZ
                                    290 ;src/made.c:175: cpct_asicSetPalette(m_pal_logo, 4);
    00000126 11 04 00         [10]  291 	ld	de, #0x0004
    00000129 21r42r00         [10]  292 	ld	hl, #_m_pal_logo
                                    293 ;src/made.c:176: }
    0000012C C3r00r00         [10]  294 	jp	_cpct_asicSetPalette
                                    295 ;src/made.c:178: static void m_remove_interrupt(void) {
                                    296 ;	---------------------------------
                                    297 ; Function m_remove_interrupt
                                    298 ; ---------------------------------
    0000012F                        299 _m_remove_interrupt:
                                    300 ;src/made.c:180: cpct_asicRemoveLinesInterruptHandler();
                                    301 ;src/made.c:181: }
    0000012F C3r00r00         [10]  302 	jp	_cpct_asicRemoveLinesInterruptHandler
                                    303 	.area _CODE
                                    304 	.area _INITIALIZER
    00000000                        305 __xinit__m_int_idx:
    00000000 00                     306 	.db #0x00	; 0
    00000001                        307 __xinit__m_frame_c:
    00000001 00                     308 	.db #0x00	; 0
                                    309 	.area _CABS (ABS)
