                                      1 ;--------------------------------------------------------
                                      2 ; File Created by SDCC : free open source ISO C Compiler
                                      3 ; Version 4.5.0 #15242 (Linux)
                                      4 ;--------------------------------------------------------
                                      5 	.module titles
                                      6 	
                                      7 	.optsdcc -mz80 sdcccall(1)
                                      8 ;--------------------------------------------------------
                                      9 ; Public variables in this module
                                     10 ;--------------------------------------------------------
                                     11 	.globl _v_set_title_roland_sprite_pos
                                     12 	.globl _v_clear_screen
                                     13 	.globl _v_blank_screen_mode_1
                                     14 	.globl _d_gfx_decompress_to_screen
                                     15 	.globl _d_load
                                     16 	.globl _c_sprite_cache_bank_upload
                                     17 	.globl _a_page_disconnect_safe
                                     18 	.globl _a_page_connect_safe
                                     19 	.globl _a_load_hw_sprite
                                     20 	.globl _a_blank_hardware_sprite_palette
                                     21 	.globl _a_clear_sprites
                                     22 	.globl _a_set_hardware_sprite_palette
                                     23 	.globl _a_hide_sprite_range
                                     24 	.globl _cpct_asicRemoveLinesInterruptHandler
                                     25 	.globl _cpct_asicSetLinesInterruptHandler
                                     26 	.globl _cpct_asicSetPalette
                                     27 	.globl _cpct_asicSetPalColour
                                     28 	.globl _cpct_asicSetBorder
                                     29 	.globl _cpct_asicSetSpriteZoom
                                     30 	.globl _cpct_asicSetSpritePosition
                                     31 	.globl _cpct_PLY_AKG_Play
                                     32 	.globl _cpct_PLY_AKG_Init
                                     33 	.globl _cpct_waitVSYNC
                                     34 	.globl _cpct_isKeyPressed
                                     35 	.globl _cpct_scanKeyboard_if
                                     36 	.globl _g_game_mode
                                     37 	.globl _t_start
                                     38 	.globl _t_do
                                     39 	.globl _t_stop
                                     40 ;--------------------------------------------------------
                                     41 ; special function registers
                                     42 ;--------------------------------------------------------
                                     43 ;--------------------------------------------------------
                                     44 ; ram data
                                     45 ;--------------------------------------------------------
                                     46 	.area _DATA
    00000000                         47 _t_roland_x:
    00000000                         48 	.ds 2
    00000002                         49 _t_roland_start_x:
    00000002                         50 	.ds 2
    00000004                         51 _t_roland_end_x:
    00000004                         52 	.ds 2
    00000006                         53 _t_roland_step:
    00000006                         54 	.ds 1
    00000007                         55 _t_roland_y:
    00000007                         56 	.ds 1
    00000008                         57 _t_roland_active:
    00000008                         58 	.ds 1
    00000009                         59 _t_poll_title_input_left_was_down_10000_356:
    00000009                         60 	.ds 1
    0000000A                         61 _t_poll_title_input_right_was_down_10000_356:
    0000000A                         62 	.ds 1
                                     63 ;--------------------------------------------------------
                                     64 ; ram data
                                     65 ;--------------------------------------------------------
                                     66 	.area _INITIALIZED
    00000000                         67 _g_game_mode::
    00000000                         68 	.ds 1
    00000001                         69 _t_int_idx:
    00000001                         70 	.ds 1
    00000002                         71 _t_frame_c:
    00000002                         72 	.ds 1
    00000003                         73 _text_phase:
    00000003                         74 	.ds 1
    00000004                         75 _text_tick:
    00000004                         76 	.ds 1
    00000005                         77 _slopes_phase:
    00000005                         78 	.ds 1
    00000006                         79 _slopes_dir:
    00000006                         80 	.ds 1
    00000007                         81 _slopes_tick:
    00000007                         82 	.ds 1
    00000008                         83 _t_roland_right:
    00000008                         84 	.ds 1
    00000009                         85 _t_mode_cooldown:
    00000009                         86 	.ds 1
                                     87 ;--------------------------------------------------------
                                     88 ; absolute external ram data
                                     89 ;--------------------------------------------------------
                                     90 	.area _DABS (ABS)
                                     91 ;--------------------------------------------------------
                                     92 ; global & static initialisations
                                     93 ;--------------------------------------------------------
                                     94 	.area _HOME
                                     95 	.area _GSINIT
                                     96 	.area _GSFINAL
                                     97 	.area _GSINIT
                                     98 ;src/titles.c:565: static bool left_was_down = false;
                                     99 ;src/titles.c:566: static bool right_was_down = false;
    00000000 AF               [ 4]  100 	xor	a, a
    00000001 32r09r00         [13]  101 	ld	(_t_poll_title_input_left_was_down_10000_356+0), a
    00000004 32r0Ar00         [13]  102 	ld	(_t_poll_title_input_right_was_down_10000_356+0), a
                                    103 ;--------------------------------------------------------
                                    104 ; Home
                                    105 ;--------------------------------------------------------
                                    106 	.area _HOME
                                    107 	.area _HOME
                                    108 ;--------------------------------------------------------
                                    109 ; code
                                    110 ;--------------------------------------------------------
                                    111 	.area _CODE
                                    112 ;src/titles.c:158: void t_start(void) {
                                    113 ;	---------------------------------
                                    114 ; Function t_start
                                    115 ; ---------------------------------
    00000000                        116 _t_start::
                                    117 ;src/titles.c:160: a_clear_sprites();
    00000000 CDr00r00         [17]  118 	call	_a_clear_sprites
                                    119 ;src/titles.c:161: v_blank_screen_mode_1();
    00000003 CDr00r00         [17]  120 	call	_v_blank_screen_mode_1
                                    121 ;src/titles.c:162: v_clear_screen();
    00000006 CDr00r00         [17]  122 	call	_v_clear_screen
                                    123 ;src/titles.c:163: g_game_mode = 0;
    00000009 AF               [ 4]  124 	xor	a, a
    0000000A 32r00r00         [13]  125 	ld	(_g_game_mode+0), a
                                    126 ;src/titles.c:166: t_load_static_title_sprites();
    0000000D CDr4Ar05         [17]  127 	call	_t_load_static_title_sprites
                                    128 ;src/titles.c:169: t_init_roland_slots(140);
    00000010 3E 8C            [ 7]  129 	ld	a, #0x8c
    00000012 CDr12r05         [17]  130 	call	_t_init_roland_slots
                                    131 ;src/titles.c:170: t_load_roland_from_cache(false);
    00000015 AF               [ 4]  132 	xor	a, a
    00000016 CDrD8r04         [17]  133 	call	_t_load_roland_from_cache
                                    134 ;src/titles.c:173: t_load_game_mode_word();
    00000019 CDr9Fr05         [17]  135 	call	_t_load_game_mode_word
                                    136 ;src/titles.c:175: a_blank_hardware_sprite_palette();
    0000001C CDr00r00         [17]  137 	call	_a_blank_hardware_sprite_palette
                                    138 ;src/titles.c:176: t_draw_bg();
    0000001F CDr20r02         [17]  139 	call	_t_draw_bg
                                    140 ;src/titles.c:177: a_set_hardware_sprite_palette(roland_sprites_palette);
    00000022 21r00r00         [10]  141 	ld	hl, #_roland_sprites_palette
    00000025 CDr00r00         [17]  142 	call	_a_set_hardware_sprite_palette
                                    143 ;src/titles.c:178: t_draw_game_mode();
    00000028 CDrBAr01         [17]  144 	call	_t_draw_game_mode
                                    145 ;src/titles.c:179: t_draw_static_sprites();
    0000002B CDr17r01         [17]  146 	call	_t_draw_static_sprites
                                    147 ;src/titles.c:181: cpct_PLY_AKG_Init(TITLE_MUSIC_LOC, 0);
    0000002E 11 00 00         [10]  148 	ld	de, #0x0000
    00000031 21 00 AD         [10]  149 	ld	hl, #0xad00
    00000034 CDr00r00         [17]  150 	call	_cpct_PLY_AKG_Init
                                    151 ;src/titles.c:183: t_reset_timers();
    00000037 CDrB2r01         [17]  152 	call	_t_reset_timers
                                    153 ;src/titles.c:184: cpct_asicSetBorder(cpctm_asicColor(15, 15, 15));
    0000003A 21 FF 0F         [10]  154 	ld	hl, #0x0fff
                                    155 ;src/titles.c:185: }
    0000003D C3r00r00         [10]  156 	jp	_cpct_asicSetBorder
    00000040                        157 _text_col_top:
    00000040 D9 0F                  158 	.dw #0x0fd9
    00000042 EA 0F                  159 	.dw #0x0fea
    00000044 FB 0F                  160 	.dw #0x0ffb
    00000046 FC 0F                  161 	.dw #0x0ffc
    00000048 FD 0F                  162 	.dw #0x0ffd
    0000004A FC 0F                  163 	.dw #0x0ffc
    0000004C FB 0F                  164 	.dw #0x0ffb
    0000004E EA 0F                  165 	.dw #0x0fea
    00000050                        166 _text_col_bottom:
    00000050 FD 0F                  167 	.dw #0x0ffd
    00000052 FC 0F                  168 	.dw #0x0ffc
    00000054 FB 0F                  169 	.dw #0x0ffb
    00000056 EA 0F                  170 	.dw #0x0fea
    00000058 D9 0F                  171 	.dw #0x0fd9
    0000005A EA 0F                  172 	.dw #0x0fea
    0000005C FB 0F                  173 	.dw #0x0ffb
    0000005E FC 0F                  174 	.dw #0x0ffc
    00000060                        175 _roland_band_colours:
    00000060 0F 00                  176 	.dw #0x000f
    00000062 1F 03                  177 	.dw #0x031f
    00000064 3F 05                  178 	.dw #0x053f
    00000066 4F 08                  179 	.dw #0x084f
    00000068 6F 0B                  180 	.dw #0x0b6f
    0000006A 7F 0D                  181 	.dw #0x0d7f
    0000006C 9F 0D                  182 	.dw #0x0d9f
    0000006E                        183 _t_pal_blank:
    0000006E FF 0F                  184 	.dw #0x0fff
    00000070 FF 0F                  185 	.dw #0x0fff
    00000072 FF 0F                  186 	.dw #0x0fff
    00000074 FF 0F                  187 	.dw #0x0fff
    00000076                        188 _t_pal_top:
    00000076 FF 0F                  189 	.dw #0x0fff
    00000078 9B 09                  190 	.dw #0x099b
    0000007A 14 01                  191 	.dw #0x0114
    0000007C 7D 07                  192 	.dw #0x077d
    0000007E                        193 _t_slopes_ramp:
    0000007E 6C 06                  194 	.dw #0x066c
    00000080 7D 07                  195 	.dw #0x077d
    00000082 8E 08                  196 	.dw #0x088e
    00000084 9F 09                  197 	.dw #0x099f
    00000086 AF 0A                  198 	.dw #0x0aaf
    00000088 9F 09                  199 	.dw #0x099f
    0000008A 8E 08                  200 	.dw #0x088e
    0000008C 7D 07                  201 	.dw #0x077d
    0000008E                        202 _t_pal_slopes:
    0000008E FF 0F                  203 	.dw #0x0fff
    00000090 F0 05                  204 	.dw #0x05f0
    00000092 00 00                  205 	.dw #0x0000
    00000094 F4 0B                  206 	.dw #0x0bf4
    00000096                        207 _t_pal_trees:
    00000096 FF 0F                  208 	.dw #0x0fff
    00000098 68 0A                  209 	.dw #0x0a68
    0000009A 11 04                  210 	.dw #0x0411
    0000009C 35 07                  211 	.dw #0x0735
    0000009E                        212 _t_pal_middle:
    0000009E 1D 05                  213 	.dw #0x051d
    000000A0 38 05                  214 	.dw #0x0538
    000000A2 5E 0A                  215 	.dw #0x0a5e
    000000A4 FF 0F                  216 	.dw #0x0fff
    000000A6                        217 _t_pal_ice:
    000000A6 7F 0A                  218 	.dw #0x0a7f
    000000A8 AF 0E                  219 	.dw #0x0eaf
    000000AA 5E 08                  220 	.dw #0x085e
    000000AC DF 0E                  221 	.dw #0x0edf
    000000AE                        222 _t_pal_text:
    000000AE 4E 09                  223 	.dw #0x094e
    000000B0 BF 0E                  224 	.dw #0x0ebf
    000000B2 F0 07                  225 	.dw #0x07f0
    000000B4 E1 0C                  226 	.dw #0x0ce1
                                    227 ;src/titles.c:187: void t_do(void) {
                                    228 ;	---------------------------------
                                    229 ; Function t_do
                                    230 ; ---------------------------------
    000000B6                        231 _t_do::
                                    232 ;src/titles.c:189: t_add_interrupt();
    000000B6 CDr49r02         [17]  233 	call	_t_add_interrupt
                                    234 ;src/titles.c:191: t_start_roland_scroll(false, 140, 4);
    000000B9 3E 04            [ 7]  235 	ld	a, #0x04
    000000BB F5               [11]  236 	push	af
    000000BC 33               [ 6]  237 	inc	sp
    000000BD 2E 8C            [ 7]  238 	ld	l, #0x8c
    000000BF AF               [ 4]  239 	xor	a, a
    000000C0 CDr82r06         [17]  240 	call	_t_start_roland_scroll
                                    241 ;src/titles.c:193: while (1) {
    000000C3                        242 00115$:
                                    243 ;src/titles.c:196: if (t_mode_cooldown > 0) {
    000000C3 3Ar09r00         [13]  244 	ld	a, (_t_mode_cooldown+0)
    000000C6 B7               [ 4]  245 	or	a, a
    000000C7 28 06            [12]  246 	jr	Z, 00112$
                                    247 ;src/titles.c:197: t_mode_cooldown--;
    000000C9 21r09r00         [10]  248 	ld	hl, #_t_mode_cooldown
    000000CC 35               [11]  249 	dec	(hl)
    000000CD 18 37            [12]  250 	jr	00113$
    000000CF                        251 00112$:
                                    252 ;src/titles.c:199: title_input_t input = t_poll_title_input();
    000000CF CDr44r06         [17]  253 	call	_t_poll_title_input
                                    254 ;src/titles.c:201: if (input != TITLE_INPUT_NONE) {
                                    255 ;src/titles.c:202: t_change_game_mode((i8)input);
    000000D2 B7               [ 4]  256 	or	a,a
    000000D3 28 31            [12]  257 	jr	Z, 00113$
    000000D5 CDrFEr05         [17]  258 	call	_t_change_game_mode
                                    259 ;src/titles.c:203: t_mode_cooldown = TITLE_MODE_COOLDOWN_FRAMES;
    000000D8 21r09r00         [10]  260 	ld	hl, #_t_mode_cooldown
    000000DB 36 19            [10]  261 	ld	(hl), #0x19
                                    262 ;src/titles.c:204: if (g_game_mode == 0)
    000000DD 3Ar00r00         [13]  263 	ld	a, (_g_game_mode+0)
    000000E0 B7               [ 4]  264 	or	a, a
    000000E1 20 08            [12]  265 	jr	NZ, 00107$
                                    266 ;src/titles.c:206: titles_sprites_palette_classic);
    000000E3 21r00r00         [10]  267 	ld	hl, #_titles_sprites_palette_classic
    000000E6 CDr00r00         [17]  268 	call	_a_set_hardware_sprite_palette
    000000E9 18 1B            [12]  269 	jr	00113$
    000000EB                        270 00107$:
                                    271 ;src/titles.c:207: else if (g_game_mode == 1)
    000000EB 3Ar00r00         [13]  272 	ld	a, (_g_game_mode+0)
    000000EE 3D               [ 4]  273 	dec	a
    000000EF 20 08            [12]  274 	jr	NZ, 00104$
                                    275 ;src/titles.c:209: titles_sprites_palette_mania);
    000000F1 21r00r00         [10]  276 	ld	hl, #_titles_sprites_palette_mania
    000000F4 CDr00r00         [17]  277 	call	_a_set_hardware_sprite_palette
    000000F7 18 0D            [12]  278 	jr	00113$
    000000F9                        279 00104$:
                                    280 ;src/titles.c:210: else if (g_game_mode == 2)
    000000F9 3Ar00r00         [13]  281 	ld	a, (_g_game_mode+0)
    000000FC D6 02            [ 7]  282 	sub	a, #0x02
    000000FE 20 06            [12]  283 	jr	NZ, 00113$
                                    284 ;src/titles.c:212: titles_sprites_palette_zen);
    00000100 21r00r00         [10]  285 	ld	hl, #_titles_sprites_palette_zen
    00000103 CDr00r00         [17]  286 	call	_a_set_hardware_sprite_palette
    00000106                        287 00113$:
                                    288 ;src/titles.c:217: t_update_roland();
    00000106 CDrD0r06         [17]  289 	call	_t_update_roland
                                    290 ;src/titles.c:219: cpct_waitVSYNC();
    00000109 CDr00r00         [17]  291 	call	_cpct_waitVSYNC
                                    292 ;src/titles.c:221: }
    0000010C 18 B5            [12]  293 	jr	00115$
                                    294 ;src/titles.c:223: void t_stop(void) {
                                    295 ;	---------------------------------
                                    296 ; Function t_stop
                                    297 ; ---------------------------------
    0000010E                        298 _t_stop::
                                    299 ;src/titles.c:225: t_remove_interrupt();
    0000010E CDr67r02         [17]  300 	call	_t_remove_interrupt
                                    301 ;src/titles.c:226: a_clear_sprites();
    00000111 CDr00r00         [17]  302 	call	_a_clear_sprites
                                    303 ;src/titles.c:227: v_blank_screen_mode_1();
                                    304 ;src/titles.c:228: }
    00000114 C3r00r00         [10]  305 	jp	_v_blank_screen_mode_1
                                    306 ;src/titles.c:230: static void t_draw_static_sprites(void) {
                                    307 ;	---------------------------------
                                    308 ; Function t_draw_static_sprites
                                    309 ; ---------------------------------
    00000117                        310 _t_draw_static_sprites:
                                    311 ;src/titles.c:233: cpct_asicSetSpritePosition(HW_SPRITE_TITLE_CONTROLS_START, 192, 88);
    00000117 21 58 00         [10]  312 	ld	hl, #0x0058
    0000011A E5               [11]  313 	push	hl
    0000011B 11 C0 00         [10]  314 	ld	de, #0x00c0
    0000011E 2E 04            [ 7]  315 	ld	l, #0x04
    00000120 CDr00r00         [17]  316 	call	_cpct_asicSetSpritePosition
                                    317 ;src/titles.c:234: cpct_asicSetSpritePosition(HW_SPRITE_TITLE_CONTROLS_START + 1, 416, 88);
    00000123 21 58 00         [10]  318 	ld	hl, #0x0058
    00000126 E5               [11]  319 	push	hl
    00000127 11 A0 01         [10]  320 	ld	de, #0x01a0
    0000012A 2E 05            [ 7]  321 	ld	l, #0x05
    0000012C CDr00r00         [17]  322 	call	_cpct_asicSetSpritePosition
                                    323 ;src/titles.c:236: HW_SPRITE_TITLE_CONTROLS_START + 2, 276, 128);
    0000012F 21 80 00         [10]  324 	ld	hl, #0x0080
    00000132 E5               [11]  325 	push	hl
    00000133 11 14 01         [10]  326 	ld	de, #0x0114
    00000136 2E 06            [ 7]  327 	ld	l, #0x06
    00000138 CDr00r00         [17]  328 	call	_cpct_asicSetSpritePosition
                                    329 ;src/titles.c:238: HW_SPRITE_TITLE_CONTROLS_START + 3, 276, 144);
    0000013B 21 90 00         [10]  330 	ld	hl, #0x0090
    0000013E E5               [11]  331 	push	hl
    0000013F 11 14 01         [10]  332 	ld	de, #0x0114
    00000142 2E 07            [ 7]  333 	ld	l, #0x07
    00000144 CDr00r00         [17]  334 	call	_cpct_asicSetSpritePosition
                                    335 ;src/titles.c:239: cpct_asicSetSpriteZoom(HW_SPRITE_TITLE_CONTROLS_START, 2, 1);
    00000147 21 02 01         [10]  336 	ld	hl, #0x102
    0000014A E5               [11]  337 	push	hl
    0000014B 21 04 00         [10]  338 	ld	hl, #0x0004
    0000014E CDr00r00         [17]  339 	call	_cpct_asicSetSpriteZoom
                                    340 ;src/titles.c:240: cpct_asicSetSpriteZoom(HW_SPRITE_TITLE_CONTROLS_START + 1, 2, 1);
    00000151 21 02 01         [10]  341 	ld	hl, #0x102
    00000154 E5               [11]  342 	push	hl
    00000155 21 05 00         [10]  343 	ld	hl, #0x0005
    00000158 CDr00r00         [17]  344 	call	_cpct_asicSetSpriteZoom
                                    345 ;src/titles.c:241: cpct_asicSetSpriteZoom(HW_SPRITE_TITLE_CONTROLS_START + 2, 2, 1);
    0000015B 21 02 01         [10]  346 	ld	hl, #0x102
    0000015E E5               [11]  347 	push	hl
    0000015F 21 06 00         [10]  348 	ld	hl, #0x0006
    00000162 CDr00r00         [17]  349 	call	_cpct_asicSetSpriteZoom
                                    350 ;src/titles.c:242: cpct_asicSetSpriteZoom(HW_SPRITE_TITLE_CONTROLS_START + 3, 2, 1);
    00000165 21 02 01         [10]  351 	ld	hl, #0x102
    00000168 E5               [11]  352 	push	hl
    00000169 21 07 00         [10]  353 	ld	hl, #0x0007
    0000016C CDr00r00         [17]  354 	call	_cpct_asicSetSpriteZoom
                                    355 ;src/titles.c:246: cpct_asicSetSpritePosition(HW_SPRITE_TITLE_PLAY_START, x, y);
    0000016F 21 80 00         [10]  356 	ld	hl, #0x0080
    00000172 E5               [11]  357 	push	hl
    00000173 11 34 01         [10]  358 	ld	de, #0x0134
    00000176 2E 08            [ 7]  359 	ld	l, #0x08
    00000178 CDr00r00         [17]  360 	call	_cpct_asicSetSpritePosition
                                    361 ;src/titles.c:247: cpct_asicSetSpriteZoom(HW_SPRITE_TITLE_PLAY_START, 2, 1);
    0000017B 21 02 01         [10]  362 	ld	hl, #0x102
    0000017E E5               [11]  363 	push	hl
    0000017F 21 08 00         [10]  364 	ld	hl, #0x0008
    00000182 CDr00r00         [17]  365 	call	_cpct_asicSetSpriteZoom
                                    366 ;src/titles.c:249: cpct_asicSetSpritePosition(HW_SPRITE_TITLE_PLAY_START + 1, x, y);
    00000185 21 80 00         [10]  367 	ld	hl, #0x0080
    00000188 E5               [11]  368 	push	hl
    00000189 11 54 01         [10]  369 	ld	de, #0x0154
    0000018C 2E 09            [ 7]  370 	ld	l, #0x09
    0000018E CDr00r00         [17]  371 	call	_cpct_asicSetSpritePosition
                                    372 ;src/titles.c:250: cpct_asicSetSpriteZoom(HW_SPRITE_TITLE_PLAY_START + 1, 2, 1);
    00000191 21 02 01         [10]  373 	ld	hl, #0x102
    00000194 E5               [11]  374 	push	hl
    00000195 21 09 00         [10]  375 	ld	hl, #0x0009
    00000198 CDr00r00         [17]  376 	call	_cpct_asicSetSpriteZoom
                                    377 ;src/titles.c:252: cpct_asicSetSpritePosition(HW_SPRITE_TITLE_PLAY_START + 2, x, y);
    0000019B 21 80 00         [10]  378 	ld	hl, #0x0080
    0000019E E5               [11]  379 	push	hl
    0000019F 11 74 01         [10]  380 	ld	de, #0x0174
    000001A2 2E 0A            [ 7]  381 	ld	l, #0x0a
    000001A4 CDr00r00         [17]  382 	call	_cpct_asicSetSpritePosition
                                    383 ;src/titles.c:253: cpct_asicSetSpriteZoom(HW_SPRITE_TITLE_PLAY_START + 2, 2, 1);
    000001A7 21 02 01         [10]  384 	ld	hl, #0x102
    000001AA E5               [11]  385 	push	hl
    000001AB 21 0A 00         [10]  386 	ld	hl, #0x000a
    000001AE CDr00r00         [17]  387 	call	_cpct_asicSetSpriteZoom
                                    388 ;src/titles.c:254: }
    000001B1 C9               [10]  389 	ret
                                    390 ;src/titles.c:257: static void t_reset_timers(void) {
                                    391 ;	---------------------------------
                                    392 ; Function t_reset_timers
                                    393 ; ---------------------------------
    000001B2                        394 _t_reset_timers:
                                    395 ;src/titles.c:259: t_int_idx = 0;
                                    396 ;src/titles.c:260: t_frame_c = 0;
    000001B2 AF               [ 4]  397 	xor	a, a
    000001B3 32r01r00         [13]  398 	ld	(_t_int_idx+0), a
    000001B6 32r02r00         [13]  399 	ld	(_t_frame_c+0), a
                                    400 ;src/titles.c:261: }
    000001B9 C9               [10]  401 	ret
                                    402 ;src/titles.c:263: static void t_draw_game_mode(void) {
                                    403 ;	---------------------------------
                                    404 ; Function t_draw_game_mode
                                    405 ; ---------------------------------
    000001BA                        406 _t_draw_game_mode:
                                    407 ;src/titles.c:269: for (u8 i = 0; i < 4; i++)
    000001BA 0E 00            [ 7]  408 	ld	c, #0x00
    000001BC                        409 00110$:
    000001BC 79               [ 4]  410 	ld	a, c
    000001BD D6 04            [ 7]  411 	sub	a, #0x04
    000001BF 30 13            [12]  412 	jr	NC, 00101$
                                    413 ;src/titles.c:270: cpct_asicSetSpriteZoom(HW_SPRITE_TITLE_MODE_START + i, 0, 0);
    000001C1 59               [ 4]  414 	ld	e, c
    000001C2 16 00            [ 7]  415 	ld	d, #0x00
    000001C4 21 0B 00         [10]  416 	ld	hl, #0x000b
    000001C7 19               [11]  417 	add	hl, de
    000001C8 C5               [11]  418 	push	bc
    000001C9 11 00 00         [10]  419 	ld	de, #0x00
    000001CC D5               [11]  420 	push	de
    000001CD CDr00r00         [17]  421 	call	_cpct_asicSetSpriteZoom
    000001D0 C1               [10]  422 	pop	bc
                                    423 ;src/titles.c:269: for (u8 i = 0; i < 4; i++)
    000001D1 0C               [ 4]  424 	inc	c
    000001D2 18 E8            [12]  425 	jr	00110$
    000001D4                        426 00101$:
                                    427 ;src/titles.c:274: if (g_game_mode == 0) {
    000001D4 3Ar00r00         [13]  428 	ld	a, (_g_game_mode+0)
    000001D7 B7               [ 4]  429 	or	a, a
    000001D8 20 07            [12]  430 	jr	NZ, 00106$
                                    431 ;src/titles.c:276: x = 87 * 2;
    000001DA 11 AE 00         [10]  432 	ld	de, #0x00ae
                                    433 ;src/titles.c:277: count = 4;
    000001DD 0E 04            [ 7]  434 	ld	c, #0x04
    000001DF 18 12            [12]  435 	jr	00122$
    000001E1                        436 00106$:
                                    437 ;src/titles.c:279: } else if (g_game_mode == 1) {
    000001E1 3Ar00r00         [13]  438 	ld	a, (_g_game_mode+0)
    000001E4 3D               [ 4]  439 	dec	a
    000001E5 20 07            [12]  440 	jr	NZ, 00103$
                                    441 ;src/titles.c:281: x = 155 * 2;
    000001E7 11 36 01         [10]  442 	ld	de, #0x0136
                                    443 ;src/titles.c:282: count = 3;
    000001EA 0E 03            [ 7]  444 	ld	c, #0x03
    000001EC 18 05            [12]  445 	jr	00122$
    000001EE                        446 00103$:
                                    447 ;src/titles.c:286: x = 207 * 2;
    000001EE 11 9E 01         [10]  448 	ld	de, #0x019e
                                    449 ;src/titles.c:287: count = 2;
    000001F1 0E 02            [ 7]  450 	ld	c, #0x02
                                    451 ;src/titles.c:291: for (u8 i = 0; i < count; i++) {
    000001F3                        452 00122$:
    000001F3 06 00            [ 7]  453 	ld	b, #0x00
    000001F5                        454 00113$:
                                    455 ;src/titles.c:293: HW_SPRITE_TITLE_MODE_START + i, x, y);
    000001F5 78               [ 4]  456 	ld	a,b
    000001F6 B9               [ 4]  457 	cp	a,c
    000001F7 D0               [11]  458 	ret	NC
    000001F8 26 00            [ 7]  459 	ld	h, #0x00
    000001FA C6 0B            [ 7]  460 	add	a, #0x0b
    000001FC 6F               [ 4]  461 	ld	l, a
    000001FD 30 01            [12]  462 	jr	NC, 00163$
    000001FF 24               [ 4]  463 	inc	h
    00000200                        464 00163$:
    00000200 E5               [11]  465 	push	hl
    00000201 C5               [11]  466 	push	bc
    00000202 D5               [11]  467 	push	de
    00000203 01 69 00         [10]  468 	ld	bc, #0x0069
    00000206 C5               [11]  469 	push	bc
    00000207 CDr00r00         [17]  470 	call	_cpct_asicSetSpritePosition
    0000020A D1               [10]  471 	pop	de
    0000020B C1               [10]  472 	pop	bc
    0000020C E1               [10]  473 	pop	hl
                                    474 ;src/titles.c:294: cpct_asicSetSpriteZoom(HW_SPRITE_TITLE_MODE_START + i, 2, 1);
    0000020D C5               [11]  475 	push	bc
    0000020E D5               [11]  476 	push	de
    0000020F 11 02 01         [10]  477 	ld	de, #0x102
    00000212 D5               [11]  478 	push	de
    00000213 CDr00r00         [17]  479 	call	_cpct_asicSetSpriteZoom
    00000216 D1               [10]  480 	pop	de
    00000217 C1               [10]  481 	pop	bc
                                    482 ;src/titles.c:295: x += 32;
    00000218 21 20 00         [10]  483 	ld	hl, #0x0020
    0000021B 19               [11]  484 	add	hl, de
    0000021C EB               [ 4]  485 	ex	de, hl
                                    486 ;src/titles.c:291: for (u8 i = 0; i < count; i++) {
    0000021D 04               [ 4]  487 	inc	b
                                    488 ;src/titles.c:297: }
    0000021E 18 D5            [12]  489 	jr	00113$
                                    490 ;src/titles.c:300: static void t_draw_bg(void) {
                                    491 ;	---------------------------------
                                    492 ; Function t_draw_bg
                                    493 ; ---------------------------------
    00000220                        494 _t_draw_bg:
                                    495 ;src/titles.c:302: if (HW_HAS_128K(g_hw))
    00000220 3Ar00r00         [13]  496 	ld	a, (_g_hw)
    00000223 E6 03            [ 7]  497 	and	a, #0x03
    00000225 D6 01            [ 7]  498 	sub	a, #0x01
    00000227 38 05            [12]  499 	jr	C, 00102$
                                    500 ;src/titles.c:303: d_gfx_decompress_to_screen(GFX_TITLE);
    00000229 3E 03            [ 7]  501 	ld	a, #0x03
    0000022B C3r00r00         [10]  502 	jp	_d_gfx_decompress_to_screen
    0000022E                        503 00102$:
                                    504 ;src/titles.c:305: a_page_disconnect_safe();
    0000022E CDr00r00         [17]  505 	call	_a_page_disconnect_safe
                                    506 ;src/titles.c:306: d_load("TITLE   SCR", VIDEO_MEM_START);
    00000231 11 00 C0         [10]  507 	ld	de, #0xc000
    00000234 21r3Dr02         [10]  508 	ld	hl, #___str_0
    00000237 CDr00r00         [17]  509 	call	_d_load
                                    510 ;src/titles.c:307: a_page_connect_safe();
                                    511 ;src/titles.c:309: }
    0000023A C3r00r00         [10]  512 	jp	_a_page_connect_safe
    0000023D                        513 ___str_0:
    0000023D 54 49 54 4C 45 20 20   514 	.ascii "TITLE   SCR"
             20 53 43 52
    00000248 00                     515 	.db 0x00
                                    516 ;src/titles.c:311: static void t_add_interrupt(void) {
                                    517 ;	---------------------------------
                                    518 ; Function t_add_interrupt
                                    519 ; ---------------------------------
    00000249                        520 _t_add_interrupt:
                                    521 ;src/titles.c:329: cpct_waitVSYNC();
    00000249 CDr00r00         [17]  522 	call	_cpct_waitVSYNC
                                    523 ;src/titles.c:331: cpct_asicSetLinesInterruptHandler(t_interrupt, lines, sizeof(lines));
    0000024C 21 0D 00         [10]  524 	ld	hl, #0x000d
    0000024F E5               [11]  525 	push	hl
    00000250 11r5Ar02         [10]  526 	ld	de, #_t_add_interrupt_lines_10000_302
    00000253 21r6Ar02         [10]  527 	ld	hl, #_t_interrupt
    00000256 CDr00r00         [17]  528 	call	_cpct_asicSetLinesInterruptHandler
                                    529 ;src/titles.c:332: }
    00000259 C9               [10]  530 	ret
    0000025A                        531 _t_add_interrupt_lines_10000_302:
    0000025A 00                     532 	.db #0x00	; 0
    0000025B 06                     533 	.db #0x06	; 6
    0000025C 0C                     534 	.db #0x0c	; 12
    0000025D 12                     535 	.db #0x12	; 18
    0000025E 18                     536 	.db #0x18	; 24
    0000025F 1E                     537 	.db #0x1e	; 30
    00000260 24                     538 	.db #0x24	; 36
    00000261 2A                     539 	.db #0x2a	; 42
    00000262 32                     540 	.db #0x32	; 50	'2'
    00000263 50                     541 	.db #0x50	; 80	'P'
    00000264 78                     542 	.db #0x78	; 120	'x'
    00000265 A9                     543 	.db #0xa9	; 169
    00000266 B8                     544 	.db #0xb8	; 184
                                    545 ;src/titles.c:334: static void t_remove_interrupt(void) {
                                    546 ;	---------------------------------
                                    547 ; Function t_remove_interrupt
                                    548 ; ---------------------------------
    00000267                        549 _t_remove_interrupt:
                                    550 ;src/titles.c:336: cpct_asicRemoveLinesInterruptHandler();
                                    551 ;src/titles.c:337: }
    00000267 C3r00r00         [10]  552 	jp	_cpct_asicRemoveLinesInterruptHandler
                                    553 ;src/titles.c:339: static void t_interrupt(u8 line) __z88dk_fastcall {
                                    554 ;	---------------------------------
                                    555 ; Function t_interrupt
                                    556 ; ---------------------------------
    0000026A                        557 _t_interrupt:
    0000026A DD E5            [15]  558 	push	ix
    0000026C DD 21 00 00      [14]  559 	ld	ix,#0
    00000270 DD 39            [15]  560 	add	ix,sp
    00000272 3B               [ 6]  561 	dec	sp
                                    562 ;src/titles.c:341: if (line < TITLES_RASTER_SLOPES) {
    00000273 DD 75 FF         [19]  563 	ld	-1 (ix), l
    00000276 7D               [ 4]  564 	ld	a, l
    00000277 D6 32            [ 7]  565 	sub	a, #0x32
    00000279 30 4D            [12]  566 	jr	NC, 00136$
                                    567 ;src/titles.c:343: if (line == 0) {
    0000027B DD 7E FF         [19]  568 	ld	a, -1 (ix)
    0000027E B7               [ 4]  569 	or	a, a
    0000027F 20 28            [12]  570 	jr	NZ, 00102$
                                    571 ;src/titles.c:345: cpct_asicSetPalColour(0, t_pal_top[0]);
    00000281 ED 5Br76r00      [20]  572 	ld	de, (#_t_pal_top + 0)
    00000285 21 00 00         [10]  573 	ld	hl, #0x0000
    00000288 CDr00r00         [17]  574 	call	_cpct_asicSetPalColour
                                    575 ;src/titles.c:346: cpct_asicSetPalColour(1, t_pal_top[1]);
    0000028B ED 5Br78r00      [20]  576 	ld	de, (#_t_pal_top + 2)
    0000028F 21 01 00         [10]  577 	ld	hl, #0x0001
    00000292 CDr00r00         [17]  578 	call	_cpct_asicSetPalColour
                                    579 ;src/titles.c:347: cpct_asicSetPalColour(2, t_pal_top[2]);
    00000295 ED 5Br7Ar00      [20]  580 	ld	de, (#_t_pal_top + 4)
    00000299 21 02 00         [10]  581 	ld	hl, #0x0002
    0000029C CDr00r00         [17]  582 	call	_cpct_asicSetPalColour
                                    583 ;src/titles.c:348: cpct_asicSetPalColour(3, t_pal_top[3]);
    0000029F ED 5Br7Cr00      [20]  584 	ld	de, (#_t_pal_top + 6)
    000002A3 21 03 00         [10]  585 	ld	hl, #0x0003
    000002A6 CDr00r00         [17]  586 	call	_cpct_asicSetPalColour
    000002A9                        587 00102$:
                                    588 ;src/titles.c:352: u8 band = (line - TITLES_RASTER_ROLAND_START) >> 3;
    000002A9 DD 6E FF         [19]  589 	ld	l, -1 (ix)
    000002AC 01 00 03         [10]  590 	ld	bc, #0x300
    000002AF                        591 00252$:
    000002AF CB 29            [ 8]  592 	sra	c
    000002B1 CB 1D            [ 8]  593 	rr	l
    000002B3 10 FA            [13]  594 	djnz	00252$
                                    595 ;src/titles.c:355: cpct_asicSetPalColour(1, roland_band_colours[band]);
    000002B5 01r60r00         [10]  596 	ld	bc, #_roland_band_colours+0
    000002B8 26 00            [ 7]  597 	ld	h, #0x00
    000002BA 29               [11]  598 	add	hl, hl
    000002BB 09               [11]  599 	add	hl, bc
    000002BC 5E               [ 7]  600 	ld	e, (hl)
    000002BD 23               [ 6]  601 	inc	hl
    000002BE 56               [ 7]  602 	ld	d, (hl)
    000002BF 21 01 00         [10]  603 	ld	hl, #0x0001
    000002C2 CDr00r00         [17]  604 	call	_cpct_asicSetPalColour
    000002C5 C3rBAr03         [10]  605 	jp	00138$
    000002C8                        606 00136$:
                                    607 ;src/titles.c:357: } else if (line == TITLES_RASTER_SLOPES) {
    000002C8 DD 7E FF         [19]  608 	ld	a, -1 (ix)
    000002CB D6 32            [ 7]  609 	sub	a, #0x32
    000002CD 20 06            [12]  610 	jr	NZ, 00133$
                                    611 ;src/titles.c:360: t_update_slopes_cycle();
    000002CF CDrBEr03         [17]  612 	call	_t_update_slopes_cycle
    000002D2 C3rBAr03         [10]  613 	jp	00138$
    000002D5                        614 00133$:
                                    615 ;src/titles.c:361: } else if (line == TITLES_RASTER_TREES) {
    000002D5 DD 7E FF         [19]  616 	ld	a, -1 (ix)
    000002D8 D6 50            [ 7]  617 	sub	a, #0x50
    000002DA 20 0C            [12]  618 	jr	NZ, 00130$
                                    619 ;src/titles.c:364: cpct_asicSetPalette(t_pal_trees, 4);
    000002DC 11 04 00         [10]  620 	ld	de, #0x0004
    000002DF 21r96r00         [10]  621 	ld	hl, #_t_pal_trees
    000002E2 CDr00r00         [17]  622 	call	_cpct_asicSetPalette
    000002E5 C3rBAr03         [10]  623 	jp	00138$
    000002E8                        624 00130$:
                                    625 ;src/titles.c:365: } else if (line == TITLES_RASTER_DO_STUFF) {
    000002E8 DD 7E FF         [19]  626 	ld	a, -1 (ix)
    000002EB D6 78            [ 7]  627 	sub	a, #0x78
    000002ED C2r70r03         [10]  628 	jp	NZ, 00127$
                                    629 ;src/titles.c:368: if (t_int_idx == 0) {
    000002F0 3Ar01r00         [13]  630 	ld	a, (_t_int_idx+0)
    000002F3 B7               [ 4]  631 	or	a, a
    000002F4 20 12            [12]  632 	jr	NZ, 00106$
                                    633 ;src/titles.c:369: if (++t_frame_c == FC_MAX)
    000002F6 FD 21r02r00      [14]  634 	ld	iy, #_t_frame_c
    000002FA FD 34 00         [23]  635 	inc	0 (iy)
    000002FD 3Ar02r00         [13]  636 	ld	a, (_t_frame_c+0)
    00000300 D6 32            [ 7]  637 	sub	a, #0x32
    00000302 20 04            [12]  638 	jr	NZ, 00106$
                                    639 ;src/titles.c:370: t_frame_c = 0;
    00000304 FD 36 00 00      [19]  640 	ld	0 (iy), #0x00
    00000308                        641 00106$:
                                    642 ;src/titles.c:374: cpct_PLY_AKG_Play();
    00000308 CDr00r00         [17]  643 	call	_cpct_PLY_AKG_Play
                                    644 ;src/titles.c:376: if (t_int_idx == 2)
    0000030B 3Ar01r00         [13]  645 	ld	a, (_t_int_idx+0)
    0000030E D6 02            [ 7]  646 	sub	a, #0x02
    00000310 20 03            [12]  647 	jr	NZ, 00108$
                                    648 ;src/titles.c:377: cpct_scanKeyboard_if();
    00000312 CDr00r00         [17]  649 	call	_cpct_scanKeyboard_if
    00000315                        650 00108$:
                                    651 ;src/titles.c:379: if (t_int_idx == 4) {
    00000315 3Ar01r00         [13]  652 	ld	a, (_t_int_idx+0)
    00000318 D6 04            [ 7]  653 	sub	a, #0x04
    0000031A 20 24            [12]  654 	jr	NZ, 00114$
                                    655 ;src/titles.c:381: if (++text_tick >= TITLES_TEXT_SPEED) {
    0000031C FD 21r04r00      [14]  656 	ld	iy, #_text_tick
    00000320 FD 34 00         [23]  657 	inc	0 (iy)
    00000323 3Ar04r00         [13]  658 	ld	a, (_text_tick+0)
    00000326 D6 02            [ 7]  659 	sub	a, #0x02
    00000328 38 16            [12]  660 	jr	C, 00114$
                                    661 ;src/titles.c:382: text_tick = 0;
    0000032A FD 36 00 00      [19]  662 	ld	0 (iy), #0x00
                                    663 ;src/titles.c:383: if (++text_phase >= TITLES_TEXT_COLOUR_COUNT)
    0000032E FD 21r03r00      [14]  664 	ld	iy, #_text_phase
    00000332 FD 34 00         [23]  665 	inc	0 (iy)
    00000335 3Ar03r00         [13]  666 	ld	a, (_text_phase+0)
    00000338 D6 08            [ 7]  667 	sub	a, #0x08
    0000033A 38 04            [12]  668 	jr	C, 00114$
                                    669 ;src/titles.c:384: text_phase = 0;
    0000033C FD 36 00 00      [19]  670 	ld	0 (iy), #0x00
    00000340                        671 00114$:
                                    672 ;src/titles.c:388: if (t_int_idx == 5) {
    00000340 3Ar01r00         [13]  673 	ld	a, (_t_int_idx+0)
    00000343 D6 05            [ 7]  674 	sub	a, #0x05
    00000345 20 15            [12]  675 	jr	NZ, 00118$
                                    676 ;src/titles.c:390: if (++slopes_tick >= SLOPES_SPEED) {
    00000347 FD 21r07r00      [14]  677 	ld	iy, #_slopes_tick
    0000034B FD 34 00         [23]  678 	inc	0 (iy)
    0000034E 3Ar07r00         [13]  679 	ld	a, (_slopes_tick+0)
    00000351 D6 02            [ 7]  680 	sub	a, #0x02
    00000353 38 07            [12]  681 	jr	C, 00118$
                                    682 ;src/titles.c:391: slopes_tick = 0;
    00000355 FD 36 00 00      [19]  683 	ld	0 (iy), #0x00
                                    684 ;src/titles.c:392: t_step_slopes_phase();
    00000359 CDrF0r03         [17]  685 	call	_t_step_slopes_phase
    0000035C                        686 00118$:
                                    687 ;src/titles.c:396: if (++t_int_idx == 6)
    0000035C FD 21r01r00      [14]  688 	ld	iy, #_t_int_idx
    00000360 FD 34 00         [23]  689 	inc	0 (iy)
    00000363 3Ar01r00         [13]  690 	ld	a, (_t_int_idx+0)
    00000366 D6 06            [ 7]  691 	sub	a, #0x06
    00000368 20 50            [12]  692 	jr	NZ, 00138$
                                    693 ;src/titles.c:397: t_int_idx = 0;
    0000036A FD 36 00 00      [19]  694 	ld	0 (iy), #0x00
    0000036E 18 4A            [12]  695 	jr	00138$
    00000370                        696 00127$:
                                    697 ;src/titles.c:399: } else if (line == TITLES_RASTER_ICE) {
    00000370 DD 7E FF         [19]  698 	ld	a, -1 (ix)
    00000373 D6 A9            [ 7]  699 	sub	a, #0xa9
    00000375 20 0B            [12]  700 	jr	NZ, 00124$
                                    701 ;src/titles.c:402: cpct_asicSetPalette(t_pal_ice, 4);
    00000377 11 04 00         [10]  702 	ld	de, #0x0004
    0000037A 21rA6r00         [10]  703 	ld	hl, #_t_pal_ice
    0000037D CDr00r00         [17]  704 	call	_cpct_asicSetPalette
    00000380 18 38            [12]  705 	jr	00138$
    00000382                        706 00124$:
                                    707 ;src/titles.c:403: } else if (line == TITLES_RASTER_TEXT) {
    00000382 DD 7E FF         [19]  708 	ld	a, -1 (ix)
    00000385 D6 B8            [ 7]  709 	sub	a, #0xb8
    00000387 20 31            [12]  710 	jr	NZ, 00138$
                                    711 ;src/titles.c:406: u8 idx = text_phase;
    00000389 3Ar03r00         [13]  712 	ld	a, (_text_phase)
    0000038C 4F               [ 4]  713 	ld	c, a
                                    714 ;src/titles.c:407: cpct_asicSetPalColour(2, cpctm_asicColor(0, 0, 0));
    0000038D C5               [11]  715 	push	bc
    0000038E 11 00 00         [10]  716 	ld	de, #0x0000
    00000391 21 02 00         [10]  717 	ld	hl, #0x0002
    00000394 CDr00r00         [17]  718 	call	_cpct_asicSetPalColour
    00000397 C1               [10]  719 	pop	bc
                                    720 ;src/titles.c:408: cpct_asicSetPalColour(1, text_col_top[idx]);
    00000398 AF               [ 4]  721 	xor	a, a
    00000399 47               [ 4]  722 	ld	b, a
    0000039A CB 21            [ 8]  723 	sla	c
    0000039C CB 10            [ 8]  724 	rl	b
    0000039E 21r40r00         [10]  725 	ld	hl, #_text_col_top
    000003A1 09               [11]  726 	add	hl, bc
    000003A2 5E               [ 7]  727 	ld	e, (hl)
    000003A3 23               [ 6]  728 	inc	hl
    000003A4 56               [ 7]  729 	ld	d, (hl)
    000003A5 C5               [11]  730 	push	bc
    000003A6 21 01 00         [10]  731 	ld	hl, #0x0001
    000003A9 CDr00r00         [17]  732 	call	_cpct_asicSetPalColour
    000003AC C1               [10]  733 	pop	bc
                                    734 ;src/titles.c:409: cpct_asicSetPalColour(3, text_col_bottom[idx]);
    000003AD 21r50r00         [10]  735 	ld	hl, #_text_col_bottom
    000003B0 09               [11]  736 	add	hl, bc
    000003B1 5E               [ 7]  737 	ld	e, (hl)
    000003B2 23               [ 6]  738 	inc	hl
    000003B3 56               [ 7]  739 	ld	d, (hl)
    000003B4 21 03 00         [10]  740 	ld	hl, #0x0003
    000003B7 CDr00r00         [17]  741 	call	_cpct_asicSetPalColour
    000003BA                        742 00138$:
                                    743 ;src/titles.c:411: }
    000003BA 33               [ 6]  744 	inc	sp
    000003BB DD E1            [14]  745 	pop	ix
    000003BD C9               [10]  746 	ret
                                    747 ;src/titles.c:413: static void t_update_slopes_cycle(void) {
                                    748 ;	---------------------------------
                                    749 ; Function t_update_slopes_cycle
                                    750 ; ---------------------------------
    000003BE                        751 _t_update_slopes_cycle:
                                    752 ;src/titles.c:416: u8 idx_bottom = slopes_phase;
    000003BE 3Ar05r00         [13]  753 	ld	a, (_slopes_phase)
    000003C1 6F               [ 4]  754 	ld	l, a
                                    755 ;src/titles.c:419: u8 idx_top = slopes_phase + 1;
    000003C2 3Ar05r00         [13]  756 	ld	a, (_slopes_phase)
                                    757 ;src/titles.c:420: if (idx_top >= SLOPES_RAMP_COUNT)
    000003C5 3C               [ 4]  758 	inc	a
    000003C6 5F               [ 4]  759 	ld	e, a
    000003C7 D6 08            [ 7]  760 	sub	a, #0x08
    000003C9 38 02            [12]  761 	jr	C, 00102$
                                    762 ;src/titles.c:421: idx_top = SLOPES_RAMP_COUNT - 1;
    000003CB 1E 07            [ 7]  763 	ld	e, #0x07
    000003CD                        764 00102$:
                                    765 ;src/titles.c:423: cpct_asicSetPalColour(1, t_slopes_ramp[idx_bottom]);
    000003CD 01r7Er00         [10]  766 	ld	bc, #_t_slopes_ramp+0
    000003D0 26 00            [ 7]  767 	ld	h, #0x00
    000003D2 29               [11]  768 	add	hl, hl
    000003D3 09               [11]  769 	add	hl, bc
    000003D4 7E               [ 7]  770 	ld	a, (hl)
    000003D5 23               [ 6]  771 	inc	hl
    000003D6 56               [ 7]  772 	ld	d, (hl)
    000003D7 C5               [11]  773 	push	bc
    000003D8 D5               [11]  774 	push	de
    000003D9 5F               [ 4]  775 	ld	e, a
    000003DA 21 01 00         [10]  776 	ld	hl, #0x0001
    000003DD CDr00r00         [17]  777 	call	_cpct_asicSetPalColour
    000003E0 D1               [10]  778 	pop	de
    000003E1 C1               [10]  779 	pop	bc
                                    780 ;src/titles.c:424: cpct_asicSetPalColour(3, t_slopes_ramp[idx_top]);
    000003E2 16 00            [ 7]  781 	ld	d, #0x00
    000003E4 EB               [ 4]  782 	ex	de, hl
    000003E5 29               [11]  783 	add	hl, hl
    000003E6 09               [11]  784 	add	hl, bc
    000003E7 5E               [ 7]  785 	ld	e, (hl)
    000003E8 23               [ 6]  786 	inc	hl
    000003E9 56               [ 7]  787 	ld	d, (hl)
    000003EA 21 03 00         [10]  788 	ld	hl, #0x0003
                                    789 ;src/titles.c:425: }
    000003ED C3r00r00         [10]  790 	jp	_cpct_asicSetPalColour
                                    791 ;src/titles.c:427: static void t_step_slopes_phase(void) {
                                    792 ;	---------------------------------
                                    793 ; Function t_step_slopes_phase
                                    794 ; ---------------------------------
    000003F0                        795 _t_step_slopes_phase:
                                    796 ;src/titles.c:429: slopes_phase += slopes_dir;
    000003F0 3Ar05r00         [13]  797 	ld	a, (_slopes_phase)
    000003F3 21r06r00         [10]  798 	ld	hl, #_slopes_dir
    000003F6 86               [ 7]  799 	add	a, (hl)
                                    800 ;src/titles.c:431: if (slopes_phase == SLOPES_RAMP_COUNT - 2)
    000003F7 32r05r00         [13]  801 	ld	(_slopes_phase+0), a
    000003FA D6 06            [ 7]  802 	sub	a, #0x06
    000003FC 20 06            [12]  803 	jr	NZ, 00104$
                                    804 ;src/titles.c:432: slopes_dir = -1;
    000003FE 21r06r00         [10]  805 	ld	hl, #_slopes_dir
    00000401 36 FF            [10]  806 	ld	(hl), #0xff
    00000403 C9               [10]  807 	ret
    00000404                        808 00104$:
                                    809 ;src/titles.c:433: else if (slopes_phase == 0)
    00000404 3Ar05r00         [13]  810 	ld	a, (_slopes_phase+0)
    00000407 B7               [ 4]  811 	or	a, a
    00000408 C0               [11]  812 	ret	NZ
                                    813 ;src/titles.c:434: slopes_dir = 1;
    00000409 21r06r00         [10]  814 	ld	hl, #_slopes_dir
    0000040C 36 01            [10]  815 	ld	(hl), #0x01
                                    816 ;src/titles.c:435: }
    0000040E C9               [10]  817 	ret
                                    818 ;src/titles.c:437: static void t_ani_roland_l(u8 y, u8 speed) {
                                    819 ;	---------------------------------
                                    820 ; Function t_ani_roland_l
                                    821 ; ---------------------------------
    0000040F                        822 _t_ani_roland_l:
    0000040F 67               [ 4]  823 	ld	h, a
                                    824 ;src/titles.c:439: t_load_roland_from_cache(false);
    00000410 E5               [11]  825 	push	hl
    00000411 AF               [ 4]  826 	xor	a, a
    00000412 CDrD8r04         [17]  827 	call	_t_load_roland_from_cache
    00000415 E1               [10]  828 	pop	hl
                                    829 ;src/titles.c:441: t_scroll_sprite_h(-SPRITE_WIDTH_ZOOM, SCREEN_WIDTH_M2, speed, y,
    00000416 AF               [ 4]  830 	xor	a, a
    00000417 11r00r00         [10]  831 	ld	de, #_v_set_title_roland_sprite_pos
    0000041A D5               [11]  832 	push	de
    0000041B E5               [11]  833 	push	hl
    0000041C 33               [ 6]  834 	inc	sp
    0000041D 67               [ 4]  835 	ld	h, a
    0000041E E5               [11]  836 	push	hl
    0000041F 11 80 02         [10]  837 	ld	de, #0x0280
    00000422 21 00 FF         [10]  838 	ld	hl, #0xff00
    00000425 CDr4Br04         [17]  839 	call	_t_scroll_sprite_h
                                    840 ;src/titles.c:443: }
    00000428 C9               [10]  841 	ret
                                    842 ;src/titles.c:445: static void t_ani_roland_r(u8 y, u8 speed) {
                                    843 ;	---------------------------------
                                    844 ; Function t_ani_roland_r
                                    845 ; ---------------------------------
    00000429                        846 _t_ani_roland_r:
    00000429 67               [ 4]  847 	ld	h, a
                                    848 ;src/titles.c:447: t_load_roland_from_cache(true);
    0000042A E5               [11]  849 	push	hl
    0000042B 3E 01            [ 7]  850 	ld	a, #0x01
    0000042D CDrD8r04         [17]  851 	call	_t_load_roland_from_cache
    00000430 E1               [10]  852 	pop	hl
                                    853 ;src/titles.c:449: t_scroll_sprite_h(SCREEN_WIDTH_M2, -SPRITE_WIDTH_ZOOM, -speed, y,
    00000431 7D               [ 4]  854 	ld	a, l
    00000432 06 00            [ 7]  855 	ld	b, #0x00
    00000434 ED 44            [ 8]  856 	neg
    00000436 4F               [ 4]  857 	ld	c, a
    00000437 9F               [ 4]  858 	sbc	a, a
    00000438 90               [ 4]  859 	sub	a, b
    00000439 11r00r00         [10]  860 	ld	de, #_v_set_title_roland_sprite_pos
    0000043C D5               [11]  861 	push	de
    0000043D E5               [11]  862 	push	hl
    0000043E 33               [ 6]  863 	inc	sp
    0000043F 47               [ 4]  864 	ld	b, a
    00000440 C5               [11]  865 	push	bc
    00000441 11 00 FF         [10]  866 	ld	de, #0xff00
    00000444 21 80 02         [10]  867 	ld	hl, #0x0280
    00000447 CDr4Br04         [17]  868 	call	_t_scroll_sprite_h
                                    869 ;src/titles.c:451: }
    0000044A C9               [10]  870 	ret
                                    871 ;src/titles.c:453: static void t_scroll_sprite_h(
                                    872 ;	---------------------------------
                                    873 ; Function t_scroll_sprite_h
                                    874 ; ---------------------------------
    0000044B                        875 _t_scroll_sprite_h:
    0000044B DD E5            [15]  876 	push	ix
    0000044D DD 21 00 00      [14]  877 	ld	ix,#0
    00000451 DD 39            [15]  878 	add	ix,sp
    00000453 F5               [11]  879 	push	af
    00000454 3B               [ 6]  880 	dec	sp
    00000455 4D               [ 4]  881 	ld	c, l
    00000456 44               [ 4]  882 	ld	b, h
    00000457 DD 73 FE         [19]  883 	ld	-2 (ix), e
    0000045A DD 72 FF         [19]  884 	ld	-1 (ix), d
                                    885 ;src/titles.c:456: for (i16 x = start_x; (step > 0) ? (x <= end_x) : (x >= end_x);
    0000045D AF               [ 4]  886 	xor	a, a
    0000045E DD BE 04         [19]  887 	cp	a, 4 (ix)
    00000461 DD 9E 05         [19]  888 	sbc	a, 5 (ix)
    00000464 E2r69r04         [10]  889 	jp	PO, 00130$
    00000467 EE 80            [ 7]  890 	xor	a, #0x80
    00000469                        891 00130$:
    00000469 07               [ 4]  892 	rlca
    0000046A E6 01            [ 7]  893 	and	a,#0x01
    0000046C DD 77 FD         [19]  894 	ld	-3 (ix), a
    0000046F                        895 00103$:
    0000046F DD 7E FD         [19]  896 	ld	a, -3 (ix)
    00000472 B7               [ 4]  897 	or	a, a
    00000473 28 14            [12]  898 	jr	Z, 00107$
    00000475 DD 7E FE         [19]  899 	ld	a, -2 (ix)
    00000478 91               [ 4]  900 	sub	a, c
    00000479 DD 7E FF         [19]  901 	ld	a, -1 (ix)
    0000047C 98               [ 4]  902 	sbc	a, b
    0000047D E2r82r04         [10]  903 	jp	PO, 00131$
    00000480 EE 80            [ 7]  904 	xor	a, #0x80
    00000482                        905 00131$:
    00000482 07               [ 4]  906 	rlca
    00000483 E6 01            [ 7]  907 	and	a,#0x01
    00000485 EE 01            [ 7]  908 	xor	a, #0x01
    00000487 18 12            [12]  909 	jr	00108$
    00000489                        910 00107$:
    00000489 79               [ 4]  911 	ld	a, c
    0000048A DD 96 FE         [19]  912 	sub	a, -2 (ix)
    0000048D 78               [ 4]  913 	ld	a, b
    0000048E DD 9E FF         [19]  914 	sbc	a, -1 (ix)
    00000491 E2r96r04         [10]  915 	jp	PO, 00132$
    00000494 EE 80            [ 7]  916 	xor	a, #0x80
    00000496                        917 00132$:
    00000496 07               [ 4]  918 	rlca
    00000497 E6 01            [ 7]  919 	and	a,#0x01
    00000499 EE 01            [ 7]  920 	xor	a, #0x01
    0000049B                        921 00108$:
    0000049B B7               [ 4]  922 	or	a, a
    0000049C 28 31            [12]  923 	jr	Z, 00105$
                                    924 ;src/titles.c:459: pos_fn(x, y, t_roland_right);
    0000049E DD 5E 06         [19]  925 	ld	e, 6 (ix)
    000004A1 16 00            [ 7]  926 	ld	d, #0x00
    000004A3 C5               [11]  927 	push	bc
    000004A4 3Ar08r00         [13]  928 	ld	a, (_t_roland_right)
    000004A7 F5               [11]  929 	push	af
    000004A8 33               [ 6]  930 	inc	sp
    000004A9 69               [ 4]  931 	ld	l, c
    000004AA 60               [ 4]  932 	ld	h, b
    000004AB FD E5            [15]  933 	push	iy
    000004AD E3               [19]  934 	ex	(sp), hl
    000004AE DD 6E 07         [19]  935 	ld	l, 7 (ix)
    000004B1 E3               [19]  936 	ex	(sp), hl
    000004B2 E3               [19]  937 	ex	(sp), hl
    000004B3 DD 66 08         [19]  938 	ld	h, 8 (ix)
    000004B6 E3               [19]  939 	ex	(sp), hl
    000004B7 FD E1            [14]  940 	pop	iy
    000004B9 CDr00r00         [17]  941 	call	___sdcc_call_iy
                                    942 ;src/titles.c:461: t_poll_title_input();
    000004BC CDr44r06         [17]  943 	call	_t_poll_title_input
                                    944 ;src/titles.c:462: cpct_waitVSYNC();
    000004BF CDr00r00         [17]  945 	call	_cpct_waitVSYNC
    000004C2 C1               [10]  946 	pop	bc
                                    947 ;src/titles.c:457: x += step) {
    000004C3 79               [ 4]  948 	ld	a, c
    000004C4 DD 86 04         [19]  949 	add	a, 4 (ix)
    000004C7 4F               [ 4]  950 	ld	c, a
    000004C8 78               [ 4]  951 	ld	a, b
    000004C9 DD 8E 05         [19]  952 	adc	a, 5 (ix)
    000004CC 47               [ 4]  953 	ld	b, a
    000004CD 18 A0            [12]  954 	jr	00103$
    000004CF                        955 00105$:
                                    956 ;src/titles.c:464: }
    000004CF DD F9            [10]  957 	ld	sp, ix
    000004D1 DD E1            [14]  958 	pop	ix
    000004D3 E1               [10]  959 	pop	hl
    000004D4 F1               [10]  960 	pop	af
    000004D5 F1               [10]  961 	pop	af
    000004D6 33               [ 6]  962 	inc	sp
    000004D7 E9               [ 4]  963 	jp	(hl)
                                    964 ;src/titles.c:466: static void t_load_roland_from_cache(bool right) {
                                    965 ;	---------------------------------
                                    966 ; Function t_load_roland_from_cache
                                    967 ; ---------------------------------
    000004D8                        968 _t_load_roland_from_cache:
    000004D8 4F               [ 4]  969 	ld	c, a
                                    970 ;src/titles.c:468: sprite_bank_id_t bank = right ? SPR_BANK_ROLAND_R : SPR_BANK_ROLAND_L;
    000004D9 CB 41            [ 8]  971 	bit	0, c
    000004DB 28 04            [12]  972 	jr	Z, 00107$
    000004DD 06 01            [ 7]  973 	ld	b, #0x01
    000004DF 18 02            [12]  974 	jr	00108$
    000004E1                        975 00107$:
    000004E1 06 00            [ 7]  976 	ld	b, #0x00
    000004E3                        977 00108$:
                                    978 ;src/titles.c:470: for (u8 i = 0; i < 4; i++) {
    000004E3 16 00            [ 7]  979 	ld	d, #0x00
    000004E5                        980 00103$:
    000004E5 7A               [ 4]  981 	ld	a, d
    000004E6 D6 04            [ 7]  982 	sub	a, #0x04
    000004E8 30 23            [12]  983 	jr	NC, 00101$
                                    984 ;src/titles.c:471: cpct_waitVSYNC();
    000004EA C5               [11]  985 	push	bc
    000004EB D5               [11]  986 	push	de
    000004EC CDr00r00         [17]  987 	call	_cpct_waitVSYNC
    000004EF D1               [10]  988 	pop	de
    000004F0 C1               [10]  989 	pop	bc
                                    990 ;src/titles.c:472: c_sprite_cache_bank_upload(bank, i, ASIC_SPR_ROLAND_START + i);
    000004F1 C5               [11]  991 	push	bc
    000004F2 D5               [11]  992 	push	de
    000004F3 D5               [11]  993 	push	de
    000004F4 33               [ 6]  994 	inc	sp
    000004F5 6A               [ 4]  995 	ld	l, d
    000004F6 78               [ 4]  996 	ld	a, b
    000004F7 CDr00r00         [17]  997 	call	_c_sprite_cache_bank_upload
    000004FA D1               [10]  998 	pop	de
    000004FB C1               [10]  999 	pop	bc
                                   1000 ;src/titles.c:473: cpct_asicSetSpriteZoom(ASIC_SPR_ROLAND_START + i, 2, 1);
    000004FC 6A               [ 4] 1001 	ld	l, d
    000004FD 26 00            [ 7] 1002 	ld	h, #0x00
    000004FF C5               [11] 1003 	push	bc
    00000500 D5               [11] 1004 	push	de
    00000501 11 02 01         [10] 1005 	ld	de, #0x102
    00000504 D5               [11] 1006 	push	de
    00000505 CDr00r00         [17] 1007 	call	_cpct_asicSetSpriteZoom
    00000508 D1               [10] 1008 	pop	de
    00000509 C1               [10] 1009 	pop	bc
                                   1010 ;src/titles.c:470: for (u8 i = 0; i < 4; i++) {
    0000050A 14               [ 4] 1011 	inc	d
    0000050B 18 D8            [12] 1012 	jr	00103$
    0000050D                       1013 00101$:
                                   1014 ;src/titles.c:476: t_roland_right = right;
    0000050D 21r08r00         [10] 1015 	ld	hl, #_t_roland_right
    00000510 71               [ 7] 1016 	ld	(hl), c
                                   1017 ;src/titles.c:477: }
    00000511 C9               [10] 1018 	ret
                                   1019 ;src/titles.c:479: static void t_init_roland_slots(u8 y) {
                                   1020 ;	---------------------------------
                                   1021 ; Function t_init_roland_slots
                                   1022 ; ---------------------------------
    00000512                       1023 _t_init_roland_slots:
    00000512 CDr00r00         [17] 1024 	call	___sdcc_enter_ix
    00000515 3B               [ 6] 1025 	dec	sp
    00000516 DD 77 FF         [19] 1026 	ld	-1 (ix), a
                                   1027 ;src/titles.c:483: for (u8 i = 0; i < 4; i++) {
    00000519 11 00 FF         [10] 1028 	ld	de, #0xff00
    0000051C 0E 00            [ 7] 1029 	ld	c, #0x00
    0000051E                       1030 00103$:
    0000051E 79               [ 4] 1031 	ld	a, c
    0000051F D6 04            [ 7] 1032 	sub	a, #0x04
    00000521 30 23            [12] 1033 	jr	NC, 00105$
                                   1034 ;src/titles.c:484: cpct_asicSetSpritePosition(ASIC_SPR_ROLAND_START + i, x, y);
    00000523 DD 46 FF         [19] 1035 	ld	b, -1 (ix)
    00000526 AF               [ 4] 1036 	xor	a, a
    00000527 69               [ 4] 1037 	ld	l, c
    00000528 26 00            [ 7] 1038 	ld	h, #0x00
    0000052A E5               [11] 1039 	push	hl
    0000052B C5               [11] 1040 	push	bc
    0000052C D5               [11] 1041 	push	de
    0000052D E5               [11] 1042 	push	hl
    0000052E 68               [ 4] 1043 	ld	l, b
    0000052F 67               [ 4] 1044 	ld	h, a
    00000530 E3               [19] 1045 	ex	(sp), hl
    00000531 CDr00r00         [17] 1046 	call	_cpct_asicSetSpritePosition
    00000534 D1               [10] 1047 	pop	de
    00000535 C1               [10] 1048 	pop	bc
    00000536 E1               [10] 1049 	pop	hl
                                   1050 ;src/titles.c:485: cpct_asicSetSpriteZoom(ASIC_SPR_ROLAND_START + i, 2, 1);
    00000537 C5               [11] 1051 	push	bc
    00000538 D5               [11] 1052 	push	de
    00000539 11 02 01         [10] 1053 	ld	de, #0x102
    0000053C D5               [11] 1054 	push	de
    0000053D CDr00r00         [17] 1055 	call	_cpct_asicSetSpriteZoom
    00000540 D1               [10] 1056 	pop	de
    00000541 C1               [10] 1057 	pop	bc
                                   1058 ;src/titles.c:486: x += SPRITE_WIDTH_ZOOM;
    00000542 14               [ 4] 1059 	inc	d
                                   1060 ;src/titles.c:483: for (u8 i = 0; i < 4; i++) {
    00000543 0C               [ 4] 1061 	inc	c
    00000544 18 D8            [12] 1062 	jr	00103$
    00000546                       1063 00105$:
                                   1064 ;src/titles.c:488: }
    00000546 33               [ 6] 1065 	inc	sp
    00000547 DD E1            [14] 1066 	pop	ix
    00000549 C9               [10] 1067 	ret
                                   1068 ;src/titles.c:490: static void t_load_static_title_sprites(void) {
                                   1069 ;	---------------------------------
                                   1070 ; Function t_load_static_title_sprites
                                   1071 ; ---------------------------------
    0000054A                       1072 _t_load_static_title_sprites:
                                   1073 ;src/titles.c:493: for (u8 i = 0; i < 4; i++) {
    0000054A 0E 00            [ 7] 1074 	ld	c, #0x00
    0000054C                       1075 00104$:
    0000054C 79               [ 4] 1076 	ld	a, c
    0000054D D6 04            [ 7] 1077 	sub	a, #0x04
    0000054F 30 24            [12] 1078 	jr	NC, 00101$
                                   1079 ;src/titles.c:496: titles_sprites_data, false);
    00000551 11r00r00         [10] 1080 	ld	de, #_titles_sprites_data
                                   1081 ;src/titles.c:495: a_load_hw_sprite(HW_SPRITE_TITLE_CONTROLS_START + i, 4 + i,
    00000554 79               [ 4] 1082 	ld	a, c
    00000555 C6 04            [ 7] 1083 	add	a, #0x04
    00000557 C5               [11] 1084 	push	bc
    00000558 26 00            [ 7] 1085 	ld	h, #0x00
    0000055A E5               [11] 1086 	push	hl
    0000055B 33               [ 6] 1087 	inc	sp
    0000055C D5               [11] 1088 	push	de
    0000055D 6F               [ 4] 1089 	ld	l, a
    0000055E CDr00r00         [17] 1090 	call	_a_load_hw_sprite
    00000561 C1               [10] 1091 	pop	bc
                                   1092 ;src/titles.c:499: HW_SPRITE_TITLE_CONTROLS_START + i, 2, 1);
    00000562 59               [ 4] 1093 	ld	e, c
    00000563 16 00            [ 7] 1094 	ld	d, #0x00
    00000565 21 04 00         [10] 1095 	ld	hl, #0x0004
    00000568 19               [11] 1096 	add	hl, de
    00000569 C5               [11] 1097 	push	bc
    0000056A 11 02 01         [10] 1098 	ld	de, #0x102
    0000056D D5               [11] 1099 	push	de
    0000056E CDr00r00         [17] 1100 	call	_cpct_asicSetSpriteZoom
    00000571 C1               [10] 1101 	pop	bc
                                   1102 ;src/titles.c:493: for (u8 i = 0; i < 4; i++) {
    00000572 0C               [ 4] 1103 	inc	c
    00000573 18 D7            [12] 1104 	jr	00104$
    00000575                       1105 00101$:
                                   1106 ;src/titles.c:503: for (u8 i = 0; i < 3; i++) {
    00000575 0E 00            [ 7] 1107 	ld	c, #0x00
    00000577                       1108 00107$:
    00000577 79               [ 4] 1109 	ld	a, c
    00000578 D6 03            [ 7] 1110 	sub	a, #0x03
    0000057A D0               [11] 1111 	ret	NC
                                   1112 ;src/titles.c:505: titles_sprites_data, false);
    0000057B 11r00r00         [10] 1113 	ld	de, #_titles_sprites_data
                                   1114 ;src/titles.c:504: a_load_hw_sprite(HW_SPRITE_TITLE_PLAY_START + i, 8 + i,
    0000057E 79               [ 4] 1115 	ld	a, c
    0000057F C6 08            [ 7] 1116 	add	a, #0x08
    00000581 C5               [11] 1117 	push	bc
    00000582 26 00            [ 7] 1118 	ld	h, #0x00
    00000584 E5               [11] 1119 	push	hl
    00000585 33               [ 6] 1120 	inc	sp
    00000586 D5               [11] 1121 	push	de
    00000587 6F               [ 4] 1122 	ld	l, a
    00000588 CDr00r00         [17] 1123 	call	_a_load_hw_sprite
    0000058B C1               [10] 1124 	pop	bc
                                   1125 ;src/titles.c:506: cpct_asicSetSpriteZoom(HW_SPRITE_TITLE_PLAY_START + i, 2, 1);
    0000058C 59               [ 4] 1126 	ld	e, c
    0000058D 16 00            [ 7] 1127 	ld	d, #0x00
    0000058F 21 08 00         [10] 1128 	ld	hl, #0x0008
    00000592 19               [11] 1129 	add	hl, de
    00000593 C5               [11] 1130 	push	bc
    00000594 11 02 01         [10] 1131 	ld	de, #0x102
    00000597 D5               [11] 1132 	push	de
    00000598 CDr00r00         [17] 1133 	call	_cpct_asicSetSpriteZoom
    0000059B C1               [10] 1134 	pop	bc
                                   1135 ;src/titles.c:503: for (u8 i = 0; i < 3; i++) {
    0000059C 0C               [ 4] 1136 	inc	c
                                   1137 ;src/titles.c:508: }
    0000059D 18 D8            [12] 1138 	jr	00107$
                                   1139 ;src/titles.c:510: static void t_load_game_mode_word(void) {
                                   1140 ;	---------------------------------
                                   1141 ; Function t_load_game_mode_word
                                   1142 ; ---------------------------------
    0000059F                       1143 _t_load_game_mode_word:
    0000059F CDr00r00         [17] 1144 	call	___sdcc_enter_ix
    000005A2 3B               [ 6] 1145 	dec	sp
                                   1146 ;src/titles.c:515: if (g_game_mode == 0) {
    000005A3 3Ar00r00         [13] 1147 	ld	a, (_g_game_mode+0)
    000005A6 B7               [ 4] 1148 	or	a, a
    000005A7 20 08            [12] 1149 	jr	NZ, 00105$
                                   1150 ;src/titles.c:516: bank = SPR_BANK_MODE_CLASSIC;
    000005A9 DD 36 FF 02      [19] 1151 	ld	-1 (ix), #0x02
                                   1152 ;src/titles.c:517: count = 4;
    000005AD 0E 04            [ 7] 1153 	ld	c, #0x04
    000005AF 18 14            [12] 1154 	jr	00106$
    000005B1                       1155 00105$:
                                   1156 ;src/titles.c:518: } else if (g_game_mode == 1) {
    000005B1 3Ar00r00         [13] 1157 	ld	a, (_g_game_mode+0)
    000005B4 3D               [ 4] 1158 	dec	a
    000005B5 20 08            [12] 1159 	jr	NZ, 00102$
                                   1160 ;src/titles.c:519: bank = SPR_BANK_MODE_MANIA;
    000005B7 DD 36 FF 03      [19] 1161 	ld	-1 (ix), #0x03
                                   1162 ;src/titles.c:520: count = 3;
    000005BB 0E 03            [ 7] 1163 	ld	c, #0x03
    000005BD 18 06            [12] 1164 	jr	00106$
    000005BF                       1165 00102$:
                                   1166 ;src/titles.c:522: bank = SPR_BANK_MODE_ZEN;
    000005BF DD 36 FF 04      [19] 1167 	ld	-1 (ix), #0x04
                                   1168 ;src/titles.c:523: count = 2;
    000005C3 0E 02            [ 7] 1169 	ld	c, #0x02
    000005C5                       1170 00106$:
                                   1171 ;src/titles.c:527: a_hide_sprite_range(ASIC_SPR_MODE_START, 4);
    000005C5 C5               [11] 1172 	push	bc
    000005C6 2E 04            [ 7] 1173 	ld	l, #0x04
    000005C8 3E 0B            [ 7] 1174 	ld	a, #0x0b
    000005CA CDr00r00         [17] 1175 	call	_a_hide_sprite_range
    000005CD C1               [10] 1176 	pop	bc
                                   1177 ;src/titles.c:530: for (u8 i = 0; i < count; i++) {
    000005CE 06 00            [ 7] 1178 	ld	b, #0x00
    000005D0                       1179 00109$:
    000005D0 78               [ 4] 1180 	ld	a, b
    000005D1 91               [ 4] 1181 	sub	a, c
    000005D2 30 26            [12] 1182 	jr	NC, 00111$
                                   1183 ;src/titles.c:531: cpct_waitVSYNC();
    000005D4 C5               [11] 1184 	push	bc
    000005D5 CDr00r00         [17] 1185 	call	_cpct_waitVSYNC
    000005D8 C1               [10] 1186 	pop	bc
                                   1187 ;src/titles.c:532: c_sprite_cache_bank_upload(bank, i, ASIC_SPR_MODE_START + i);
    000005D9 78               [ 4] 1188 	ld	a, b
    000005DA C6 0B            [ 7] 1189 	add	a, #0x0b
    000005DC C5               [11] 1190 	push	bc
    000005DD F5               [11] 1191 	push	af
    000005DE 33               [ 6] 1192 	inc	sp
    000005DF 68               [ 4] 1193 	ld	l, b
    000005E0 DD 7E FF         [19] 1194 	ld	a, -1 (ix)
    000005E3 CDr00r00         [17] 1195 	call	_c_sprite_cache_bank_upload
    000005E6 C1               [10] 1196 	pop	bc
                                   1197 ;src/titles.c:533: cpct_asicSetSpriteZoom(ASIC_SPR_MODE_START + i, 2, 1);
    000005E7 58               [ 4] 1198 	ld	e, b
    000005E8 16 00            [ 7] 1199 	ld	d, #0x00
    000005EA 21 0B 00         [10] 1200 	ld	hl, #0x000b
    000005ED 19               [11] 1201 	add	hl, de
    000005EE C5               [11] 1202 	push	bc
    000005EF 11 02 01         [10] 1203 	ld	de, #0x102
    000005F2 D5               [11] 1204 	push	de
    000005F3 CDr00r00         [17] 1205 	call	_cpct_asicSetSpriteZoom
    000005F6 C1               [10] 1206 	pop	bc
                                   1207 ;src/titles.c:530: for (u8 i = 0; i < count; i++) {
    000005F7 04               [ 4] 1208 	inc	b
    000005F8 18 D6            [12] 1209 	jr	00109$
    000005FA                       1210 00111$:
                                   1211 ;src/titles.c:535: }
    000005FA 33               [ 6] 1212 	inc	sp
    000005FB DD E1            [14] 1213 	pop	ix
    000005FD C9               [10] 1214 	ret
                                   1215 ;src/titles.c:537: static void t_change_game_mode(i8 delta) {
                                   1216 ;	---------------------------------
                                   1217 ; Function t_change_game_mode
                                   1218 ; ---------------------------------
    000005FE                       1219 _t_change_game_mode:
    000005FE 4F               [ 4] 1220 	ld	c, a
                                   1221 ;src/titles.c:539: i8 mode = (i8)g_game_mode + delta;
    000005FF 3Ar00r00         [13] 1222 	ld	a, (_g_game_mode)
    00000602 81               [ 4] 1223 	add	a, c
    00000603 4F               [ 4] 1224 	ld	c, a
                                   1225 ;src/titles.c:541: if (mode < 0)
    00000604 CB 79            [ 8] 1226 	bit	7, c
    00000606 28 04            [12] 1227 	jr	Z, 00104$
                                   1228 ;src/titles.c:542: mode = 2;
    00000608 0E 02            [ 7] 1229 	ld	c, #0x02
    0000060A 18 0D            [12] 1230 	jr	00105$
    0000060C                       1231 00104$:
                                   1232 ;src/titles.c:543: else if (mode > 2)
    0000060C 3E 02            [ 7] 1233 	ld	a, #0x02
    0000060E 91               [ 4] 1234 	sub	a, c
    0000060F E2r14r06         [10] 1235 	jp	PO, 00131$
    00000612 EE 80            [ 7] 1236 	xor	a, #0x80
    00000614                       1237 00131$:
    00000614 F2r19r06         [10] 1238 	jp	P, 00105$
                                   1239 ;src/titles.c:544: mode = 0;
    00000617 0E 00            [ 7] 1240 	ld	c, #0x00
    00000619                       1241 00105$:
                                   1242 ;src/titles.c:546: if ((u8)mode == g_game_mode)
    00000619 3Ar00r00         [13] 1243 	ld	a, (_g_game_mode+0)
    0000061C 91               [ 4] 1244 	sub	a, c
    0000061D C8               [11] 1245 	ret	Z
                                   1246 ;src/titles.c:547: return;
                                   1247 ;src/titles.c:549: g_game_mode = (u8)mode;
    0000061E 21r00r00         [10] 1248 	ld	hl, #_g_game_mode
    00000621 71               [ 7] 1249 	ld	(hl), c
                                   1250 ;src/titles.c:552: cpct_waitVSYNC();
    00000622 CDr00r00         [17] 1251 	call	_cpct_waitVSYNC
                                   1252 ;src/titles.c:553: t_load_game_mode_word();
    00000625 CDr9Fr05         [17] 1253 	call	_t_load_game_mode_word
                                   1254 ;src/titles.c:554: cpct_waitVSYNC();
    00000628 CDr00r00         [17] 1255 	call	_cpct_waitVSYNC
                                   1256 ;src/titles.c:555: t_draw_game_mode();
    0000062B CDrBAr01         [17] 1257 	call	_t_draw_game_mode
                                   1258 ;src/titles.c:556: cpct_waitVSYNC();
    0000062E CDr00r00         [17] 1259 	call	_cpct_waitVSYNC
                                   1260 ;src/titles.c:559: cpct_asicSetBorder(cpctm_asicColor(15, g_game_mode, g_game_mode));
    00000631 3Ar00r00         [13] 1261 	ld	a, (_g_game_mode)
    00000634 E6 0F            [ 7] 1262 	and	a, #0x0f
    00000636 67               [ 4] 1263 	ld	h, a
    00000637 2E F0            [ 7] 1264 	ld	l, #0xf0
    00000639 B5               [ 4] 1265 	or	a, l
    0000063A 6F               [ 4] 1266 	ld	l, a
    0000063B CDr00r00         [17] 1267 	call	_cpct_asicSetBorder
                                   1268 ;src/titles.c:560: cpct_asicSetBorder(cpctm_asicColor(15, 15, 15));
    0000063E 21 FF 0F         [10] 1269 	ld	hl, #0x0fff
                                   1270 ;src/titles.c:561: }
    00000641 C3r00r00         [10] 1271 	jp	_cpct_asicSetBorder
                                   1272 ;src/titles.c:563: static title_input_t t_poll_title_input(void) {
                                   1273 ;	---------------------------------
                                   1274 ; Function t_poll_title_input
                                   1275 ; ---------------------------------
    00000644                       1276 _t_poll_title_input:
                                   1277 ;src/titles.c:568: bool left_down = cpct_isKeyPressed(Key_CursorLeft);
    00000644 21 01 01         [10] 1278 	ld	hl, #0x0101
    00000647 CDr00r00         [17] 1279 	call	_cpct_isKeyPressed
    0000064A AF               [ 4] 1280 	xor	a, a
    0000064B BD               [ 4] 1281 	cp	a, l
    0000064C 17               [ 4] 1282 	rla
    0000064D 5F               [ 4] 1283 	ld	e, a
                                   1284 ;src/titles.c:569: bool right_down = cpct_isKeyPressed(Key_CursorRight);
    0000064E D5               [11] 1285 	push	de
    0000064F 21 00 02         [10] 1286 	ld	hl, #0x0200
    00000652 CDr00r00         [17] 1287 	call	_cpct_isKeyPressed
    00000655 D1               [10] 1288 	pop	de
    00000656 AF               [ 4] 1289 	xor	a, a
    00000657 BD               [ 4] 1290 	cp	a, l
    00000658 17               [ 4] 1291 	rla
    00000659 47               [ 4] 1292 	ld	b, a
                                   1293 ;src/titles.c:571: title_input_t result = TITLE_INPUT_NONE;
    0000065A 0E 00            [ 7] 1294 	ld	c, #0x00
                                   1295 ;src/titles.c:573: if (left_down && !left_was_down)
    0000065C CB 43            [ 8] 1296 	bit	0, e
    0000065E 28 0B            [12] 1297 	jr	Z, 00105$
    00000660 21r09r00         [10] 1298 	ld	hl, #_t_poll_title_input_left_was_down_10000_356
    00000663 CB 46            [12] 1299 	bit	0, (hl)
    00000665 20 04            [12] 1300 	jr	NZ, 00105$
                                   1301 ;src/titles.c:574: result = TITLE_INPUT_LEFT;
    00000667 0E FF            [ 7] 1302 	ld	c, #0xff
    00000669 18 0D            [12] 1303 	jr	00106$
    0000066B                       1304 00105$:
                                   1305 ;src/titles.c:575: else if (right_down && !right_was_down)
    0000066B CB 40            [ 8] 1306 	bit	0, b
    0000066D 28 09            [12] 1307 	jr	Z, 00106$
    0000066F 21r0Ar00         [10] 1308 	ld	hl, #_t_poll_title_input_right_was_down_10000_356
    00000672 CB 46            [12] 1309 	bit	0, (hl)
    00000674 20 02            [12] 1310 	jr	NZ, 00106$
                                   1311 ;src/titles.c:576: result = TITLE_INPUT_RIGHT;
    00000676 0E 01            [ 7] 1312 	ld	c, #0x01
    00000678                       1313 00106$:
                                   1314 ;src/titles.c:578: left_was_down = left_down;
    00000678 21r09r00         [10] 1315 	ld	hl, #_t_poll_title_input_left_was_down_10000_356
    0000067B 73               [ 7] 1316 	ld	(hl), e
                                   1317 ;src/titles.c:579: right_was_down = right_down;
    0000067C 21r0Ar00         [10] 1318 	ld	hl, #_t_poll_title_input_right_was_down_10000_356
    0000067F 70               [ 7] 1319 	ld	(hl), b
                                   1320 ;src/titles.c:581: return result;
    00000680 79               [ 4] 1321 	ld	a, c
                                   1322 ;src/titles.c:582: }
    00000681 C9               [10] 1323 	ret
                                   1324 ;src/titles.c:584: static void t_start_roland_scroll(bool right, u8 y, i8 speed) {
                                   1325 ;	---------------------------------
                                   1326 ; Function t_start_roland_scroll
                                   1327 ; ---------------------------------
    00000682                       1328 _t_start_roland_scroll:
    00000682 4F               [ 4] 1329 	ld	c, a
    00000683 7D               [ 4] 1330 	ld	a, l
    00000684 32r07r00         [13] 1331 	ld	(#_t_roland_y), a
                                   1332 ;src/titles.c:586: t_roland_right = right;
    00000687 21r08r00         [10] 1333 	ld	hl, #_t_roland_right
    0000068A 71               [ 7] 1334 	ld	(hl), c
                                   1335 ;src/titles.c:589: if (right) {
    0000068B CB 41            [ 8] 1336 	bit	0, c
    0000068D 28 1B            [12] 1337 	jr	Z, 00102$
                                   1338 ;src/titles.c:590: t_roland_start_x = SCREEN_WIDTH_M2;
    0000068F 21 80 02         [10] 1339 	ld	hl, #0x0280
    00000692 22r02r00         [16] 1340 	ld	(_t_roland_start_x), hl
                                   1341 ;src/titles.c:591: t_roland_end_x = -SPRITE_WIDTH_ZOOM;
    00000695 21 00 FF         [10] 1342 	ld	hl, #0xff00
    00000698 22r04r00         [16] 1343 	ld	(_t_roland_end_x), hl
                                   1344 ;src/titles.c:592: t_roland_step = -speed;
    0000069B 21 02 00         [10] 1345 	ld	hl, #2
    0000069E 39               [11] 1346 	add	hl, sp
    0000069F FD 21r06r00      [14] 1347 	ld	iy, #_t_roland_step
    000006A3 AF               [ 4] 1348 	xor	a, a
    000006A4 96               [ 7] 1349 	sub	a, (hl)
    000006A5 FD 77 00         [19] 1350 	ld	0 (iy), a
    000006A8 18 14            [12] 1351 	jr	00103$
    000006AA                       1352 00102$:
                                   1353 ;src/titles.c:594: t_roland_start_x = -SPRITE_WIDTH_ZOOM;
    000006AA 21 00 FF         [10] 1354 	ld	hl, #0xff00
    000006AD 22r02r00         [16] 1355 	ld	(_t_roland_start_x), hl
                                   1356 ;src/titles.c:595: t_roland_end_x = SCREEN_WIDTH_M2;
    000006B0 21 80 02         [10] 1357 	ld	hl, #0x0280
    000006B3 22r04r00         [16] 1358 	ld	(_t_roland_end_x), hl
                                   1359 ;src/titles.c:596: t_roland_step = speed;
    000006B6 21 02 00         [10] 1360 	ld	hl, #2
    000006B9 39               [11] 1361 	add	hl, sp
    000006BA 7E               [ 7] 1362 	ld	a, (hl)
    000006BB 32r06r00         [13] 1363 	ld	(_t_roland_step+0), a
    000006BE                       1364 00103$:
                                   1365 ;src/titles.c:599: t_roland_x = t_roland_start_x;
    000006BE 2Ar02r00         [16] 1366 	ld	hl, (_t_roland_start_x)
    000006C1 22r00r00         [16] 1367 	ld	(_t_roland_x), hl
                                   1368 ;src/titles.c:600: t_roland_active = true;
    000006C4 21r08r00         [10] 1369 	ld	hl, #_t_roland_active
    000006C7 36 01            [10] 1370 	ld	(hl), #0x01
                                   1371 ;src/titles.c:602: t_load_roland_from_cache(right);
    000006C9 79               [ 4] 1372 	ld	a, c
    000006CA CDrD8r04         [17] 1373 	call	_t_load_roland_from_cache
                                   1374 ;src/titles.c:603: }
    000006CD E1               [10] 1375 	pop	hl
    000006CE 33               [ 6] 1376 	inc	sp
    000006CF E9               [ 4] 1377 	jp	(hl)
                                   1378 ;src/titles.c:605: static void t_update_roland(void) {
                                   1379 ;	---------------------------------
                                   1380 ; Function t_update_roland
                                   1381 ; ---------------------------------
    000006D0                       1382 _t_update_roland:
                                   1383 ;src/titles.c:607: if (!t_roland_active)
    000006D0 21r08r00         [10] 1384 	ld	hl, #_t_roland_active
    000006D3 CB 46            [12] 1385 	bit	0, (hl)
                                   1386 ;src/titles.c:608: return;
    000006D5 C8               [11] 1387 	ret	Z
                                   1388 ;src/titles.c:610: v_set_title_roland_sprite_pos(t_roland_x, t_roland_y, t_roland_right);
    000006D6 3Ar07r00         [13] 1389 	ld	a, (_t_roland_y)
    000006D9 5F               [ 4] 1390 	ld	e, a
    000006DA 16 00            [ 7] 1391 	ld	d, #0x00
    000006DC 3Ar08r00         [13] 1392 	ld	a, (_t_roland_right)
    000006DF F5               [11] 1393 	push	af
    000006E0 33               [ 6] 1394 	inc	sp
    000006E1 2Ar00r00         [16] 1395 	ld	hl, (_t_roland_x)
    000006E4 CDr00r00         [17] 1396 	call	_v_set_title_roland_sprite_pos
                                   1397 ;src/titles.c:612: t_roland_x += t_roland_step;
    000006E7 3Ar06r00         [13] 1398 	ld	a, (_t_roland_step)
    000006EA 4F               [ 4] 1399 	ld	c, a
    000006EB 07               [ 4] 1400 	rlca
    000006EC 9F               [ 4] 1401 	sbc	a, a
    000006ED 5F               [ 4] 1402 	ld	e, a
    000006EE 79               [ 4] 1403 	ld	a, c
    000006EF 21r00r00         [10] 1404 	ld	hl, #_t_roland_x
    000006F2 86               [ 7] 1405 	add	a, (hl)
    000006F3 77               [ 7] 1406 	ld	(hl), a
    000006F4 23               [ 6] 1407 	inc	hl
    000006F5 7B               [ 4] 1408 	ld	a, e
    000006F6 8E               [ 7] 1409 	adc	a, (hl)
    000006F7 77               [ 7] 1410 	ld	(hl), a
                                   1411 ;src/titles.c:614: if ((t_roland_step > 0 && t_roland_x > t_roland_end_x) ||
    000006F8 AF               [ 4] 1412 	xor	a, a
    000006F9 21r06r00         [10] 1413 	ld	hl, #_t_roland_step
    000006FC 96               [ 7] 1414 	sub	a, (hl)
    000006FD E2r02r07         [10] 1415 	jp	PO, 00140$
    00000700 EE 80            [ 7] 1416 	xor	a, #0x80
    00000702                       1417 00140$:
    00000702 07               [ 4] 1418 	rlca
    00000703 E6 01            [ 7] 1419 	and	a,#0x01
    00000705 4F               [ 4] 1420 	ld	c, a
    00000706 B7               [ 4] 1421 	or	a, a
    00000707 28 18            [12] 1422 	jr	Z, 00107$
    00000709 21r04r00         [10] 1423 	ld	hl, #_t_roland_end_x
    0000070C 7E               [ 7] 1424 	ld	a, (hl)
    0000070D FD 21r00r00      [14] 1425 	ld	iy, #_t_roland_x
    00000711 FD 96 00         [19] 1426 	sub	a, 0 (iy)
    00000714 23               [ 6] 1427 	inc	hl
    00000715 7E               [ 7] 1428 	ld	a, (hl)
    00000716 FD 9E 01         [19] 1429 	sbc	a, 1 (iy)
    00000719 E2r1Er07         [10] 1430 	jp	PO, 00141$
    0000071C EE 80            [ 7] 1431 	xor	a, #0x80
    0000071E                       1432 00141$:
    0000071E FAr39r07         [10] 1433 	jp	M, 00103$
    00000721                       1434 00107$:
                                   1435 ;src/titles.c:615: (t_roland_step < 0 && t_roland_x < t_roland_end_x)) {
    00000721 3Ar06r00         [13] 1436 	ld	a, (_t_roland_step+0)
    00000724 CB 7F            [ 8] 1437 	bit	7, a
    00000726 C8               [11] 1438 	ret	Z
    00000727 21r04r00         [10] 1439 	ld	hl, #_t_roland_end_x
    0000072A 3Ar00r00         [13] 1440 	ld	a, (_t_roland_x+0)
    0000072D 96               [ 7] 1441 	sub	a, (hl)
    0000072E 23               [ 6] 1442 	inc	hl
    0000072F 3Ar01r00         [13] 1443 	ld	a, (_t_roland_x+1)
    00000732 9E               [ 7] 1444 	sbc	a, (hl)
    00000733 E2r38r07         [10] 1445 	jp	PO, 00142$
    00000736 EE 80            [ 7] 1446 	xor	a, #0x80
    00000738                       1447 00142$:
    00000738 F0               [11] 1448 	ret	P
    00000739                       1449 00103$:
                                   1450 ;src/titles.c:617: t_roland_active = false;
    00000739 AF               [ 4] 1451 	xor	a, a
    0000073A 32r08r00         [13] 1452 	ld	(_t_roland_active+0), a
                                   1453 ;src/titles.c:621: (t_roland_step > 0) ? t_roland_step : -t_roland_step);
    0000073D 79               [ 4] 1454 	ld	a, c
    0000073E B7               [ 4] 1455 	or	a, a
    0000073F 28 06            [12] 1456 	jr	Z, 00110$
    00000741 3Ar06r00         [13] 1457 	ld	a, (_t_roland_step)
    00000744 47               [ 4] 1458 	ld	b, a
    00000745 18 06            [12] 1459 	jr	00111$
    00000747                       1460 00110$:
    00000747 21r06r00         [10] 1461 	ld	hl, #_t_roland_step
    0000074A AF               [ 4] 1462 	xor	a, a
    0000074B 96               [ 7] 1463 	sub	a, (hl)
    0000074C 47               [ 4] 1464 	ld	b, a
    0000074D                       1465 00111$:
                                   1466 ;src/titles.c:620: t_start_roland_scroll(!t_roland_right, t_roland_y,
    0000074D 3Ar08r00         [13] 1467 	ld	a, (_t_roland_right+0)
    00000750 EE 01            [ 7] 1468 	xor	a, #0x01
    00000752 4F               [ 4] 1469 	ld	c, a
    00000753 C5               [11] 1470 	push	bc
    00000754 33               [ 6] 1471 	inc	sp
    00000755 3Ar07r00         [13] 1472 	ld	a, (_t_roland_y)
    00000758 6F               [ 4] 1473 	ld	l, a
    00000759 79               [ 4] 1474 	ld	a, c
    0000075A CDr82r06         [17] 1475 	call	_t_start_roland_scroll
                                   1476 ;src/titles.c:623: }
    0000075D C9               [10] 1477 	ret
                                   1478 	.area _CODE
                                   1479 	.area _INITIALIZER
    00000000                       1480 __xinit__g_game_mode:
    00000000 00                    1481 	.db #0x00	; 0
    00000001                       1482 __xinit__t_int_idx:
    00000001 00                    1483 	.db #0x00	; 0
    00000002                       1484 __xinit__t_frame_c:
    00000002 00                    1485 	.db #0x00	; 0
    00000003                       1486 __xinit__text_phase:
    00000003 00                    1487 	.db #0x00	; 0
    00000004                       1488 __xinit__text_tick:
    00000004 00                    1489 	.db #0x00	; 0
    00000005                       1490 __xinit__slopes_phase:
    00000005 00                    1491 	.db #0x00	; 0
    00000006                       1492 __xinit__slopes_dir:
    00000006 01                    1493 	.db #0x01	;  1
    00000007                       1494 __xinit__slopes_tick:
    00000007 00                    1495 	.db #0x00	; 0
    00000008                       1496 __xinit__t_roland_right:
    00000008 00                    1497 	.db #0x00	;  0
    00000009                       1498 __xinit__t_mode_cooldown:
    00000009 00                    1499 	.db #0x00	; 0
                                   1500 	.area _CABS (ABS)
